[0.023s] Invoking command in '/home/algam/industrial_arm_ws/build/industrial_arm_description': CMAKE_PREFIX_PATH=${CMAKE_PREFIX_PATH}:/opt/ros/jazzy DEBUGINFOD_URLS=https://debuginfod.ubuntu.com /usr/bin/cmake --build /home/algam/industrial_arm_ws/build/industrial_arm_description -- -j4 -l4
[0.302s] Invoked command in '/home/algam/industrial_arm_ws/build/industrial_arm_description' returned '0': CMAKE_PREFIX_PATH=${CMAKE_PREFIX_PATH}:/opt/ros/jazzy DEBUGINFOD_URLS=https://debuginfod.ubuntu.com /usr/bin/cmake --build /home/algam/industrial_arm_ws/build/industrial_arm_description -- -j4 -l4
[0.304s] Invoking command in '/home/algam/industrial_arm_ws/build/industrial_arm_description': CMAKE_PREFIX_PATH=${CMAKE_PREFIX_PATH}:/opt/ros/jazzy DEBUGINFOD_URLS=https://debuginfod.ubuntu.com /usr/bin/cmake --install /home/algam/industrial_arm_ws/build/industrial_arm_description
[0.348s] -- Install configuration: ""
[0.348s] -- Up-to-date: /home/algam/industrial_arm_ws/install/industrial_arm_description/share/industrial_arm_description/launch
[0.348s] -- Up-to-date: /home/algam/industrial_arm_ws/install/industrial_arm_description/share/industrial_arm_description/launch/display.launch.py
[0.348s] -- Up-to-date: /home/algam/industrial_arm_ws/install/industrial_arm_description/share/industrial_arm_description/rviz
[0.348s] -- Up-to-date: /home/algam/industrial_arm_ws/install/industrial_arm_description/share/industrial_arm_description/rviz/view_robot.rviz
[0.349s] -- Up-to-date: /home/algam/industrial_arm_ws/install/industrial_arm_description/share/industrial_arm_description/urdf
[0.349s] -- Up-to-date: /home/algam/industrial_arm_ws/install/industrial_arm_description/share/industrial_arm_description/urdf/transmissions.xacro
[0.349s] -- Up-to-date: /home/algam/industrial_arm_ws/install/industrial_arm_description/share/industrial_arm_description/urdf/macros.xacro
[0.349s] -- Up-to-date: /home/algam/industrial_arm_ws/install/industrial_arm_description/share/industrial_arm_description/urdf/materials.xacro
[0.349s] -- Up-to-date: /home/algam/industrial_arm_ws/install/industrial_arm_description/share/industrial_arm_description/urdf/industrial_arm.xacro
[0.349s] -- Up-to-date: /home/algam/industrial_arm_ws/install/industrial_arm_description/share/ament_index/resource_index/package_run_dependencies/industrial_arm_description
[0.349s] -- Up-to-date: /home/algam/industrial_arm_ws/install/industrial_arm_description/share/ament_index/resource_index/parent_prefix_path/industrial_arm_description
[0.349s] -- Up-to-date: /home/algam/industrial_arm_ws/install/industrial_arm_description/share/industrial_arm_description/environment/ament_prefix_path.sh
[0.349s] -- Up-to-date: /home/algam/industrial_arm_ws/install/industrial_arm_description/share/industrial_arm_description/environment/ament_prefix_path.dsv
[0.349s] -- Up-to-date: /home/algam/industrial_arm_ws/install/industrial_arm_description/share/industrial_arm_description/environment/path.sh
[0.349s] -- Up-to-date: /home/algam/industrial_arm_ws/install/industrial_arm_description/share/industrial_arm_description/environment/path.dsv
[0.349s] -- Up-to-date: /home/algam/industrial_arm_ws/install/industrial_arm_description/share/industrial_arm_description/local_setup.bash
[0.350s] -- Up-to-date: /home/algam/industrial_arm_ws/install/industrial_arm_description/share/industrial_arm_description/local_setup.sh
[0.350s] -- Up-to-date: /home/algam/industrial_arm_ws/install/industrial_arm_description/share/industrial_arm_description/local_setup.zsh
[0.350s] -- Up-to-date: /home/algam/industrial_arm_ws/install/industrial_arm_description/share/industrial_arm_description/local_setup.dsv
[0.350s] -- Installing: /home/algam/industrial_arm_ws/install/industrial_arm_description/share/industrial_arm_description/package.dsv
[0.350s] -- Up-to-date: /home/algam/industrial_arm_ws/install/industrial_arm_description/share/ament_index/resource_index/packages/industrial_arm_description
[0.350s] -- Up-to-date: /home/algam/industrial_arm_ws/install/industrial_arm_description/share/industrial_arm_description/cmake/industrial_arm_descriptionConfig.cmake
[0.350s] -- Up-to-date: /home/algam/industrial_arm_ws/install/industrial_arm_description/share/industrial_arm_description/cmake/industrial_arm_descriptionConfig-version.cmake
[0.350s] -- Up-to-date: /home/algam/industrial_arm_ws/install/industrial_arm_description/share/industrial_arm_description/package.xml
[0.387s] Invoked command in '/home/algam/industrial_arm_ws/build/industrial_arm_description' returned '0': CMAKE_PREFIX_PATH=${CMAKE_PREFIX_PATH}:/opt/ros/jazzy DEBUGINFOD_URLS=https://debuginfod.ubuntu.com /usr/bin/cmake --install /home/algam/industrial_arm_ws/build/industrial_arm_description
