[0.048s] Invoking command in '/home/algam/industrial_arm_ws/build/my_robot_moveit_config': CMAKE_PREFIX_PATH=${CMAKE_PREFIX_PATH}:/opt/ros/jazzy DEBUGINFOD_URLS=https://debuginfod.ubuntu.com /usr/bin/cmake /home/algam/industrial_arm_ws/src/my_robot_moveit_config -DCMAKE_INSTALL_PREFIX=/home/algam/industrial_arm_ws/install/my_robot_moveit_config
[0.476s] -- The C compiler identification is GNU 13.3.0
[0.775s] -- The CXX compiler identification is GNU 13.3.0
[0.875s] -- Detecting C compiler ABI info
[1.351s] -- Detecting C compiler ABI info - done
[1.362s] -- Check for working C compiler: /usr/bin/cc - skipped
[1.368s] -- Detecting C compile features
[1.369s] -- Detecting C compile features - done
[1.411s] -- Detecting CXX compiler ABI info
[1.915s] -- Detecting CXX compiler ABI info - done
[1.928s] -- Check for working CXX compiler: /usr/bin/c++ - skipped
[1.929s] -- Detecting CXX compile features
[1.929s] -- Detecting CXX compile features - done
[1.946s] -- Found ament_cmake: 2.5.4 (/opt/ros/jazzy/share/ament_cmake/cmake)
[2.383s] -- Found Python3: /usr/bin/python3 (found version "3.12.3") found components: Interpreter 
[2.652s] -- Found ament_lint_auto: 0.17.3 (/opt/ros/jazzy/share/ament_lint_auto/cmake)
[2.860s] -- Added test 'lint_cmake' to check CMake code style
[2.864s] -- Added test 'xmllint' to check XML markup files
[2.867s] -- Configuring done (2.7s)
[2.871s] -- Generating done (0.0s)
[2.875s] -- Build files have been written to: /home/algam/industrial_arm_ws/build/my_robot_moveit_config
[2.915s] Invoked command in '/home/algam/industrial_arm_ws/build/my_robot_moveit_config' returned '0': CMAKE_PREFIX_PATH=${CMAKE_PREFIX_PATH}:/opt/ros/jazzy DEBUGINFOD_URLS=https://debuginfod.ubuntu.com /usr/bin/cmake /home/algam/industrial_arm_ws/src/my_robot_moveit_config -DCMAKE_INSTALL_PREFIX=/home/algam/industrial_arm_ws/install/my_robot_moveit_config
[2.917s] Invoking command in '/home/algam/industrial_arm_ws/build/my_robot_moveit_config': CMAKE_PREFIX_PATH=${CMAKE_PREFIX_PATH}:/opt/ros/jazzy DEBUGINFOD_URLS=https://debuginfod.ubuntu.com /usr/bin/cmake --build /home/algam/industrial_arm_ws/build/my_robot_moveit_config -- -j4 -l4
[3.248s] Invoked command in '/home/algam/industrial_arm_ws/build/my_robot_moveit_config' returned '0': CMAKE_PREFIX_PATH=${CMAKE_PREFIX_PATH}:/opt/ros/jazzy DEBUGINFOD_URLS=https://debuginfod.ubuntu.com /usr/bin/cmake --build /home/algam/industrial_arm_ws/build/my_robot_moveit_config -- -j4 -l4
[3.251s] Invoking command in '/home/algam/industrial_arm_ws/build/my_robot_moveit_config': CMAKE_PREFIX_PATH=${CMAKE_PREFIX_PATH}:/opt/ros/jazzy DEBUGINFOD_URLS=https://debuginfod.ubuntu.com /usr/bin/cmake --install /home/algam/industrial_arm_ws/build/my_robot_moveit_config
[3.298s] -- Install configuration: ""
[3.298s] -- Installing: /home/algam/industrial_arm_ws/install/my_robot_moveit_config/share/ament_index/resource_index/package_run_dependencies/my_robot_moveit_config
[3.303s] -- Installing: /home/algam/industrial_arm_ws/install/my_robot_moveit_config/share/ament_index/resource_index/parent_prefix_path/my_robot_moveit_config
[3.303s] -- Installing: /home/algam/industrial_arm_ws/install/my_robot_moveit_config/share/my_robot_moveit_config/environment/ament_prefix_path.sh
[3.304s] -- Installing: /home/algam/industrial_arm_ws/install/my_robot_moveit_config/share/my_robot_moveit_config/environment/ament_prefix_path.dsv
[3.304s] -- Installing: /home/algam/industrial_arm_ws/install/my_robot_moveit_config/share/my_robot_moveit_config/environment/path.sh
[3.312s] -- Installing: /home/algam/industrial_arm_ws/install/my_robot_moveit_config/share/my_robot_moveit_config/environment/path.dsv
[3.313s] -- Installing: /home/algam/industrial_arm_ws/install/my_robot_moveit_config/share/my_robot_moveit_config/local_setup.bash
[3.313s] -- Installing: /home/algam/industrial_arm_ws/install/my_robot_moveit_config/share/my_robot_moveit_config/local_setup.sh
[3.313s] -- Installing: /home/algam/industrial_arm_ws/install/my_robot_moveit_config/share/my_robot_moveit_config/local_setup.zsh
[3.313s] -- Installing: /home/algam/industrial_arm_ws/install/my_robot_moveit_config/share/my_robot_moveit_config/local_setup.dsv
[3.313s] -- Installing: /home/algam/industrial_arm_ws/install/my_robot_moveit_config/share/my_robot_moveit_config/package.dsv
[3.313s] -- Installing: /home/algam/industrial_arm_ws/install/my_robot_moveit_config/share/ament_index/resource_index/packages/my_robot_moveit_config
[3.313s] -- Installing: /home/algam/industrial_arm_ws/install/my_robot_moveit_config/share/my_robot_moveit_config/cmake/my_robot_moveit_configConfig.cmake
[3.313s] -- Installing: /home/algam/industrial_arm_ws/install/my_robot_moveit_config/share/my_robot_moveit_config/cmake/my_robot_moveit_configConfig-version.cmake
[3.314s] -- Installing: /home/algam/industrial_arm_ws/install/my_robot_moveit_config/share/my_robot_moveit_config/package.xml
[3.331s] Invoked command in '/home/algam/industrial_arm_ws/build/my_robot_moveit_config' returned '0': CMAKE_PREFIX_PATH=${CMAKE_PREFIX_PATH}:/opt/ros/jazzy DEBUGINFOD_URLS=https://debuginfod.ubuntu.com /usr/bin/cmake --install /home/algam/industrial_arm_ws/build/my_robot_moveit_config
