[0.041s] Invoking command in '/home/algam/industrial_arm_ws/build/my_robot_bringup': CMAKE_PREFIX_PATH=${CMAKE_PREFIX_PATH}:/opt/ros/jazzy DEBUGINFOD_URLS=https://debuginfod.ubuntu.com /usr/bin/cmake --build /home/algam/industrial_arm_ws/build/my_robot_bringup -- -j4 -l4
[0.462s] Invoked command in '/home/algam/industrial_arm_ws/build/my_robot_bringup' returned '0': CMAKE_PREFIX_PATH=${CMAKE_PREFIX_PATH}:/opt/ros/jazzy DEBUGINFOD_URLS=https://debuginfod.ubuntu.com /usr/bin/cmake --build /home/algam/industrial_arm_ws/build/my_robot_bringup -- -j4 -l4
[0.464s] Invoking command in '/home/algam/industrial_arm_ws/build/my_robot_bringup': CMAKE_PREFIX_PATH=${CMAKE_PREFIX_PATH}:/opt/ros/jazzy DEBUGINFOD_URLS=https://debuginfod.ubuntu.com /usr/bin/cmake --install /home/algam/industrial_arm_ws/build/my_robot_bringup
[0.539s] -- Install configuration: ""
[0.539s] -- Up-to-date: /home/algam/industrial_arm_ws/install/my_robot_bringup/share/ament_index/resource_index/package_run_dependencies/my_robot_bringup
[0.563s] -- Up-to-date: /home/algam/industrial_arm_ws/install/my_robot_bringup/share/ament_index/resource_index/parent_prefix_path/my_robot_bringup
[0.563s] -- Up-to-date: /home/algam/industrial_arm_ws/install/my_robot_bringup/share/my_robot_bringup/environment/ament_prefix_path.sh
[0.563s] -- Up-to-date: /home/algam/industrial_arm_ws/install/my_robot_bringup/share/my_robot_bringup/environment/ament_prefix_path.dsv
[0.564s] -- Up-to-date: /home/algam/industrial_arm_ws/install/my_robot_bringup/share/my_robot_bringup/environment/path.sh
[0.564s] -- Up-to-date: /home/algam/industrial_arm_ws/install/my_robot_bringup/share/my_robot_bringup/environment/path.dsv
[0.564s] -- Up-to-date: /home/algam/industrial_arm_ws/install/my_robot_bringup/share/my_robot_bringup/local_setup.bash
[0.565s] -- Up-to-date: /home/algam/industrial_arm_ws/install/my_robot_bringup/share/my_robot_bringup/local_setup.sh
[0.566s] -- Up-to-date: /home/algam/industrial_arm_ws/install/my_robot_bringup/share/my_robot_bringup/local_setup.zsh
[0.566s] -- Up-to-date: /home/algam/industrial_arm_ws/install/my_robot_bringup/share/my_robot_bringup/local_setup.dsv
[0.566s] -- Installing: /home/algam/industrial_arm_ws/install/my_robot_bringup/share/my_robot_bringup/package.dsv
[0.566s] -- Up-to-date: /home/algam/industrial_arm_ws/install/my_robot_bringup/share/ament_index/resource_index/packages/my_robot_bringup
[0.566s] -- Up-to-date: /home/algam/industrial_arm_ws/install/my_robot_bringup/share/my_robot_bringup/cmake/my_robot_bringupConfig.cmake
[0.566s] -- Up-to-date: /home/algam/industrial_arm_ws/install/my_robot_bringup/share/my_robot_bringup/cmake/my_robot_bringupConfig-version.cmake
[0.566s] -- Up-to-date: /home/algam/industrial_arm_ws/install/my_robot_bringup/share/my_robot_bringup/package.xml
[0.568s] Invoked command in '/home/algam/industrial_arm_ws/build/my_robot_bringup' returned '0': CMAKE_PREFIX_PATH=${CMAKE_PREFIX_PATH}:/opt/ros/jazzy DEBUGINFOD_URLS=https://debuginfod.ubuntu.com /usr/bin/cmake --install /home/algam/industrial_arm_ws/build/my_robot_bringup
