[0.123s] DEBUG:colcon:Command line arguments: ['/usr/bin/colcon', 'build']
[0.123s] DEBUG:colcon:Parsed command line arguments: Namespace(log_base=None, log_level=None, verb_name='build', build_base='build', install_base='install', merge_install=False, symlink_install=False, test_result_base=None, continue_on_error=False, executor='parallel', parallel_workers=4, event_handlers=None, ignore_user_meta=False, metas=['./colcon.meta'], base_paths=['.'], packages_ignore=None, packages_ignore_regex=None, paths=None, packages_up_to=None, packages_up_to_regex=None, packages_above=None, packages_above_and_dependencies=None, packages_above_depth=None, packages_select_by_dep=None, packages_skip_by_dep=None, packages_skip_up_to=None, packages_select_build_failed=False, packages_skip_build_finished=False, packages_select_test_failures=False, packages_skip_test_passed=False, packages_select=None, packages_skip=None, packages_select_regex=None, packages_skip_regex=None, packages_start=None, packages_end=None, allow_overriding=[], cmake_args=None, cmake_target=None, cmake_target_skip_unavailable=False, cmake_clean_cache=False, cmake_clean_first=False, cmake_force_configure=False, ament_cmake_args=None, catkin_cmake_args=None, catkin_skip_building_tests=False, mixin_files=None, mixin=None, verb_parser=<colcon_mixin.mixin.mixin_argument.MixinArgumentDecorator object at 0x7d66c9c94fe0>, verb_extension=<colcon_core.verb.build.BuildVerb object at 0x7d66c9c94e00>, main=<bound method BuildVerb.main of <colcon_core.verb.build.BuildVerb object at 0x7d66c9c94e00>>, mixin_verb=('build',))
[0.174s] Level 1:colcon.colcon_core.package_discovery:discover_packages(colcon_meta) check parameters
[0.174s] Level 1:colcon.colcon_core.package_discovery:discover_packages(recursive) check parameters
[0.174s] Level 1:colcon.colcon_core.package_discovery:discover_packages(ignore) check parameters
[0.174s] Level 1:colcon.colcon_core.package_discovery:discover_packages(path) check parameters
[0.174s] Level 1:colcon.colcon_core.package_discovery:discover_packages(colcon_meta) discover
[0.174s] Level 1:colcon.colcon_core.package_discovery:discover_packages(recursive) discover
[0.174s] INFO:colcon.colcon_core.package_discovery:Crawling recursively for packages in '/home/algam/industrial_arm_ws'
[0.174s] Level 1:colcon.colcon_core.package_identification:_identify(.) by extensions ['ignore', 'ignore_ament_install']
[0.174s] Level 1:colcon.colcon_core.package_identification:_identify(.) by extension 'ignore'
[0.174s] Level 1:colcon.colcon_core.package_identification:_identify(.) by extension 'ignore_ament_install'
[0.174s] Level 1:colcon.colcon_core.package_identification:_identify(.) by extensions ['colcon_pkg']
[0.174s] Level 1:colcon.colcon_core.package_identification:_identify(.) by extension 'colcon_pkg'
[0.174s] Level 1:colcon.colcon_core.package_identification:_identify(.) by extensions ['colcon_meta']
[0.174s] Level 1:colcon.colcon_core.package_identification:_identify(.) by extension 'colcon_meta'
[0.174s] Level 1:colcon.colcon_core.package_identification:_identify(.) by extensions ['ros']
[0.174s] Level 1:colcon.colcon_core.package_identification:_identify(.) by extension 'ros'
[0.204s] Level 1:colcon.colcon_core.package_identification:_identify(.) by extensions ['cmake', 'python']
[0.204s] Level 1:colcon.colcon_core.package_identification:_identify(.) by extension 'cmake'
[0.204s] Level 1:colcon.colcon_core.package_identification:_identify(.) by extension 'python'
[0.204s] Level 1:colcon.colcon_core.package_identification:_identify(.) by extensions ['python_setup_py']
[0.204s] Level 1:colcon.colcon_core.package_identification:_identify(.) by extension 'python_setup_py'
[0.205s] Level 1:colcon.colcon_core.package_identification:_identify(build) by extensions ['ignore', 'ignore_ament_install']
[0.205s] Level 1:colcon.colcon_core.package_identification:_identify(build) by extension 'ignore'
[0.205s] Level 1:colcon.colcon_core.package_identification:_identify(build) ignored
[0.205s] Level 1:colcon.colcon_core.package_identification:_identify(install) by extensions ['ignore', 'ignore_ament_install']
[0.205s] Level 1:colcon.colcon_core.package_identification:_identify(install) by extension 'ignore'
[0.205s] Level 1:colcon.colcon_core.package_identification:_identify(install) ignored
[0.205s] Level 1:colcon.colcon_core.package_identification:_identify(log) by extensions ['ignore', 'ignore_ament_install']
[0.205s] Level 1:colcon.colcon_core.package_identification:_identify(log) by extension 'ignore'
[0.205s] Level 1:colcon.colcon_core.package_identification:_identify(log) ignored
[0.205s] Level 1:colcon.colcon_core.package_identification:_identify(src) by extensions ['ignore', 'ignore_ament_install']
[0.205s] Level 1:colcon.colcon_core.package_identification:_identify(src) by extension 'ignore'
[0.205s] Level 1:colcon.colcon_core.package_identification:_identify(src) by extension 'ignore_ament_install'
[0.205s] Level 1:colcon.colcon_core.package_identification:_identify(src) by extensions ['colcon_pkg']
[0.205s] Level 1:colcon.colcon_core.package_identification:_identify(src) by extension 'colcon_pkg'
[0.205s] Level 1:colcon.colcon_core.package_identification:_identify(src) by extensions ['colcon_meta']
[0.205s] Level 1:colcon.colcon_core.package_identification:_identify(src) by extension 'colcon_meta'
[0.205s] Level 1:colcon.colcon_core.package_identification:_identify(src) by extensions ['ros']
[0.205s] Level 1:colcon.colcon_core.package_identification:_identify(src) by extension 'ros'
[0.205s] Level 1:colcon.colcon_core.package_identification:_identify(src) by extensions ['cmake', 'python']
[0.205s] Level 1:colcon.colcon_core.package_identification:_identify(src) by extension 'cmake'
[0.205s] Level 1:colcon.colcon_core.package_identification:_identify(src) by extension 'python'
[0.206s] Level 1:colcon.colcon_core.package_identification:_identify(src) by extensions ['python_setup_py']
[0.206s] Level 1:colcon.colcon_core.package_identification:_identify(src) by extension 'python_setup_py'
[0.206s] Level 1:colcon.colcon_core.package_identification:_identify(src/industrial_arm_description) by extensions ['ignore', 'ignore_ament_install']
[0.206s] Level 1:colcon.colcon_core.package_identification:_identify(src/industrial_arm_description) by extension 'ignore'
[0.206s] Level 1:colcon.colcon_core.package_identification:_identify(src/industrial_arm_description) by extension 'ignore_ament_install'
[0.206s] Level 1:colcon.colcon_core.package_identification:_identify(src/industrial_arm_description) by extensions ['colcon_pkg']
[0.206s] Level 1:colcon.colcon_core.package_identification:_identify(src/industrial_arm_description) by extension 'colcon_pkg'
[0.206s] Level 1:colcon.colcon_core.package_identification:_identify(src/industrial_arm_description) by extensions ['colcon_meta']
[0.206s] Level 1:colcon.colcon_core.package_identification:_identify(src/industrial_arm_description) by extension 'colcon_meta'
[0.206s] Level 1:colcon.colcon_core.package_identification:_identify(src/industrial_arm_description) by extensions ['ros']
[0.206s] Level 1:colcon.colcon_core.package_identification:_identify(src/industrial_arm_description) by extension 'ros'
[0.208s] DEBUG:colcon.colcon_core.package_identification:Package 'src/industrial_arm_description' with type 'ros.ament_cmake' and name 'industrial_arm_description'
[0.209s] Level 1:colcon.colcon_core.package_identification:_identify(src/industrial_arm_moveit) by extensions ['ignore', 'ignore_ament_install']
[0.209s] Level 1:colcon.colcon_core.package_identification:_identify(src/industrial_arm_moveit) by extension 'ignore'
[0.209s] Level 1:colcon.colcon_core.package_identification:_identify(src/industrial_arm_moveit) by extension 'ignore_ament_install'
[0.209s] Level 1:colcon.colcon_core.package_identification:_identify(src/industrial_arm_moveit) by extensions ['colcon_pkg']
[0.209s] Level 1:colcon.colcon_core.package_identification:_identify(src/industrial_arm_moveit) by extension 'colcon_pkg'
[0.209s] Level 1:colcon.colcon_core.package_identification:_identify(src/industrial_arm_moveit) by extensions ['colcon_meta']
[0.209s] Level 1:colcon.colcon_core.package_identification:_identify(src/industrial_arm_moveit) by extension 'colcon_meta'
[0.209s] Level 1:colcon.colcon_core.package_identification:_identify(src/industrial_arm_moveit) by extensions ['ros']
[0.209s] Level 1:colcon.colcon_core.package_identification:_identify(src/industrial_arm_moveit) by extension 'ros'
[0.210s] DEBUG:colcon.colcon_core.package_identification:Package 'src/industrial_arm_moveit' with type 'ros.ament_cmake' and name 'industrial_arm_moveit'
[0.210s] Level 1:colcon.colcon_core.package_identification:_identify(src/log) by extensions ['ignore', 'ignore_ament_install']
[0.210s] Level 1:colcon.colcon_core.package_identification:_identify(src/log) by extension 'ignore'
[0.210s] Level 1:colcon.colcon_core.package_identification:_identify(src/log) ignored
[0.210s] Level 1:colcon.colcon_core.package_discovery:discover_packages(recursive) using defaults
[0.210s] Level 1:colcon.colcon_core.package_discovery:discover_packages(ignore) discover
[0.210s] Level 1:colcon.colcon_core.package_discovery:discover_packages(ignore) using defaults
[0.210s] Level 1:colcon.colcon_core.package_discovery:discover_packages(path) discover
[0.210s] Level 1:colcon.colcon_core.package_discovery:discover_packages(path) using defaults
[0.231s] Level 1:colcon.colcon_core.package_discovery:discover_packages(prefix_path) check parameters
[0.231s] Level 1:colcon.colcon_core.package_discovery:discover_packages(prefix_path) discover
[0.232s] DEBUG:colcon.colcon_installed_package_information.package_discovery:Found 2 installed packages in /home/algam/industrial_arm_ws/install
[0.234s] DEBUG:colcon.colcon_installed_package_information.package_discovery:Found 504 installed packages in /opt/ros/jazzy
[0.236s] Level 1:colcon.colcon_core.package_discovery:discover_packages(prefix_path) using defaults
[0.296s] Level 5:colcon.colcon_core.verb:set package 'industrial_arm_description' build argument 'cmake_args' from command line to 'None'
[0.296s] Level 5:colcon.colcon_core.verb:set package 'industrial_arm_description' build argument 'cmake_target' from command line to 'None'
[0.296s] Level 5:colcon.colcon_core.verb:set package 'industrial_arm_description' build argument 'cmake_target_skip_unavailable' from command line to 'False'
[0.296s] Level 5:colcon.colcon_core.verb:set package 'industrial_arm_description' build argument 'cmake_clean_cache' from command line to 'False'
[0.296s] Level 5:colcon.colcon_core.verb:set package 'industrial_arm_description' build argument 'cmake_clean_first' from command line to 'False'
[0.296s] Level 5:colcon.colcon_core.verb:set package 'industrial_arm_description' build argument 'cmake_force_configure' from command line to 'False'
[0.296s] Level 5:colcon.colcon_core.verb:set package 'industrial_arm_description' build argument 'ament_cmake_args' from command line to 'None'
[0.296s] Level 5:colcon.colcon_core.verb:set package 'industrial_arm_description' build argument 'catkin_cmake_args' from command line to 'None'
[0.296s] Level 5:colcon.colcon_core.verb:set package 'industrial_arm_description' build argument 'catkin_skip_building_tests' from command line to 'False'
[0.296s] DEBUG:colcon.colcon_core.verb:Building package 'industrial_arm_description' with the following arguments: {'ament_cmake_args': None, 'build_base': '/home/algam/industrial_arm_ws/build/industrial_arm_description', 'catkin_cmake_args': None, 'catkin_skip_building_tests': False, 'cmake_args': None, 'cmake_clean_cache': False, 'cmake_clean_first': False, 'cmake_force_configure': False, 'cmake_target': None, 'cmake_target_skip_unavailable': False, 'install_base': '/home/algam/industrial_arm_ws/install/industrial_arm_description', 'merge_install': False, 'path': '/home/algam/industrial_arm_ws/src/industrial_arm_description', 'symlink_install': False, 'test_result_base': None}
[0.297s] Level 5:colcon.colcon_core.verb:set package 'industrial_arm_moveit' build argument 'cmake_args' from command line to 'None'
[0.297s] Level 5:colcon.colcon_core.verb:set package 'industrial_arm_moveit' build argument 'cmake_target' from command line to 'None'
[0.297s] Level 5:colcon.colcon_core.verb:set package 'industrial_arm_moveit' build argument 'cmake_target_skip_unavailable' from command line to 'False'
[0.297s] Level 5:colcon.colcon_core.verb:set package 'industrial_arm_moveit' build argument 'cmake_clean_cache' from command line to 'False'
[0.297s] Level 5:colcon.colcon_core.verb:set package 'industrial_arm_moveit' build argument 'cmake_clean_first' from command line to 'False'
[0.297s] Level 5:colcon.colcon_core.verb:set package 'industrial_arm_moveit' build argument 'cmake_force_configure' from command line to 'False'
[0.297s] Level 5:colcon.colcon_core.verb:set package 'industrial_arm_moveit' build argument 'ament_cmake_args' from command line to 'None'
[0.297s] Level 5:colcon.colcon_core.verb:set package 'industrial_arm_moveit' build argument 'catkin_cmake_args' from command line to 'None'
[0.297s] Level 5:colcon.colcon_core.verb:set package 'industrial_arm_moveit' build argument 'catkin_skip_building_tests' from command line to 'False'
[0.297s] DEBUG:colcon.colcon_core.verb:Building package 'industrial_arm_moveit' with the following arguments: {'ament_cmake_args': None, 'build_base': '/home/algam/industrial_arm_ws/build/industrial_arm_moveit', 'catkin_cmake_args': None, 'catkin_skip_building_tests': False, 'cmake_args': None, 'cmake_clean_cache': False, 'cmake_clean_first': False, 'cmake_force_configure': False, 'cmake_target': None, 'cmake_target_skip_unavailable': False, 'install_base': '/home/algam/industrial_arm_ws/install/industrial_arm_moveit', 'merge_install': False, 'path': '/home/algam/industrial_arm_ws/src/industrial_arm_moveit', 'symlink_install': False, 'test_result_base': None}
[0.297s] INFO:colcon.colcon_core.executor:Executing jobs using 'parallel' executor
[0.298s] DEBUG:colcon.colcon_parallel_executor.executor.parallel:run_until_complete
[0.298s] INFO:colcon.colcon_ros.task.ament_cmake.build:Building ROS package in '/home/algam/industrial_arm_ws/src/industrial_arm_description' with build type 'ament_cmake'
[0.298s] INFO:colcon.colcon_cmake.task.cmake.build:Building CMake package in '/home/algam/industrial_arm_ws/src/industrial_arm_description'
[0.302s] INFO:colcon.colcon_core.plugin_system:Skipping extension 'colcon_core.shell.bat': Not used on non-Windows systems
[0.302s] INFO:colcon.colcon_core.shell:Skip shell extension 'powershell' for command environment: Not usable outside of PowerShell
[0.302s] DEBUG:colcon.colcon_core.shell:Skip shell extension 'dsv' for command environment
[0.309s] INFO:colcon.colcon_ros.task.ament_cmake.build:Building ROS package in '/home/algam/industrial_arm_ws/src/industrial_arm_moveit' with build type 'ament_cmake'
[0.309s] INFO:colcon.colcon_cmake.task.cmake.build:Building CMake package in '/home/algam/industrial_arm_ws/src/industrial_arm_moveit'
[0.309s] INFO:colcon.colcon_core.shell:Skip shell extension 'powershell' for command environment: Not usable outside of PowerShell
[0.309s] DEBUG:colcon.colcon_core.shell:Skip shell extension 'dsv' for command environment
[0.348s] DEBUG:colcon.colcon_core.event_handler.log_command:Invoking command in '/home/algam/industrial_arm_ws/build/industrial_arm_moveit': CMAKE_PREFIX_PATH=${CMAKE_PREFIX_PATH}:/opt/ros/jazzy DEBUGINFOD_URLS=https://debuginfod.ubuntu.com /usr/bin/cmake --build /home/algam/industrial_arm_ws/build/industrial_arm_moveit -- -j4 -l4
[0.359s] DEBUG:colcon.colcon_core.event_handler.log_command:Invoking command in '/home/algam/industrial_arm_ws/build/industrial_arm_description': CMAKE_PREFIX_PATH=${CMAKE_PREFIX_PATH}:/opt/ros/jazzy DEBUGINFOD_URLS=https://debuginfod.ubuntu.com /usr/bin/cmake --build /home/algam/industrial_arm_ws/build/industrial_arm_description -- -j4 -l4
[0.530s] DEBUG:colcon.colcon_core.event_handler.log_command:Invoked command in '/home/algam/industrial_arm_ws/build/industrial_arm_moveit' returned '0': CMAKE_PREFIX_PATH=${CMAKE_PREFIX_PATH}:/opt/ros/jazzy DEBUGINFOD_URLS=https://debuginfod.ubuntu.com /usr/bin/cmake --build /home/algam/industrial_arm_ws/build/industrial_arm_moveit -- -j4 -l4
[0.555s] DEBUG:colcon.colcon_core.event_handler.log_command:Invoking command in '/home/algam/industrial_arm_ws/build/industrial_arm_moveit': CMAKE_PREFIX_PATH=${CMAKE_PREFIX_PATH}:/opt/ros/jazzy DEBUGINFOD_URLS=https://debuginfod.ubuntu.com /usr/bin/cmake --install /home/algam/industrial_arm_ws/build/industrial_arm_moveit
[0.556s] DEBUG:colcon.colcon_core.event_handler.log_command:Invoked command in '/home/algam/industrial_arm_ws/build/industrial_arm_description' returned '0': CMAKE_PREFIX_PATH=${CMAKE_PREFIX_PATH}:/opt/ros/jazzy DEBUGINFOD_URLS=https://debuginfod.ubuntu.com /usr/bin/cmake --build /home/algam/industrial_arm_ws/build/industrial_arm_description -- -j4 -l4
[0.557s] DEBUG:colcon.colcon_core.event_handler.log_command:Invoking command in '/home/algam/industrial_arm_ws/build/industrial_arm_description': CMAKE_PREFIX_PATH=${CMAKE_PREFIX_PATH}:/opt/ros/jazzy DEBUGINFOD_URLS=https://debuginfod.ubuntu.com /usr/bin/cmake --install /home/algam/industrial_arm_ws/build/industrial_arm_description
[0.595s] Level 1:colcon.colcon_core.environment:create_environment_scripts_only(industrial_arm_moveit)
[0.596s] DEBUG:colcon.colcon_core.event_handler.log_command:Invoked command in '/home/algam/industrial_arm_ws/build/industrial_arm_moveit' returned '0': CMAKE_PREFIX_PATH=${CMAKE_PREFIX_PATH}:/opt/ros/jazzy DEBUGINFOD_URLS=https://debuginfod.ubuntu.com /usr/bin/cmake --install /home/algam/industrial_arm_ws/build/industrial_arm_moveit
[0.597s] Level 1:colcon.colcon_core.environment:checking '/home/algam/industrial_arm_ws/install/industrial_arm_moveit' for CMake module files
[0.598s] Level 1:colcon.colcon_core.environment:checking '/home/algam/industrial_arm_ws/install/industrial_arm_moveit' for CMake config files
[0.598s] Level 1:colcon.colcon_core.shell:create_environment_hook('industrial_arm_moveit', 'cmake_prefix_path')
[0.598s] INFO:colcon.colcon_core.shell:Creating environment hook '/home/algam/industrial_arm_ws/install/industrial_arm_moveit/share/industrial_arm_moveit/hook/cmake_prefix_path.ps1'
[0.599s] INFO:colcon.colcon_core.shell:Creating environment descriptor '/home/algam/industrial_arm_ws/install/industrial_arm_moveit/share/industrial_arm_moveit/hook/cmake_prefix_path.dsv'
[0.600s] INFO:colcon.colcon_core.shell:Creating environment hook '/home/algam/industrial_arm_ws/install/industrial_arm_moveit/share/industrial_arm_moveit/hook/cmake_prefix_path.sh'
[0.601s] Level 1:colcon.colcon_core.environment:checking '/home/algam/industrial_arm_ws/install/industrial_arm_moveit/bin'
[0.601s] Level 1:colcon.colcon_core.environment:checking '/home/algam/industrial_arm_ws/install/industrial_arm_moveit/lib/pkgconfig/industrial_arm_moveit.pc'
[0.602s] Level 1:colcon.colcon_core.environment:checking '/home/algam/industrial_arm_ws/install/industrial_arm_moveit/lib/python3.12/site-packages'
[0.602s] Level 1:colcon.colcon_core.environment:checking '/home/algam/industrial_arm_ws/install/industrial_arm_moveit/bin'
[0.602s] INFO:colcon.colcon_core.shell:Creating package script '/home/algam/industrial_arm_ws/install/industrial_arm_moveit/share/industrial_arm_moveit/package.ps1'
[0.603s] INFO:colcon.colcon_core.shell:Creating package descriptor '/home/algam/industrial_arm_ws/install/industrial_arm_moveit/share/industrial_arm_moveit/package.dsv'
[0.604s] INFO:colcon.colcon_core.shell:Creating package script '/home/algam/industrial_arm_ws/install/industrial_arm_moveit/share/industrial_arm_moveit/package.sh'
[0.607s] INFO:colcon.colcon_core.shell:Creating package script '/home/algam/industrial_arm_ws/install/industrial_arm_moveit/share/industrial_arm_moveit/package.bash'
[0.608s] INFO:colcon.colcon_core.shell:Creating package script '/home/algam/industrial_arm_ws/install/industrial_arm_moveit/share/industrial_arm_moveit/package.zsh'
[0.620s] Level 1:colcon.colcon_core.environment:create_file_with_runtime_dependencies(/home/algam/industrial_arm_ws/install/industrial_arm_moveit/share/colcon-core/packages/industrial_arm_moveit)
[0.621s] Level 1:colcon.colcon_core.environment:create_environment_scripts_only(industrial_arm_moveit)
[0.621s] Level 1:colcon.colcon_core.environment:checking '/home/algam/industrial_arm_ws/install/industrial_arm_moveit' for CMake module files
[0.622s] Level 1:colcon.colcon_core.environment:checking '/home/algam/industrial_arm_ws/install/industrial_arm_moveit' for CMake config files
[0.622s] Level 1:colcon.colcon_core.shell:create_environment_hook('industrial_arm_moveit', 'cmake_prefix_path')
[0.623s] INFO:colcon.colcon_core.shell:Creating environment hook '/home/algam/industrial_arm_ws/install/industrial_arm_moveit/share/industrial_arm_moveit/hook/cmake_prefix_path.ps1'
[0.623s] INFO:colcon.colcon_core.shell:Creating environment descriptor '/home/algam/industrial_arm_ws/install/industrial_arm_moveit/share/industrial_arm_moveit/hook/cmake_prefix_path.dsv'
[0.624s] INFO:colcon.colcon_core.shell:Creating environment hook '/home/algam/industrial_arm_ws/install/industrial_arm_moveit/share/industrial_arm_moveit/hook/cmake_prefix_path.sh'
[0.624s] Level 1:colcon.colcon_core.environment:checking '/home/algam/industrial_arm_ws/install/industrial_arm_moveit/bin'
[0.624s] Level 1:colcon.colcon_core.environment:checking '/home/algam/industrial_arm_ws/install/industrial_arm_moveit/lib/pkgconfig/industrial_arm_moveit.pc'
[0.624s] Level 1:colcon.colcon_core.environment:checking '/home/algam/industrial_arm_ws/install/industrial_arm_moveit/lib/python3.12/site-packages'
[0.625s] Level 1:colcon.colcon_core.environment:checking '/home/algam/industrial_arm_ws/install/industrial_arm_moveit/bin'
[0.625s] INFO:colcon.colcon_core.shell:Creating package script '/home/algam/industrial_arm_ws/install/industrial_arm_moveit/share/industrial_arm_moveit/package.ps1'
[0.625s] INFO:colcon.colcon_core.shell:Creating package descriptor '/home/algam/industrial_arm_ws/install/industrial_arm_moveit/share/industrial_arm_moveit/package.dsv'
[0.626s] INFO:colcon.colcon_core.shell:Creating package script '/home/algam/industrial_arm_ws/install/industrial_arm_moveit/share/industrial_arm_moveit/package.sh'
[0.626s] INFO:colcon.colcon_core.shell:Creating package script '/home/algam/industrial_arm_ws/install/industrial_arm_moveit/share/industrial_arm_moveit/package.bash'
[0.626s] INFO:colcon.colcon_core.shell:Creating package script '/home/algam/industrial_arm_ws/install/industrial_arm_moveit/share/industrial_arm_moveit/package.zsh'
[0.627s] Level 1:colcon.colcon_core.environment:create_file_with_runtime_dependencies(/home/algam/industrial_arm_ws/install/industrial_arm_moveit/share/colcon-core/packages/industrial_arm_moveit)
[0.628s] Level 1:colcon.colcon_core.environment:create_environment_scripts_only(industrial_arm_description)
[0.628s] Level 1:colcon.colcon_core.environment:checking '/home/algam/industrial_arm_ws/install/industrial_arm_description' for CMake module files
[0.628s] Level 1:colcon.colcon_core.environment:checking '/home/algam/industrial_arm_ws/install/industrial_arm_description' for CMake config files
[0.628s] Level 1:colcon.colcon_core.shell:create_environment_hook('industrial_arm_description', 'cmake_prefix_path')
[0.629s] INFO:colcon.colcon_core.shell:Creating environment hook '/home/algam/industrial_arm_ws/install/industrial_arm_description/share/industrial_arm_description/hook/cmake_prefix_path.ps1'
[0.629s] DEBUG:colcon.colcon_core.event_handler.log_command:Invoked command in '/home/algam/industrial_arm_ws/build/industrial_arm_description' returned '0': CMAKE_PREFIX_PATH=${CMAKE_PREFIX_PATH}:/opt/ros/jazzy DEBUGINFOD_URLS=https://debuginfod.ubuntu.com /usr/bin/cmake --install /home/algam/industrial_arm_ws/build/industrial_arm_description
[0.630s] INFO:colcon.colcon_core.shell:Creating environment descriptor '/home/algam/industrial_arm_ws/install/industrial_arm_description/share/industrial_arm_description/hook/cmake_prefix_path.dsv'
[0.630s] INFO:colcon.colcon_core.shell:Creating environment hook '/home/algam/industrial_arm_ws/install/industrial_arm_description/share/industrial_arm_description/hook/cmake_prefix_path.sh'
[0.630s] Level 1:colcon.colcon_core.environment:checking '/home/algam/industrial_arm_ws/install/industrial_arm_description/bin'
[0.631s] Level 1:colcon.colcon_core.environment:checking '/home/algam/industrial_arm_ws/install/industrial_arm_description/lib/pkgconfig/industrial_arm_description.pc'
[0.631s] Level 1:colcon.colcon_core.environment:checking '/home/algam/industrial_arm_ws/install/industrial_arm_description/lib/python3.12/site-packages'
[0.631s] Level 1:colcon.colcon_core.environment:checking '/home/algam/industrial_arm_ws/install/industrial_arm_description/bin'
[0.631s] INFO:colcon.colcon_core.shell:Creating package script '/home/algam/industrial_arm_ws/install/industrial_arm_description/share/industrial_arm_description/package.ps1'
[0.632s] INFO:colcon.colcon_core.shell:Creating package descriptor '/home/algam/industrial_arm_ws/install/industrial_arm_description/share/industrial_arm_description/package.dsv'
[0.632s] INFO:colcon.colcon_core.shell:Creating package script '/home/algam/industrial_arm_ws/install/industrial_arm_description/share/industrial_arm_description/package.sh'
[0.633s] INFO:colcon.colcon_core.shell:Creating package script '/home/algam/industrial_arm_ws/install/industrial_arm_description/share/industrial_arm_description/package.bash'
[0.633s] INFO:colcon.colcon_core.shell:Creating package script '/home/algam/industrial_arm_ws/install/industrial_arm_description/share/industrial_arm_description/package.zsh'
[0.634s] Level 1:colcon.colcon_core.environment:create_file_with_runtime_dependencies(/home/algam/industrial_arm_ws/install/industrial_arm_description/share/colcon-core/packages/industrial_arm_description)
[0.634s] Level 1:colcon.colcon_core.environment:create_environment_scripts_only(industrial_arm_description)
[0.634s] Level 1:colcon.colcon_core.environment:checking '/home/algam/industrial_arm_ws/install/industrial_arm_description' for CMake module files
[0.635s] Level 1:colcon.colcon_core.environment:checking '/home/algam/industrial_arm_ws/install/industrial_arm_description' for CMake config files
[0.635s] Level 1:colcon.colcon_core.shell:create_environment_hook('industrial_arm_description', 'cmake_prefix_path')
[0.635s] INFO:colcon.colcon_core.shell:Creating environment hook '/home/algam/industrial_arm_ws/install/industrial_arm_description/share/industrial_arm_description/hook/cmake_prefix_path.ps1'
[0.636s] INFO:colcon.colcon_core.shell:Creating environment descriptor '/home/algam/industrial_arm_ws/install/industrial_arm_description/share/industrial_arm_description/hook/cmake_prefix_path.dsv'
[0.639s] INFO:colcon.colcon_core.shell:Creating environment hook '/home/algam/industrial_arm_ws/install/industrial_arm_description/share/industrial_arm_description/hook/cmake_prefix_path.sh'
[0.640s] Level 1:colcon.colcon_core.environment:checking '/home/algam/industrial_arm_ws/install/industrial_arm_description/bin'
[0.640s] Level 1:colcon.colcon_core.environment:checking '/home/algam/industrial_arm_ws/install/industrial_arm_description/lib/pkgconfig/industrial_arm_description.pc'
[0.640s] Level 1:colcon.colcon_core.environment:checking '/home/algam/industrial_arm_ws/install/industrial_arm_description/lib/python3.12/site-packages'
[0.640s] Level 1:colcon.colcon_core.environment:checking '/home/algam/industrial_arm_ws/install/industrial_arm_description/bin'
[0.640s] INFO:colcon.colcon_core.shell:Creating package script '/home/algam/industrial_arm_ws/install/industrial_arm_description/share/industrial_arm_description/package.ps1'
[0.641s] INFO:colcon.colcon_core.shell:Creating package descriptor '/home/algam/industrial_arm_ws/install/industrial_arm_description/share/industrial_arm_description/package.dsv'
[0.641s] INFO:colcon.colcon_core.shell:Creating package script '/home/algam/industrial_arm_ws/install/industrial_arm_description/share/industrial_arm_description/package.sh'
[0.642s] INFO:colcon.colcon_core.shell:Creating package script '/home/algam/industrial_arm_ws/install/industrial_arm_description/share/industrial_arm_description/package.bash'
[0.642s] INFO:colcon.colcon_core.shell:Creating package script '/home/algam/industrial_arm_ws/install/industrial_arm_description/share/industrial_arm_description/package.zsh'
[0.643s] Level 1:colcon.colcon_core.environment:create_file_with_runtime_dependencies(/home/algam/industrial_arm_ws/install/industrial_arm_description/share/colcon-core/packages/industrial_arm_description)
[0.643s] DEBUG:colcon.colcon_parallel_executor.executor.parallel:closing loop
[0.643s] DEBUG:colcon.colcon_parallel_executor.executor.parallel:loop closed
[0.644s] DEBUG:colcon.colcon_parallel_executor.executor.parallel:run_until_complete finished with '0'
[0.644s] DEBUG:colcon.colcon_core.event_reactor:joining thread
[0.664s] INFO:colcon.colcon_core.plugin_system:Skipping extension 'colcon_notification.desktop_notification.terminal_notifier': Not used on non-Darwin systems
[0.664s] INFO:colcon.colcon_core.plugin_system:Skipping extension 'colcon_notification.desktop_notification.win32': Not used on non-Windows systems
[0.664s] INFO:colcon.colcon_notification.desktop_notification:Sending desktop notification using 'notify2'
[0.693s] DEBUG:colcon.colcon_core.event_reactor:joined thread
[0.693s] INFO:colcon.colcon_core.shell:Creating prefix script '/home/algam/industrial_arm_ws/install/local_setup.ps1'
[0.694s] INFO:colcon.colcon_core.shell:Creating prefix util module '/home/algam/industrial_arm_ws/install/_local_setup_util_ps1.py'
[0.695s] INFO:colcon.colcon_core.shell:Creating prefix chain script '/home/algam/industrial_arm_ws/install/setup.ps1'
[0.696s] INFO:colcon.colcon_core.shell:Creating prefix script '/home/algam/industrial_arm_ws/install/local_setup.sh'
[0.696s] INFO:colcon.colcon_core.shell:Creating prefix util module '/home/algam/industrial_arm_ws/install/_local_setup_util_sh.py'
[0.697s] INFO:colcon.colcon_core.shell:Creating prefix chain script '/home/algam/industrial_arm_ws/install/setup.sh'
[0.698s] INFO:colcon.colcon_core.shell:Creating prefix script '/home/algam/industrial_arm_ws/install/local_setup.bash'
[0.698s] INFO:colcon.colcon_core.shell:Creating prefix chain script '/home/algam/industrial_arm_ws/install/setup.bash'
[0.699s] INFO:colcon.colcon_core.shell:Creating prefix script '/home/algam/industrial_arm_ws/install/local_setup.zsh'
[0.700s] INFO:colcon.colcon_core.shell:Creating prefix chain script '/home/algam/industrial_arm_ws/install/setup.zsh'
