[0.081s] Invoking command in '/home/algam/industrial_arm_ws/build/my_robot_moveit_config': CMAKE_PREFIX_PATH=${CMAKE_PREFIX_PATH}:/opt/ros/jazzy DEBUGINFOD_URLS=https://debuginfod.ubuntu.com /usr/bin/cmake --build /home/algam/industrial_arm_ws/build/my_robot_moveit_config -- -j4 -l4
[0.439s] Invoked command in '/home/algam/industrial_arm_ws/build/my_robot_moveit_config' returned '0': CMAKE_PREFIX_PATH=${CMAKE_PREFIX_PATH}:/opt/ros/jazzy DEBUGINFOD_URLS=https://debuginfod.ubuntu.com /usr/bin/cmake --build /home/algam/industrial_arm_ws/build/my_robot_moveit_config -- -j4 -l4
[0.440s] Invoking command in '/home/algam/industrial_arm_ws/build/my_robot_moveit_config': CMAKE_PREFIX_PATH=${CMAKE_PREFIX_PATH}:/opt/ros/jazzy DEBUGINFOD_URLS=https://debuginfod.ubuntu.com /usr/bin/cmake --install /home/algam/industrial_arm_ws/build/my_robot_moveit_config
[0.485s] -- Install configuration: ""
[0.485s] -- Up-to-date: /home/algam/industrial_arm_ws/install/my_robot_moveit_config/share/ament_index/resource_index/package_run_dependencies/my_robot_moveit_config
[0.485s] -- Up-to-date: /home/algam/industrial_arm_ws/install/my_robot_moveit_config/share/ament_index/resource_index/parent_prefix_path/my_robot_moveit_config
[0.485s] -- Up-to-date: /home/algam/industrial_arm_ws/install/my_robot_moveit_config/share/my_robot_moveit_config/environment/ament_prefix_path.sh
[0.485s] -- Up-to-date: /home/algam/industrial_arm_ws/install/my_robot_moveit_config/share/my_robot_moveit_config/environment/ament_prefix_path.dsv
[0.485s] -- Up-to-date: /home/algam/industrial_arm_ws/install/my_robot_moveit_config/share/my_robot_moveit_config/environment/path.sh
[0.487s] -- Up-to-date: /home/algam/industrial_arm_ws/install/my_robot_moveit_config/share/my_robot_moveit_config/environment/path.dsv
[0.487s] -- Up-to-date: /home/algam/industrial_arm_ws/install/my_robot_moveit_config/share/my_robot_moveit_config/local_setup.bash
[0.487s] -- Up-to-date: /home/algam/industrial_arm_ws/install/my_robot_moveit_config/share/my_robot_moveit_config/local_setup.sh
[0.487s] -- Up-to-date: /home/algam/industrial_arm_ws/install/my_robot_moveit_config/share/my_robot_moveit_config/local_setup.zsh
[0.487s] -- Up-to-date: /home/algam/industrial_arm_ws/install/my_robot_moveit_config/share/my_robot_moveit_config/local_setup.dsv
[0.488s] -- Up-to-date: /home/algam/industrial_arm_ws/install/my_robot_moveit_config/share/my_robot_moveit_config/package.dsv
[0.488s] -- Up-to-date: /home/algam/industrial_arm_ws/install/my_robot_moveit_config/share/ament_index/resource_index/packages/my_robot_moveit_config
[0.488s] -- Up-to-date: /home/algam/industrial_arm_ws/install/my_robot_moveit_config/share/my_robot_moveit_config/cmake/my_robot_moveit_configConfig.cmake
[0.488s] -- Up-to-date: /home/algam/industrial_arm_ws/install/my_robot_moveit_config/share/my_robot_moveit_config/cmake/my_robot_moveit_configConfig-version.cmake
[0.488s] -- Up-to-date: /home/algam/industrial_arm_ws/install/my_robot_moveit_config/share/my_robot_moveit_config/package.xml
[0.558s] Invoked command in '/home/algam/industrial_arm_ws/build/my_robot_moveit_config' returned '0': CMAKE_PREFIX_PATH=${CMAKE_PREFIX_PATH}:/opt/ros/jazzy DEBUGINFOD_URLS=https://debuginfod.ubuntu.com /usr/bin/cmake --install /home/algam/industrial_arm_ws/build/my_robot_moveit_config
