[0.112s] DEBUG:colcon:Command line arguments: ['/usr/bin/colcon', 'build']
[0.112s] DEBUG:colcon:Parsed command line arguments: Namespace(log_base=None, log_level=None, verb_name='build', build_base='build', install_base='install', merge_install=False, symlink_install=False, test_result_base=None, continue_on_error=False, executor='parallel', parallel_workers=4, event_handlers=None, ignore_user_meta=False, metas=['./colcon.meta'], base_paths=['.'], packages_ignore=None, packages_ignore_regex=None, paths=None, packages_up_to=None, packages_up_to_regex=None, packages_above=None, packages_above_and_dependencies=None, packages_above_depth=None, packages_select_by_dep=None, packages_skip_by_dep=None, packages_skip_up_to=None, packages_select_build_failed=False, packages_skip_build_finished=False, packages_select_test_failures=False, packages_skip_test_passed=False, packages_select=None, packages_skip=None, packages_select_regex=None, packages_skip_regex=None, packages_start=None, packages_end=None, allow_overriding=[], cmake_args=None, cmake_target=None, cmake_target_skip_unavailable=False, cmake_clean_cache=False, cmake_clean_first=False, cmake_force_configure=False, ament_cmake_args=None, catkin_cmake_args=None, catkin_skip_building_tests=False, mixin_files=None, mixin=None, verb_parser=<colcon_mixin.mixin.mixin_argument.MixinArgumentDecorator object at 0x734bc27acd70>, verb_extension=<colcon_core.verb.build.BuildVerb object at 0x734bc27acad0>, main=<bound method BuildVerb.main of <colcon_core.verb.build.BuildVerb object at 0x734bc27acad0>>, mixin_verb=('build',))
[0.157s] Level 1:colcon.colcon_core.package_discovery:discover_packages(colcon_meta) check parameters
[0.158s] Level 1:colcon.colcon_core.package_discovery:discover_packages(recursive) check parameters
[0.158s] Level 1:colcon.colcon_core.package_discovery:discover_packages(ignore) check parameters
[0.158s] Level 1:colcon.colcon_core.package_discovery:discover_packages(path) check parameters
[0.158s] Level 1:colcon.colcon_core.package_discovery:discover_packages(colcon_meta) discover
[0.158s] Level 1:colcon.colcon_core.package_discovery:discover_packages(recursive) discover
[0.158s] INFO:colcon.colcon_core.package_discovery:Crawling recursively for packages in '/home/algam/industrial_arm_ws'
[0.158s] Level 1:colcon.colcon_core.package_identification:_identify(.) by extensions ['ignore', 'ignore_ament_install']
[0.158s] Level 1:colcon.colcon_core.package_identification:_identify(.) by extension 'ignore'
[0.158s] Level 1:colcon.colcon_core.package_identification:_identify(.) by extension 'ignore_ament_install'
[0.158s] Level 1:colcon.colcon_core.package_identification:_identify(.) by extensions ['colcon_pkg']
[0.158s] Level 1:colcon.colcon_core.package_identification:_identify(.) by extension 'colcon_pkg'
[0.158s] Level 1:colcon.colcon_core.package_identification:_identify(.) by extensions ['colcon_meta']
[0.158s] Level 1:colcon.colcon_core.package_identification:_identify(.) by extension 'colcon_meta'
[0.158s] Level 1:colcon.colcon_core.package_identification:_identify(.) by extensions ['ros']
[0.158s] Level 1:colcon.colcon_core.package_identification:_identify(.) by extension 'ros'
[0.186s] Level 1:colcon.colcon_core.package_identification:_identify(.) by extensions ['cmake', 'python']
[0.186s] Level 1:colcon.colcon_core.package_identification:_identify(.) by extension 'cmake'
[0.186s] Level 1:colcon.colcon_core.package_identification:_identify(.) by extension 'python'
[0.186s] Level 1:colcon.colcon_core.package_identification:_identify(.) by extensions ['python_setup_py']
[0.186s] Level 1:colcon.colcon_core.package_identification:_identify(.) by extension 'python_setup_py'
[0.186s] Level 1:colcon.colcon_core.package_identification:_identify(build) by extensions ['ignore', 'ignore_ament_install']
[0.186s] Level 1:colcon.colcon_core.package_identification:_identify(build) by extension 'ignore'
[0.186s] Level 1:colcon.colcon_core.package_identification:_identify(build) ignored
[0.187s] Level 1:colcon.colcon_core.package_identification:_identify(install) by extensions ['ignore', 'ignore_ament_install']
[0.187s] Level 1:colcon.colcon_core.package_identification:_identify(install) by extension 'ignore'
[0.187s] Level 1:colcon.colcon_core.package_identification:_identify(install) ignored
[0.187s] Level 1:colcon.colcon_core.package_identification:_identify(log) by extensions ['ignore', 'ignore_ament_install']
[0.187s] Level 1:colcon.colcon_core.package_identification:_identify(log) by extension 'ignore'
[0.187s] Level 1:colcon.colcon_core.package_identification:_identify(log) ignored
[0.187s] Level 1:colcon.colcon_core.package_identification:_identify(src) by extensions ['ignore', 'ignore_ament_install']
[0.187s] Level 1:colcon.colcon_core.package_identification:_identify(src) by extension 'ignore'
[0.187s] Level 1:colcon.colcon_core.package_identification:_identify(src) by extension 'ignore_ament_install'
[0.187s] Level 1:colcon.colcon_core.package_identification:_identify(src) by extensions ['colcon_pkg']
[0.187s] Level 1:colcon.colcon_core.package_identification:_identify(src) by extension 'colcon_pkg'
[0.187s] Level 1:colcon.colcon_core.package_identification:_identify(src) by extensions ['colcon_meta']
[0.187s] Level 1:colcon.colcon_core.package_identification:_identify(src) by extension 'colcon_meta'
[0.187s] Level 1:colcon.colcon_core.package_identification:_identify(src) by extensions ['ros']
[0.187s] Level 1:colcon.colcon_core.package_identification:_identify(src) by extension 'ros'
[0.187s] Level 1:colcon.colcon_core.package_identification:_identify(src) by extensions ['cmake', 'python']
[0.187s] Level 1:colcon.colcon_core.package_identification:_identify(src) by extension 'cmake'
[0.187s] Level 1:colcon.colcon_core.package_identification:_identify(src) by extension 'python'
[0.187s] Level 1:colcon.colcon_core.package_identification:_identify(src) by extensions ['python_setup_py']
[0.187s] Level 1:colcon.colcon_core.package_identification:_identify(src) by extension 'python_setup_py'
[0.187s] Level 1:colcon.colcon_core.package_identification:_identify(src/industrial_arm_description) by extensions ['ignore', 'ignore_ament_install']
[0.187s] Level 1:colcon.colcon_core.package_identification:_identify(src/industrial_arm_description) by extension 'ignore'
[0.187s] Level 1:colcon.colcon_core.package_identification:_identify(src/industrial_arm_description) by extension 'ignore_ament_install'
[0.187s] Level 1:colcon.colcon_core.package_identification:_identify(src/industrial_arm_description) by extensions ['colcon_pkg']
[0.187s] Level 1:colcon.colcon_core.package_identification:_identify(src/industrial_arm_description) by extension 'colcon_pkg'
[0.188s] Level 1:colcon.colcon_core.package_identification:_identify(src/industrial_arm_description) by extensions ['colcon_meta']
[0.188s] Level 1:colcon.colcon_core.package_identification:_identify(src/industrial_arm_description) by extension 'colcon_meta'
[0.188s] Level 1:colcon.colcon_core.package_identification:_identify(src/industrial_arm_description) by extensions ['ros']
[0.188s] Level 1:colcon.colcon_core.package_identification:_identify(src/industrial_arm_description) by extension 'ros'
[0.190s] DEBUG:colcon.colcon_core.package_identification:Package 'src/industrial_arm_description' with type 'ros.ament_cmake' and name 'industrial_arm_description'
[0.190s] Level 1:colcon.colcon_core.package_identification:_identify(src/industrial_arm_moveit) by extensions ['ignore', 'ignore_ament_install']
[0.190s] Level 1:colcon.colcon_core.package_identification:_identify(src/industrial_arm_moveit) by extension 'ignore'
[0.190s] Level 1:colcon.colcon_core.package_identification:_identify(src/industrial_arm_moveit) by extension 'ignore_ament_install'
[0.190s] Level 1:colcon.colcon_core.package_identification:_identify(src/industrial_arm_moveit) by extensions ['colcon_pkg']
[0.190s] Level 1:colcon.colcon_core.package_identification:_identify(src/industrial_arm_moveit) by extension 'colcon_pkg'
[0.190s] Level 1:colcon.colcon_core.package_identification:_identify(src/industrial_arm_moveit) by extensions ['colcon_meta']
[0.191s] Level 1:colcon.colcon_core.package_identification:_identify(src/industrial_arm_moveit) by extension 'colcon_meta'
[0.191s] Level 1:colcon.colcon_core.package_identification:_identify(src/industrial_arm_moveit) by extensions ['ros']
[0.191s] Level 1:colcon.colcon_core.package_identification:_identify(src/industrial_arm_moveit) by extension 'ros'
[0.191s] DEBUG:colcon.colcon_core.package_identification:Package 'src/industrial_arm_moveit' with type 'ros.ament_cmake' and name 'industrial_arm_moveit'
[0.191s] Level 1:colcon.colcon_core.package_identification:_identify(src/log) by extensions ['ignore', 'ignore_ament_install']
[0.191s] Level 1:colcon.colcon_core.package_identification:_identify(src/log) by extension 'ignore'
[0.191s] Level 1:colcon.colcon_core.package_identification:_identify(src/log) ignored
[0.191s] Level 1:colcon.colcon_core.package_discovery:discover_packages(recursive) using defaults
[0.192s] Level 1:colcon.colcon_core.package_discovery:discover_packages(ignore) discover
[0.192s] Level 1:colcon.colcon_core.package_discovery:discover_packages(ignore) using defaults
[0.192s] Level 1:colcon.colcon_core.package_discovery:discover_packages(path) discover
[0.192s] Level 1:colcon.colcon_core.package_discovery:discover_packages(path) using defaults
[0.210s] Level 1:colcon.colcon_core.package_discovery:discover_packages(prefix_path) check parameters
[0.210s] Level 1:colcon.colcon_core.package_discovery:discover_packages(prefix_path) discover
[0.212s] DEBUG:colcon.colcon_installed_package_information.package_discovery:Found 2 installed packages in /home/algam/industrial_arm_ws/install
[0.214s] DEBUG:colcon.colcon_installed_package_information.package_discovery:Found 504 installed packages in /opt/ros/jazzy
[0.216s] Level 1:colcon.colcon_core.package_discovery:discover_packages(prefix_path) using defaults
[0.272s] Level 5:colcon.colcon_core.verb:set package 'industrial_arm_description' build argument 'cmake_args' from command line to 'None'
[0.272s] Level 5:colcon.colcon_core.verb:set package 'industrial_arm_description' build argument 'cmake_target' from command line to 'None'
[0.272s] Level 5:colcon.colcon_core.verb:set package 'industrial_arm_description' build argument 'cmake_target_skip_unavailable' from command line to 'False'
[0.272s] Level 5:colcon.colcon_core.verb:set package 'industrial_arm_description' build argument 'cmake_clean_cache' from command line to 'False'
[0.272s] Level 5:colcon.colcon_core.verb:set package 'industrial_arm_description' build argument 'cmake_clean_first' from command line to 'False'
[0.272s] Level 5:colcon.colcon_core.verb:set package 'industrial_arm_description' build argument 'cmake_force_configure' from command line to 'False'
[0.272s] Level 5:colcon.colcon_core.verb:set package 'industrial_arm_description' build argument 'ament_cmake_args' from command line to 'None'
[0.272s] Level 5:colcon.colcon_core.verb:set package 'industrial_arm_description' build argument 'catkin_cmake_args' from command line to 'None'
[0.272s] Level 5:colcon.colcon_core.verb:set package 'industrial_arm_description' build argument 'catkin_skip_building_tests' from command line to 'False'
[0.272s] DEBUG:colcon.colcon_core.verb:Building package 'industrial_arm_description' with the following arguments: {'ament_cmake_args': None, 'build_base': '/home/algam/industrial_arm_ws/build/industrial_arm_description', 'catkin_cmake_args': None, 'catkin_skip_building_tests': False, 'cmake_args': None, 'cmake_clean_cache': False, 'cmake_clean_first': False, 'cmake_force_configure': False, 'cmake_target': None, 'cmake_target_skip_unavailable': False, 'install_base': '/home/algam/industrial_arm_ws/install/industrial_arm_description', 'merge_install': False, 'path': '/home/algam/industrial_arm_ws/src/industrial_arm_description', 'symlink_install': False, 'test_result_base': None}
[0.272s] Level 5:colcon.colcon_core.verb:set package 'industrial_arm_moveit' build argument 'cmake_args' from command line to 'None'
[0.272s] Level 5:colcon.colcon_core.verb:set package 'industrial_arm_moveit' build argument 'cmake_target' from command line to 'None'
[0.272s] Level 5:colcon.colcon_core.verb:set package 'industrial_arm_moveit' build argument 'cmake_target_skip_unavailable' from command line to 'False'
[0.272s] Level 5:colcon.colcon_core.verb:set package 'industrial_arm_moveit' build argument 'cmake_clean_cache' from command line to 'False'
[0.272s] Level 5:colcon.colcon_core.verb:set package 'industrial_arm_moveit' build argument 'cmake_clean_first' from command line to 'False'
[0.273s] Level 5:colcon.colcon_core.verb:set package 'industrial_arm_moveit' build argument 'cmake_force_configure' from command line to 'False'
[0.273s] Level 5:colcon.colcon_core.verb:set package 'industrial_arm_moveit' build argument 'ament_cmake_args' from command line to 'None'
[0.273s] Level 5:colcon.colcon_core.verb:set package 'industrial_arm_moveit' build argument 'catkin_cmake_args' from command line to 'None'
[0.273s] Level 5:colcon.colcon_core.verb:set package 'industrial_arm_moveit' build argument 'catkin_skip_building_tests' from command line to 'False'
[0.273s] DEBUG:colcon.colcon_core.verb:Building package 'industrial_arm_moveit' with the following arguments: {'ament_cmake_args': None, 'build_base': '/home/algam/industrial_arm_ws/build/industrial_arm_moveit', 'catkin_cmake_args': None, 'catkin_skip_building_tests': False, 'cmake_args': None, 'cmake_clean_cache': False, 'cmake_clean_first': False, 'cmake_force_configure': False, 'cmake_target': None, 'cmake_target_skip_unavailable': False, 'install_base': '/home/algam/industrial_arm_ws/install/industrial_arm_moveit', 'merge_install': False, 'path': '/home/algam/industrial_arm_ws/src/industrial_arm_moveit', 'symlink_install': False, 'test_result_base': None}
[0.273s] INFO:colcon.colcon_core.executor:Executing jobs using 'parallel' executor
[0.282s] DEBUG:colcon.colcon_parallel_executor.executor.parallel:run_until_complete
[0.283s] INFO:colcon.colcon_ros.task.ament_cmake.build:Building ROS package in '/home/algam/industrial_arm_ws/src/industrial_arm_description' with build type 'ament_cmake'
[0.283s] INFO:colcon.colcon_cmake.task.cmake.build:Building CMake package in '/home/algam/industrial_arm_ws/src/industrial_arm_description'
[0.286s] INFO:colcon.colcon_core.plugin_system:Skipping extension 'colcon_core.shell.bat': Not used on non-Windows systems
[0.288s] INFO:colcon.colcon_core.shell:Skip shell extension 'powershell' for command environment: Not usable outside of PowerShell
[0.290s] DEBUG:colcon.colcon_core.shell:Skip shell extension 'dsv' for command environment
[0.315s] DEBUG:colcon.colcon_core.event_handler.log_command:Invoking command in '/home/algam/industrial_arm_ws/build/industrial_arm_description': CMAKE_PREFIX_PATH=${CMAKE_PREFIX_PATH}:/opt/ros/jazzy DEBUGINFOD_URLS=https://debuginfod.ubuntu.com /usr/bin/cmake --build /home/algam/industrial_arm_ws/build/industrial_arm_description -- -j4 -l4
[0.456s] DEBUG:colcon.colcon_core.event_handler.log_command:Invoked command in '/home/algam/industrial_arm_ws/build/industrial_arm_description' returned '0': CMAKE_PREFIX_PATH=${CMAKE_PREFIX_PATH}:/opt/ros/jazzy DEBUGINFOD_URLS=https://debuginfod.ubuntu.com /usr/bin/cmake --build /home/algam/industrial_arm_ws/build/industrial_arm_description -- -j4 -l4
[0.478s] DEBUG:colcon.colcon_core.event_handler.log_command:Invoking command in '/home/algam/industrial_arm_ws/build/industrial_arm_description': CMAKE_PREFIX_PATH=${CMAKE_PREFIX_PATH}:/opt/ros/jazzy DEBUGINFOD_URLS=https://debuginfod.ubuntu.com /usr/bin/cmake --install /home/algam/industrial_arm_ws/build/industrial_arm_description
[0.531s] Level 1:colcon.colcon_core.environment:create_environment_scripts_only(industrial_arm_description)
[0.531s] DEBUG:colcon.colcon_core.event_handler.log_command:Invoked command in '/home/algam/industrial_arm_ws/build/industrial_arm_description' returned '0': CMAKE_PREFIX_PATH=${CMAKE_PREFIX_PATH}:/opt/ros/jazzy DEBUGINFOD_URLS=https://debuginfod.ubuntu.com /usr/bin/cmake --install /home/algam/industrial_arm_ws/build/industrial_arm_description
[0.533s] Level 1:colcon.colcon_core.environment:checking '/home/algam/industrial_arm_ws/install/industrial_arm_description' for CMake module files
[0.534s] Level 1:colcon.colcon_core.environment:checking '/home/algam/industrial_arm_ws/install/industrial_arm_description' for CMake config files
[0.534s] Level 1:colcon.colcon_core.shell:create_environment_hook('industrial_arm_description', 'cmake_prefix_path')
[0.534s] INFO:colcon.colcon_core.shell:Creating environment hook '/home/algam/industrial_arm_ws/install/industrial_arm_description/share/industrial_arm_description/hook/cmake_prefix_path.ps1'
[0.535s] INFO:colcon.colcon_core.shell:Creating environment descriptor '/home/algam/industrial_arm_ws/install/industrial_arm_description/share/industrial_arm_description/hook/cmake_prefix_path.dsv'
[0.535s] INFO:colcon.colcon_core.shell:Creating environment hook '/home/algam/industrial_arm_ws/install/industrial_arm_description/share/industrial_arm_description/hook/cmake_prefix_path.sh'
[0.536s] Level 1:colcon.colcon_core.environment:checking '/home/algam/industrial_arm_ws/install/industrial_arm_description/bin'
[0.536s] Level 1:colcon.colcon_core.environment:checking '/home/algam/industrial_arm_ws/install/industrial_arm_description/lib/pkgconfig/industrial_arm_description.pc'
[0.536s] Level 1:colcon.colcon_core.environment:checking '/home/algam/industrial_arm_ws/install/industrial_arm_description/lib/python3.12/site-packages'
[0.536s] Level 1:colcon.colcon_core.environment:checking '/home/algam/industrial_arm_ws/install/industrial_arm_description/bin'
[0.536s] INFO:colcon.colcon_core.shell:Creating package script '/home/algam/industrial_arm_ws/install/industrial_arm_description/share/industrial_arm_description/package.ps1'
[0.537s] INFO:colcon.colcon_core.shell:Creating package descriptor '/home/algam/industrial_arm_ws/install/industrial_arm_description/share/industrial_arm_description/package.dsv'
[0.537s] INFO:colcon.colcon_core.shell:Creating package script '/home/algam/industrial_arm_ws/install/industrial_arm_description/share/industrial_arm_description/package.sh'
[0.538s] INFO:colcon.colcon_core.shell:Creating package script '/home/algam/industrial_arm_ws/install/industrial_arm_description/share/industrial_arm_description/package.bash'
[0.538s] INFO:colcon.colcon_core.shell:Creating package script '/home/algam/industrial_arm_ws/install/industrial_arm_description/share/industrial_arm_description/package.zsh'
[0.539s] Level 1:colcon.colcon_core.environment:create_file_with_runtime_dependencies(/home/algam/industrial_arm_ws/install/industrial_arm_description/share/colcon-core/packages/industrial_arm_description)
[0.539s] Level 1:colcon.colcon_core.environment:create_environment_scripts_only(industrial_arm_description)
[0.539s] Level 1:colcon.colcon_core.environment:checking '/home/algam/industrial_arm_ws/install/industrial_arm_description' for CMake module files
[0.540s] Level 1:colcon.colcon_core.environment:checking '/home/algam/industrial_arm_ws/install/industrial_arm_description' for CMake config files
[0.540s] Level 1:colcon.colcon_core.shell:create_environment_hook('industrial_arm_description', 'cmake_prefix_path')
[0.540s] INFO:colcon.colcon_core.shell:Creating environment hook '/home/algam/industrial_arm_ws/install/industrial_arm_description/share/industrial_arm_description/hook/cmake_prefix_path.ps1'
[0.540s] INFO:colcon.colcon_core.shell:Creating environment descriptor '/home/algam/industrial_arm_ws/install/industrial_arm_description/share/industrial_arm_description/hook/cmake_prefix_path.dsv'
[0.540s] INFO:colcon.colcon_core.shell:Creating environment hook '/home/algam/industrial_arm_ws/install/industrial_arm_description/share/industrial_arm_description/hook/cmake_prefix_path.sh'
[0.541s] Level 1:colcon.colcon_core.environment:checking '/home/algam/industrial_arm_ws/install/industrial_arm_description/bin'
[0.541s] Level 1:colcon.colcon_core.environment:checking '/home/algam/industrial_arm_ws/install/industrial_arm_description/lib/pkgconfig/industrial_arm_description.pc'
[0.541s] Level 1:colcon.colcon_core.environment:checking '/home/algam/industrial_arm_ws/install/industrial_arm_description/lib/python3.12/site-packages'
[0.541s] Level 1:colcon.colcon_core.environment:checking '/home/algam/industrial_arm_ws/install/industrial_arm_description/bin'
[0.541s] INFO:colcon.colcon_core.shell:Creating package script '/home/algam/industrial_arm_ws/install/industrial_arm_description/share/industrial_arm_description/package.ps1'
[0.542s] INFO:colcon.colcon_core.shell:Creating package descriptor '/home/algam/industrial_arm_ws/install/industrial_arm_description/share/industrial_arm_description/package.dsv'
[0.542s] INFO:colcon.colcon_core.shell:Creating package script '/home/algam/industrial_arm_ws/install/industrial_arm_description/share/industrial_arm_description/package.sh'
[0.542s] INFO:colcon.colcon_core.shell:Creating package script '/home/algam/industrial_arm_ws/install/industrial_arm_description/share/industrial_arm_description/package.bash'
[0.543s] INFO:colcon.colcon_core.shell:Creating package script '/home/algam/industrial_arm_ws/install/industrial_arm_description/share/industrial_arm_description/package.zsh'
[0.543s] Level 1:colcon.colcon_core.environment:create_file_with_runtime_dependencies(/home/algam/industrial_arm_ws/install/industrial_arm_description/share/colcon-core/packages/industrial_arm_description)
[0.543s] INFO:colcon.colcon_ros.task.ament_cmake.build:Building ROS package in '/home/algam/industrial_arm_ws/src/industrial_arm_moveit' with build type 'ament_cmake'
[0.543s] INFO:colcon.colcon_cmake.task.cmake.build:Building CMake package in '/home/algam/industrial_arm_ws/src/industrial_arm_moveit'
[0.544s] INFO:colcon.colcon_core.shell:Skip shell extension 'powershell' for command environment: Not usable outside of PowerShell
[0.544s] DEBUG:colcon.colcon_core.shell:Skip shell extension 'dsv' for command environment
[0.575s] DEBUG:colcon.colcon_core.event_handler.log_command:Invoking command in '/home/algam/industrial_arm_ws/build/industrial_arm_moveit': CMAKE_PREFIX_PATH=/home/algam/industrial_arm_ws/install/industrial_arm_description:/home/algam/industrial_arm_ws/install/industrial_arm_moveit:/opt/ros/jazzy/opt/gz_sim_vendor:/opt/ros/jazzy/opt/gz_sensors_vendor:/opt/ros/jazzy/opt/gz_physics_vendor:/opt/ros/jazzy/opt/sdformat_vendor:/opt/ros/jazzy/opt/gz_gui_vendor:/opt/ros/jazzy/opt/gz_transport_vendor:/opt/ros/jazzy/opt/gz_rendering_vendor:/opt/ros/jazzy/opt/gz_plugin_vendor:/opt/ros/jazzy/opt/gz_fuel_tools_vendor:/opt/ros/jazzy/opt/gz_msgs_vendor:/opt/ros/jazzy/opt/gz_common_vendor:/opt/ros/jazzy/opt/gz_math_vendor:/opt/ros/jazzy/opt/gz_utils_vendor:/opt/ros/jazzy/opt/gz_tools_vendor:/opt/ros/jazzy/opt/gz_ogre_next_vendor:/opt/ros/jazzy/opt/gz_dartsim_vendor:/opt/ros/jazzy/opt/gz_cmake_vendor:/opt/ros/jazzy DEBUGINFOD_URLS=https://debuginfod.ubuntu.com /usr/bin/cmake --build /home/algam/industrial_arm_ws/build/industrial_arm_moveit -- -j4 -l4
[1.202s] DEBUG:colcon.colcon_core.event_handler.log_command:Invoked command in '/home/algam/industrial_arm_ws/build/industrial_arm_moveit' returned '0': CMAKE_PREFIX_PATH=/home/algam/industrial_arm_ws/install/industrial_arm_description:/home/algam/industrial_arm_ws/install/industrial_arm_moveit:/opt/ros/jazzy/opt/gz_sim_vendor:/opt/ros/jazzy/opt/gz_sensors_vendor:/opt/ros/jazzy/opt/gz_physics_vendor:/opt/ros/jazzy/opt/sdformat_vendor:/opt/ros/jazzy/opt/gz_gui_vendor:/opt/ros/jazzy/opt/gz_transport_vendor:/opt/ros/jazzy/opt/gz_rendering_vendor:/opt/ros/jazzy/opt/gz_plugin_vendor:/opt/ros/jazzy/opt/gz_fuel_tools_vendor:/opt/ros/jazzy/opt/gz_msgs_vendor:/opt/ros/jazzy/opt/gz_common_vendor:/opt/ros/jazzy/opt/gz_math_vendor:/opt/ros/jazzy/opt/gz_utils_vendor:/opt/ros/jazzy/opt/gz_tools_vendor:/opt/ros/jazzy/opt/gz_ogre_next_vendor:/opt/ros/jazzy/opt/gz_dartsim_vendor:/opt/ros/jazzy/opt/gz_cmake_vendor:/opt/ros/jazzy DEBUGINFOD_URLS=https://debuginfod.ubuntu.com /usr/bin/cmake --build /home/algam/industrial_arm_ws/build/industrial_arm_moveit -- -j4 -l4
[1.203s] DEBUG:colcon.colcon_core.event_handler.log_command:Invoking command in '/home/algam/industrial_arm_ws/build/industrial_arm_moveit': CMAKE_PREFIX_PATH=/home/algam/industrial_arm_ws/install/industrial_arm_description:/home/algam/industrial_arm_ws/install/industrial_arm_moveit:/opt/ros/jazzy/opt/gz_sim_vendor:/opt/ros/jazzy/opt/gz_sensors_vendor:/opt/ros/jazzy/opt/gz_physics_vendor:/opt/ros/jazzy/opt/sdformat_vendor:/opt/ros/jazzy/opt/gz_gui_vendor:/opt/ros/jazzy/opt/gz_transport_vendor:/opt/ros/jazzy/opt/gz_rendering_vendor:/opt/ros/jazzy/opt/gz_plugin_vendor:/opt/ros/jazzy/opt/gz_fuel_tools_vendor:/opt/ros/jazzy/opt/gz_msgs_vendor:/opt/ros/jazzy/opt/gz_common_vendor:/opt/ros/jazzy/opt/gz_math_vendor:/opt/ros/jazzy/opt/gz_utils_vendor:/opt/ros/jazzy/opt/gz_tools_vendor:/opt/ros/jazzy/opt/gz_ogre_next_vendor:/opt/ros/jazzy/opt/gz_dartsim_vendor:/opt/ros/jazzy/opt/gz_cmake_vendor:/opt/ros/jazzy DEBUGINFOD_URLS=https://debuginfod.ubuntu.com /usr/bin/cmake --install /home/algam/industrial_arm_ws/build/industrial_arm_moveit
[1.254s] Level 1:colcon.colcon_core.environment:create_environment_scripts_only(industrial_arm_moveit)
[1.254s] Level 1:colcon.colcon_core.environment:checking '/home/algam/industrial_arm_ws/install/industrial_arm_moveit' for CMake module files
[1.255s] DEBUG:colcon.colcon_core.event_handler.log_command:Invoked command in '/home/algam/industrial_arm_ws/build/industrial_arm_moveit' returned '0': CMAKE_PREFIX_PATH=/home/algam/industrial_arm_ws/install/industrial_arm_description:/home/algam/industrial_arm_ws/install/industrial_arm_moveit:/opt/ros/jazzy/opt/gz_sim_vendor:/opt/ros/jazzy/opt/gz_sensors_vendor:/opt/ros/jazzy/opt/gz_physics_vendor:/opt/ros/jazzy/opt/sdformat_vendor:/opt/ros/jazzy/opt/gz_gui_vendor:/opt/ros/jazzy/opt/gz_transport_vendor:/opt/ros/jazzy/opt/gz_rendering_vendor:/opt/ros/jazzy/opt/gz_plugin_vendor:/opt/ros/jazzy/opt/gz_fuel_tools_vendor:/opt/ros/jazzy/opt/gz_msgs_vendor:/opt/ros/jazzy/opt/gz_common_vendor:/opt/ros/jazzy/opt/gz_math_vendor:/opt/ros/jazzy/opt/gz_utils_vendor:/opt/ros/jazzy/opt/gz_tools_vendor:/opt/ros/jazzy/opt/gz_ogre_next_vendor:/opt/ros/jazzy/opt/gz_dartsim_vendor:/opt/ros/jazzy/opt/gz_cmake_vendor:/opt/ros/jazzy DEBUGINFOD_URLS=https://debuginfod.ubuntu.com /usr/bin/cmake --install /home/algam/industrial_arm_ws/build/industrial_arm_moveit
[1.255s] Level 1:colcon.colcon_core.environment:checking '/home/algam/industrial_arm_ws/install/industrial_arm_moveit' for CMake config files
[1.255s] Level 1:colcon.colcon_core.shell:create_environment_hook('industrial_arm_moveit', 'cmake_prefix_path')
[1.255s] INFO:colcon.colcon_core.shell:Creating environment hook '/home/algam/industrial_arm_ws/install/industrial_arm_moveit/share/industrial_arm_moveit/hook/cmake_prefix_path.ps1'
[1.256s] INFO:colcon.colcon_core.shell:Creating environment descriptor '/home/algam/industrial_arm_ws/install/industrial_arm_moveit/share/industrial_arm_moveit/hook/cmake_prefix_path.dsv'
[1.256s] INFO:colcon.colcon_core.shell:Creating environment hook '/home/algam/industrial_arm_ws/install/industrial_arm_moveit/share/industrial_arm_moveit/hook/cmake_prefix_path.sh'
[1.257s] Level 1:colcon.colcon_core.environment:checking '/home/algam/industrial_arm_ws/install/industrial_arm_moveit/bin'
[1.257s] Level 1:colcon.colcon_core.environment:checking '/home/algam/industrial_arm_ws/install/industrial_arm_moveit/lib/pkgconfig/industrial_arm_moveit.pc'
[1.257s] Level 1:colcon.colcon_core.environment:checking '/home/algam/industrial_arm_ws/install/industrial_arm_moveit/lib/python3.12/site-packages'
[1.257s] Level 1:colcon.colcon_core.environment:checking '/home/algam/industrial_arm_ws/install/industrial_arm_moveit/bin'
[1.258s] INFO:colcon.colcon_core.shell:Creating package script '/home/algam/industrial_arm_ws/install/industrial_arm_moveit/share/industrial_arm_moveit/package.ps1'
[1.258s] INFO:colcon.colcon_core.shell:Creating package descriptor '/home/algam/industrial_arm_ws/install/industrial_arm_moveit/share/industrial_arm_moveit/package.dsv'
[1.258s] INFO:colcon.colcon_core.shell:Creating package script '/home/algam/industrial_arm_ws/install/industrial_arm_moveit/share/industrial_arm_moveit/package.sh'
[1.259s] INFO:colcon.colcon_core.shell:Creating package script '/home/algam/industrial_arm_ws/install/industrial_arm_moveit/share/industrial_arm_moveit/package.bash'
[1.259s] INFO:colcon.colcon_core.shell:Creating package script '/home/algam/industrial_arm_ws/install/industrial_arm_moveit/share/industrial_arm_moveit/package.zsh'
[1.259s] Level 1:colcon.colcon_core.environment:create_file_with_runtime_dependencies(/home/algam/industrial_arm_ws/install/industrial_arm_moveit/share/colcon-core/packages/industrial_arm_moveit)
[1.260s] Level 1:colcon.colcon_core.environment:create_environment_scripts_only(industrial_arm_moveit)
[1.260s] Level 1:colcon.colcon_core.environment:checking '/home/algam/industrial_arm_ws/install/industrial_arm_moveit' for CMake module files
[1.260s] Level 1:colcon.colcon_core.environment:checking '/home/algam/industrial_arm_ws/install/industrial_arm_moveit' for CMake config files
[1.260s] Level 1:colcon.colcon_core.shell:create_environment_hook('industrial_arm_moveit', 'cmake_prefix_path')
[1.261s] INFO:colcon.colcon_core.shell:Creating environment hook '/home/algam/industrial_arm_ws/install/industrial_arm_moveit/share/industrial_arm_moveit/hook/cmake_prefix_path.ps1'
[1.261s] INFO:colcon.colcon_core.shell:Creating environment descriptor '/home/algam/industrial_arm_ws/install/industrial_arm_moveit/share/industrial_arm_moveit/hook/cmake_prefix_path.dsv'
[1.261s] INFO:colcon.colcon_core.shell:Creating environment hook '/home/algam/industrial_arm_ws/install/industrial_arm_moveit/share/industrial_arm_moveit/hook/cmake_prefix_path.sh'
[1.262s] Level 1:colcon.colcon_core.environment:checking '/home/algam/industrial_arm_ws/install/industrial_arm_moveit/bin'
[1.262s] Level 1:colcon.colcon_core.environment:checking '/home/algam/industrial_arm_ws/install/industrial_arm_moveit/lib/pkgconfig/industrial_arm_moveit.pc'
[1.262s] Level 1:colcon.colcon_core.environment:checking '/home/algam/industrial_arm_ws/install/industrial_arm_moveit/lib/python3.12/site-packages'
[1.262s] Level 1:colcon.colcon_core.environment:checking '/home/algam/industrial_arm_ws/install/industrial_arm_moveit/bin'
[1.262s] INFO:colcon.colcon_core.shell:Creating package script '/home/algam/industrial_arm_ws/install/industrial_arm_moveit/share/industrial_arm_moveit/package.ps1'
[1.262s] INFO:colcon.colcon_core.shell:Creating package descriptor '/home/algam/industrial_arm_ws/install/industrial_arm_moveit/share/industrial_arm_moveit/package.dsv'
[1.263s] INFO:colcon.colcon_core.shell:Creating package script '/home/algam/industrial_arm_ws/install/industrial_arm_moveit/share/industrial_arm_moveit/package.sh'
[1.263s] INFO:colcon.colcon_core.shell:Creating package script '/home/algam/industrial_arm_ws/install/industrial_arm_moveit/share/industrial_arm_moveit/package.bash'
[1.264s] INFO:colcon.colcon_core.shell:Creating package script '/home/algam/industrial_arm_ws/install/industrial_arm_moveit/share/industrial_arm_moveit/package.zsh'
[1.264s] Level 1:colcon.colcon_core.environment:create_file_with_runtime_dependencies(/home/algam/industrial_arm_ws/install/industrial_arm_moveit/share/colcon-core/packages/industrial_arm_moveit)
[1.264s] DEBUG:colcon.colcon_parallel_executor.executor.parallel:closing loop
[1.265s] DEBUG:colcon.colcon_parallel_executor.executor.parallel:loop closed
[1.265s] DEBUG:colcon.colcon_parallel_executor.executor.parallel:run_until_complete finished with '0'
[1.265s] DEBUG:colcon.colcon_core.event_reactor:joining thread
[1.277s] INFO:colcon.colcon_core.plugin_system:Skipping extension 'colcon_notification.desktop_notification.terminal_notifier': Not used on non-Darwin systems
[1.277s] INFO:colcon.colcon_core.plugin_system:Skipping extension 'colcon_notification.desktop_notification.win32': Not used on non-Windows systems
[1.277s] INFO:colcon.colcon_notification.desktop_notification:Sending desktop notification using 'notify2'
[1.314s] DEBUG:colcon.colcon_core.event_reactor:joined thread
[1.314s] INFO:colcon.colcon_core.shell:Creating prefix script '/home/algam/industrial_arm_ws/install/local_setup.ps1'
[1.315s] INFO:colcon.colcon_core.shell:Creating prefix util module '/home/algam/industrial_arm_ws/install/_local_setup_util_ps1.py'
[1.316s] INFO:colcon.colcon_core.shell:Creating prefix chain script '/home/algam/industrial_arm_ws/install/setup.ps1'
[1.317s] INFO:colcon.colcon_core.shell:Creating prefix script '/home/algam/industrial_arm_ws/install/local_setup.sh'
[1.318s] INFO:colcon.colcon_core.shell:Creating prefix util module '/home/algam/industrial_arm_ws/install/_local_setup_util_sh.py'
[1.319s] INFO:colcon.colcon_core.shell:Creating prefix chain script '/home/algam/industrial_arm_ws/install/setup.sh'
[1.320s] INFO:colcon.colcon_core.shell:Creating prefix script '/home/algam/industrial_arm_ws/install/local_setup.bash'
[1.320s] INFO:colcon.colcon_core.shell:Creating prefix chain script '/home/algam/industrial_arm_ws/install/setup.bash'
[1.321s] INFO:colcon.colcon_core.shell:Creating prefix script '/home/algam/industrial_arm_ws/install/local_setup.zsh'
[1.321s] INFO:colcon.colcon_core.shell:Creating prefix chain script '/home/algam/industrial_arm_ws/install/setup.zsh'
