[0.028s] Invoking command in '/home/algam/industrial_arm_ws/build/industrial_arm_moveit': CMAKE_PREFIX_PATH=${CMAKE_PREFIX_PATH}:/opt/ros/jazzy DEBUGINFOD_URLS=https://debuginfod.ubuntu.com /usr/bin/cmake /home/algam/industrial_arm_ws/src/industrial_arm_moveit -DCMAKE_INSTALL_PREFIX=/home/algam/industrial_arm_ws/install/industrial_arm_moveit
[0.267s] -- The C compiler identification is GNU 13.3.0
[0.443s] -- The CXX compiler identification is GNU 13.3.0
[0.488s] -- Detecting C compiler ABI info
[0.734s] -- Detecting C compiler ABI info - done
[0.741s] -- Check for working C compiler: /usr/bin/cc - skipped
[0.741s] -- Detecting C compile features
[0.742s] -- Detecting C compile features - done
[0.761s] -- Detecting CXX compiler ABI info
[1.028s] -- Detecting CXX compiler ABI info - done
[1.038s] -- Check for working CXX compiler: /usr/bin/c++ - skipped
[1.038s] -- Detecting CXX compile features
[1.038s] -- Detecting CXX compile features - done
[1.043s] -- Found ament_cmake: 2.5.4 (/opt/ros/jazzy/share/ament_cmake/cmake)
[1.270s] -- Found Python3: /usr/bin/python3 (found version "3.12.3") found components: Interpreter 
[1.537s] -- Configuring done (1.4s)
[1.540s] -- Generating done (0.0s)
[1.542s] -- Build files have been written to: /home/algam/industrial_arm_ws/build/industrial_arm_moveit
[1.562s] Invoked command in '/home/algam/industrial_arm_ws/build/industrial_arm_moveit' returned '0': CMAKE_PREFIX_PATH=${CMAKE_PREFIX_PATH}:/opt/ros/jazzy DEBUGINFOD_URLS=https://debuginfod.ubuntu.com /usr/bin/cmake /home/algam/industrial_arm_ws/src/industrial_arm_moveit -DCMAKE_INSTALL_PREFIX=/home/algam/industrial_arm_ws/install/industrial_arm_moveit
[1.576s] Invoking command in '/home/algam/industrial_arm_ws/build/industrial_arm_moveit': CMAKE_PREFIX_PATH=${CMAKE_PREFIX_PATH}:/opt/ros/jazzy DEBUGINFOD_URLS=https://debuginfod.ubuntu.com /usr/bin/cmake --build /home/algam/industrial_arm_ws/build/industrial_arm_moveit -- -j4 -l4
[1.712s] Invoked command in '/home/algam/industrial_arm_ws/build/industrial_arm_moveit' returned '0': CMAKE_PREFIX_PATH=${CMAKE_PREFIX_PATH}:/opt/ros/jazzy DEBUGINFOD_URLS=https://debuginfod.ubuntu.com /usr/bin/cmake --build /home/algam/industrial_arm_ws/build/industrial_arm_moveit -- -j4 -l4
[1.712s] Invoking command in '/home/algam/industrial_arm_ws/build/industrial_arm_moveit': CMAKE_PREFIX_PATH=${CMAKE_PREFIX_PATH}:/opt/ros/jazzy DEBUGINFOD_URLS=https://debuginfod.ubuntu.com /usr/bin/cmake --install /home/algam/industrial_arm_ws/build/industrial_arm_moveit
[1.736s] -- Install configuration: ""
[1.736s] -- Installing: /home/algam/industrial_arm_ws/install/industrial_arm_moveit/share/industrial_arm_moveit/config
[1.736s] -- Installing: /home/algam/industrial_arm_ws/install/industrial_arm_moveit/share/industrial_arm_moveit/config/robot_description_semantic.srdf
[1.736s] -- Installing: /home/algam/industrial_arm_ws/install/industrial_arm_moveit/share/industrial_arm_moveit/config/moveit_controllers.yaml
[1.736s] -- Installing: /home/algam/industrial_arm_ws/install/industrial_arm_moveit/share/industrial_arm_moveit/config/kinematics.yaml
[1.736s] -- Installing: /home/algam/industrial_arm_ws/install/industrial_arm_moveit/share/industrial_arm_moveit/config/joints_limits.yaml
[1.736s] -- Installing: /home/algam/industrial_arm_ws/install/industrial_arm_moveit/share/industrial_arm_moveit/config/planning_scene_monitor.yaml
[1.736s] -- Installing: /home/algam/industrial_arm_ws/install/industrial_arm_moveit/share/industrial_arm_moveit/config/ompl_planning.yaml
[1.737s] -- Installing: /home/algam/industrial_arm_ws/install/industrial_arm_moveit/share/industrial_arm_moveit/config/robot_description.urdf.xacro
[1.737s] -- Installing: /home/algam/industrial_arm_ws/install/industrial_arm_moveit/share/industrial_arm_moveit/launch
[1.737s] -- Installing: /home/algam/industrial_arm_ws/install/industrial_arm_moveit/share/industrial_arm_moveit/launch/moveit_planning.launch.py
[1.737s] -- Installing: /home/algam/industrial_arm_ws/install/industrial_arm_moveit/share/ament_index/resource_index/package_run_dependencies/industrial_arm_moveit
[1.737s] -- Installing: /home/algam/industrial_arm_ws/install/industrial_arm_moveit/share/ament_index/resource_index/parent_prefix_path/industrial_arm_moveit
[1.737s] -- Installing: /home/algam/industrial_arm_ws/install/industrial_arm_moveit/share/industrial_arm_moveit/environment/ament_prefix_path.sh
[1.737s] -- Installing: /home/algam/industrial_arm_ws/install/industrial_arm_moveit/share/industrial_arm_moveit/environment/ament_prefix_path.dsv
[1.737s] -- Installing: /home/algam/industrial_arm_ws/install/industrial_arm_moveit/share/industrial_arm_moveit/environment/path.sh
[1.737s] -- Installing: /home/algam/industrial_arm_ws/install/industrial_arm_moveit/share/industrial_arm_moveit/environment/path.dsv
[1.737s] -- Installing: /home/algam/industrial_arm_ws/install/industrial_arm_moveit/share/industrial_arm_moveit/local_setup.bash
[1.738s] -- Installing: /home/algam/industrial_arm_ws/install/industrial_arm_moveit/share/industrial_arm_moveit/local_setup.sh
[1.738s] -- Installing: /home/algam/industrial_arm_ws/install/industrial_arm_moveit/share/industrial_arm_moveit/local_setup.zsh
[1.738s] -- Installing: /home/algam/industrial_arm_ws/install/industrial_arm_moveit/share/industrial_arm_moveit/local_setup.dsv
[1.738s] -- Installing: /home/algam/industrial_arm_ws/install/industrial_arm_moveit/share/industrial_arm_moveit/package.dsv
[1.738s] -- Installing: /home/algam/industrial_arm_ws/install/industrial_arm_moveit/share/ament_index/resource_index/packages/industrial_arm_moveit
[1.738s] -- Installing: /home/algam/industrial_arm_ws/install/industrial_arm_moveit/share/industrial_arm_moveit/cmake/industrial_arm_moveitConfig.cmake
[1.738s] -- Installing: /home/algam/industrial_arm_ws/install/industrial_arm_moveit/share/industrial_arm_moveit/cmake/industrial_arm_moveitConfig-version.cmake
[1.738s] -- Installing: /home/algam/industrial_arm_ws/install/industrial_arm_moveit/share/industrial_arm_moveit/package.xml
[1.744s] Invoked command in '/home/algam/industrial_arm_ws/build/industrial_arm_moveit' returned '0': CMAKE_PREFIX_PATH=${CMAKE_PREFIX_PATH}:/opt/ros/jazzy DEBUGINFOD_URLS=https://debuginfod.ubuntu.com /usr/bin/cmake --install /home/algam/industrial_arm_ws/build/industrial_arm_moveit
