[0.093s] Invoking command in '/home/algam/industrial_arm_ws/build/my_robot_bringup': CMAKE_PREFIX_PATH=/home/algam/industrial_arm_ws/install/my_robot_description:/home/algam/industrial_arm_ws/install/my_robot_moveit_config:/home/algam/industrial_arm_ws/install/my_robot_bringup:/home/algam/industrial_arm_ws/install/industrial_arm_moveit:/home/algam/industrial_arm_ws/install/industrial_arm_description:/opt/ros/jazzy/opt/gz_sim_vendor:/opt/ros/jazzy/opt/gz_sensors_vendor:/opt/ros/jazzy/opt/gz_physics_vendor:/opt/ros/jazzy/opt/sdformat_vendor:/opt/ros/jazzy/opt/gz_gui_vendor:/opt/ros/jazzy/opt/gz_transport_vendor:/opt/ros/jazzy/opt/gz_rendering_vendor:/opt/ros/jazzy/opt/gz_plugin_vendor:/opt/ros/jazzy/opt/gz_fuel_tools_vendor:/opt/ros/jazzy/opt/gz_msgs_vendor:/opt/ros/jazzy/opt/gz_common_vendor:/opt/ros/jazzy/opt/gz_math_vendor:/opt/ros/jazzy/opt/gz_utils_vendor:/opt/ros/jazzy/opt/gz_tools_vendor:/opt/ros/jazzy/opt/gz_ogre_next_vendor:/opt/ros/jazzy/opt/gz_dartsim_vendor:/opt/ros/jazzy/opt/gz_cmake_vendor:/opt/ros/jazzy DEBUGINFOD_URLS=https://debuginfod.ubuntu.com /usr/bin/cmake --build /home/algam/industrial_arm_ws/build/my_robot_bringup -- -j4 -l4
[0.246s] -- Found ament_cmake: 2.5.4 (/opt/ros/jazzy/share/ament_cmake/cmake)
[1.029s] -- Configuring done (0.8s)
[1.033s] -- Generating done (0.0s)
[1.036s] -- Build files have been written to: /home/algam/industrial_arm_ws/build/my_robot_bringup
[1.157s] Invoked command in '/home/algam/industrial_arm_ws/build/my_robot_bringup' returned '0': CMAKE_PREFIX_PATH=/home/algam/industrial_arm_ws/install/my_robot_description:/home/algam/industrial_arm_ws/install/my_robot_moveit_config:/home/algam/industrial_arm_ws/install/my_robot_bringup:/home/algam/industrial_arm_ws/install/industrial_arm_moveit:/home/algam/industrial_arm_ws/install/industrial_arm_description:/opt/ros/jazzy/opt/gz_sim_vendor:/opt/ros/jazzy/opt/gz_sensors_vendor:/opt/ros/jazzy/opt/gz_physics_vendor:/opt/ros/jazzy/opt/sdformat_vendor:/opt/ros/jazzy/opt/gz_gui_vendor:/opt/ros/jazzy/opt/gz_transport_vendor:/opt/ros/jazzy/opt/gz_rendering_vendor:/opt/ros/jazzy/opt/gz_plugin_vendor:/opt/ros/jazzy/opt/gz_fuel_tools_vendor:/opt/ros/jazzy/opt/gz_msgs_vendor:/opt/ros/jazzy/opt/gz_common_vendor:/opt/ros/jazzy/opt/gz_math_vendor:/opt/ros/jazzy/opt/gz_utils_vendor:/opt/ros/jazzy/opt/gz_tools_vendor:/opt/ros/jazzy/opt/gz_ogre_next_vendor:/opt/ros/jazzy/opt/gz_dartsim_vendor:/opt/ros/jazzy/opt/gz_cmake_vendor:/opt/ros/jazzy DEBUGINFOD_URLS=https://debuginfod.ubuntu.com /usr/bin/cmake --build /home/algam/industrial_arm_ws/build/my_robot_bringup -- -j4 -l4
[1.159s] Invoking command in '/home/algam/industrial_arm_ws/build/my_robot_bringup': CMAKE_PREFIX_PATH=/home/algam/industrial_arm_ws/install/my_robot_description:/home/algam/industrial_arm_ws/install/my_robot_moveit_config:/home/algam/industrial_arm_ws/install/my_robot_bringup:/home/algam/industrial_arm_ws/install/industrial_arm_moveit:/home/algam/industrial_arm_ws/install/industrial_arm_description:/opt/ros/jazzy/opt/gz_sim_vendor:/opt/ros/jazzy/opt/gz_sensors_vendor:/opt/ros/jazzy/opt/gz_physics_vendor:/opt/ros/jazzy/opt/sdformat_vendor:/opt/ros/jazzy/opt/gz_gui_vendor:/opt/ros/jazzy/opt/gz_transport_vendor:/opt/ros/jazzy/opt/gz_rendering_vendor:/opt/ros/jazzy/opt/gz_plugin_vendor:/opt/ros/jazzy/opt/gz_fuel_tools_vendor:/opt/ros/jazzy/opt/gz_msgs_vendor:/opt/ros/jazzy/opt/gz_common_vendor:/opt/ros/jazzy/opt/gz_math_vendor:/opt/ros/jazzy/opt/gz_utils_vendor:/opt/ros/jazzy/opt/gz_tools_vendor:/opt/ros/jazzy/opt/gz_ogre_next_vendor:/opt/ros/jazzy/opt/gz_dartsim_vendor:/opt/ros/jazzy/opt/gz_cmake_vendor:/opt/ros/jazzy DEBUGINFOD_URLS=https://debuginfod.ubuntu.com /usr/bin/cmake --install /home/algam/industrial_arm_ws/build/my_robot_bringup
[1.192s] -- Install configuration: ""
[1.193s] -- Up-to-date: /home/algam/industrial_arm_ws/install/my_robot_bringup/share/my_robot_bringup//config
[1.193s] -- Up-to-date: /home/algam/industrial_arm_ws/install/my_robot_bringup/share/my_robot_bringup//config/ros2_controllers.yaml
[1.193s] -- Up-to-date: /home/algam/industrial_arm_ws/install/my_robot_bringup/share/my_robot_bringup//config/gazebo_bridge.yaml
[1.193s] -- Up-to-date: /home/algam/industrial_arm_ws/install/my_robot_bringup/share/my_robot_bringup//launch
[1.193s] -- Up-to-date: /home/algam/industrial_arm_ws/install/my_robot_bringup/share/my_robot_bringup//launch/my_robot.launch.xml
[1.193s] -- Installing: /home/algam/industrial_arm_ws/install/my_robot_bringup/share/ament_index/resource_index/package_run_dependencies/my_robot_bringup
[1.194s] -- Installing: /home/algam/industrial_arm_ws/install/my_robot_bringup/share/ament_index/resource_index/parent_prefix_path/my_robot_bringup
[1.195s] -- Up-to-date: /home/algam/industrial_arm_ws/install/my_robot_bringup/share/my_robot_bringup/environment/ament_prefix_path.sh
[1.195s] -- Up-to-date: /home/algam/industrial_arm_ws/install/my_robot_bringup/share/my_robot_bringup/environment/ament_prefix_path.dsv
[1.195s] -- Up-to-date: /home/algam/industrial_arm_ws/install/my_robot_bringup/share/my_robot_bringup/environment/path.sh
[1.195s] -- Up-to-date: /home/algam/industrial_arm_ws/install/my_robot_bringup/share/my_robot_bringup/environment/path.dsv
[1.195s] -- Up-to-date: /home/algam/industrial_arm_ws/install/my_robot_bringup/share/my_robot_bringup/local_setup.bash
[1.195s] -- Up-to-date: /home/algam/industrial_arm_ws/install/my_robot_bringup/share/my_robot_bringup/local_setup.sh
[1.195s] -- Up-to-date: /home/algam/industrial_arm_ws/install/my_robot_bringup/share/my_robot_bringup/local_setup.zsh
[1.195s] -- Up-to-date: /home/algam/industrial_arm_ws/install/my_robot_bringup/share/my_robot_bringup/local_setup.dsv
[1.196s] -- Installing: /home/algam/industrial_arm_ws/install/my_robot_bringup/share/my_robot_bringup/package.dsv
[1.196s] -- Up-to-date: /home/algam/industrial_arm_ws/install/my_robot_bringup/share/ament_index/resource_index/packages/my_robot_bringup
[1.196s] -- Up-to-date: /home/algam/industrial_arm_ws/install/my_robot_bringup/share/my_robot_bringup/cmake/my_robot_bringupConfig.cmake
[1.196s] -- Up-to-date: /home/algam/industrial_arm_ws/install/my_robot_bringup/share/my_robot_bringup/cmake/my_robot_bringupConfig-version.cmake
[1.196s] -- Installing: /home/algam/industrial_arm_ws/install/my_robot_bringup/share/my_robot_bringup/package.xml
[1.208s] Invoked command in '/home/algam/industrial_arm_ws/build/my_robot_bringup' returned '0': CMAKE_PREFIX_PATH=/home/algam/industrial_arm_ws/install/my_robot_description:/home/algam/industrial_arm_ws/install/my_robot_moveit_config:/home/algam/industrial_arm_ws/install/my_robot_bringup:/home/algam/industrial_arm_ws/install/industrial_arm_moveit:/home/algam/industrial_arm_ws/install/industrial_arm_description:/opt/ros/jazzy/opt/gz_sim_vendor:/opt/ros/jazzy/opt/gz_sensors_vendor:/opt/ros/jazzy/opt/gz_physics_vendor:/opt/ros/jazzy/opt/sdformat_vendor:/opt/ros/jazzy/opt/gz_gui_vendor:/opt/ros/jazzy/opt/gz_transport_vendor:/opt/ros/jazzy/opt/gz_rendering_vendor:/opt/ros/jazzy/opt/gz_plugin_vendor:/opt/ros/jazzy/opt/gz_fuel_tools_vendor:/opt/ros/jazzy/opt/gz_msgs_vendor:/opt/ros/jazzy/opt/gz_common_vendor:/opt/ros/jazzy/opt/gz_math_vendor:/opt/ros/jazzy/opt/gz_utils_vendor:/opt/ros/jazzy/opt/gz_tools_vendor:/opt/ros/jazzy/opt/gz_ogre_next_vendor:/opt/ros/jazzy/opt/gz_dartsim_vendor:/opt/ros/jazzy/opt/gz_cmake_vendor:/opt/ros/jazzy DEBUGINFOD_URLS=https://debuginfod.ubuntu.com /usr/bin/cmake --install /home/algam/industrial_arm_ws/build/my_robot_bringup
