[0.040s] Invoking command in '/home/algam/industrial_arm_ws/build/industrial_arm_moveit': CMAKE_PREFIX_PATH=/home/algam/industrial_arm_ws/install/industrial_arm_description:/home/algam/industrial_arm_ws/install/industrial_arm_moveit:/opt/ros/jazzy/opt/gz_sim_vendor:/opt/ros/jazzy/opt/gz_sensors_vendor:/opt/ros/jazzy/opt/gz_physics_vendor:/opt/ros/jazzy/opt/sdformat_vendor:/opt/ros/jazzy/opt/gz_gui_vendor:/opt/ros/jazzy/opt/gz_transport_vendor:/opt/ros/jazzy/opt/gz_rendering_vendor:/opt/ros/jazzy/opt/gz_plugin_vendor:/opt/ros/jazzy/opt/gz_fuel_tools_vendor:/opt/ros/jazzy/opt/gz_msgs_vendor:/opt/ros/jazzy/opt/gz_common_vendor:/opt/ros/jazzy/opt/gz_math_vendor:/opt/ros/jazzy/opt/gz_utils_vendor:/opt/ros/jazzy/opt/gz_tools_vendor:/opt/ros/jazzy/opt/gz_ogre_next_vendor:/opt/ros/jazzy/opt/gz_dartsim_vendor:/opt/ros/jazzy/opt/gz_cmake_vendor:/opt/ros/jazzy DEBUGINFOD_URLS=https://debuginfod.ubuntu.com /usr/bin/cmake --build /home/algam/industrial_arm_ws/build/industrial_arm_moveit -- -j4 -l4
[0.177s] Invoked command in '/home/algam/industrial_arm_ws/build/industrial_arm_moveit' returned '0': CMAKE_PREFIX_PATH=/home/algam/industrial_arm_ws/install/industrial_arm_description:/home/algam/industrial_arm_ws/install/industrial_arm_moveit:/opt/ros/jazzy/opt/gz_sim_vendor:/opt/ros/jazzy/opt/gz_sensors_vendor:/opt/ros/jazzy/opt/gz_physics_vendor:/opt/ros/jazzy/opt/sdformat_vendor:/opt/ros/jazzy/opt/gz_gui_vendor:/opt/ros/jazzy/opt/gz_transport_vendor:/opt/ros/jazzy/opt/gz_rendering_vendor:/opt/ros/jazzy/opt/gz_plugin_vendor:/opt/ros/jazzy/opt/gz_fuel_tools_vendor:/opt/ros/jazzy/opt/gz_msgs_vendor:/opt/ros/jazzy/opt/gz_common_vendor:/opt/ros/jazzy/opt/gz_math_vendor:/opt/ros/jazzy/opt/gz_utils_vendor:/opt/ros/jazzy/opt/gz_tools_vendor:/opt/ros/jazzy/opt/gz_ogre_next_vendor:/opt/ros/jazzy/opt/gz_dartsim_vendor:/opt/ros/jazzy/opt/gz_cmake_vendor:/opt/ros/jazzy DEBUGINFOD_URLS=https://debuginfod.ubuntu.com /usr/bin/cmake --build /home/algam/industrial_arm_ws/build/industrial_arm_moveit -- -j4 -l4
[0.181s] Invoking command in '/home/algam/industrial_arm_ws/build/industrial_arm_moveit': CMAKE_PREFIX_PATH=/home/algam/industrial_arm_ws/install/industrial_arm_description:/home/algam/industrial_arm_ws/install/industrial_arm_moveit:/opt/ros/jazzy/opt/gz_sim_vendor:/opt/ros/jazzy/opt/gz_sensors_vendor:/opt/ros/jazzy/opt/gz_physics_vendor:/opt/ros/jazzy/opt/sdformat_vendor:/opt/ros/jazzy/opt/gz_gui_vendor:/opt/ros/jazzy/opt/gz_transport_vendor:/opt/ros/jazzy/opt/gz_rendering_vendor:/opt/ros/jazzy/opt/gz_plugin_vendor:/opt/ros/jazzy/opt/gz_fuel_tools_vendor:/opt/ros/jazzy/opt/gz_msgs_vendor:/opt/ros/jazzy/opt/gz_common_vendor:/opt/ros/jazzy/opt/gz_math_vendor:/opt/ros/jazzy/opt/gz_utils_vendor:/opt/ros/jazzy/opt/gz_tools_vendor:/opt/ros/jazzy/opt/gz_ogre_next_vendor:/opt/ros/jazzy/opt/gz_dartsim_vendor:/opt/ros/jazzy/opt/gz_cmake_vendor:/opt/ros/jazzy DEBUGINFOD_URLS=https://debuginfod.ubuntu.com /usr/bin/cmake --install /home/algam/industrial_arm_ws/build/industrial_arm_moveit
[0.211s] -- Install configuration: ""
[0.211s] -- Up-to-date: /home/algam/industrial_arm_ws/install/industrial_arm_moveit/share/ament_index/resource_index/package_run_dependencies/industrial_arm_moveit
[0.212s] -- Up-to-date: /home/algam/industrial_arm_ws/install/industrial_arm_moveit/share/ament_index/resource_index/parent_prefix_path/industrial_arm_moveit
[0.212s] -- Up-to-date: /home/algam/industrial_arm_ws/install/industrial_arm_moveit/share/industrial_arm_moveit/environment/ament_prefix_path.sh
[0.212s] -- Up-to-date: /home/algam/industrial_arm_ws/install/industrial_arm_moveit/share/industrial_arm_moveit/environment/ament_prefix_path.dsv
[0.212s] -- Up-to-date: /home/algam/industrial_arm_ws/install/industrial_arm_moveit/share/industrial_arm_moveit/environment/path.sh
[0.212s] -- Up-to-date: /home/algam/industrial_arm_ws/install/industrial_arm_moveit/share/industrial_arm_moveit/environment/path.dsv
[0.212s] -- Up-to-date: /home/algam/industrial_arm_ws/install/industrial_arm_moveit/share/industrial_arm_moveit/local_setup.bash
[0.212s] -- Up-to-date: /home/algam/industrial_arm_ws/install/industrial_arm_moveit/share/industrial_arm_moveit/local_setup.sh
[0.212s] -- Up-to-date: /home/algam/industrial_arm_ws/install/industrial_arm_moveit/share/industrial_arm_moveit/local_setup.zsh
[0.212s] -- Up-to-date: /home/algam/industrial_arm_ws/install/industrial_arm_moveit/share/industrial_arm_moveit/local_setup.dsv
[0.212s] -- Installing: /home/algam/industrial_arm_ws/install/industrial_arm_moveit/share/industrial_arm_moveit/package.dsv
[0.213s] -- Up-to-date: /home/algam/industrial_arm_ws/install/industrial_arm_moveit/share/ament_index/resource_index/packages/industrial_arm_moveit
[0.213s] -- Up-to-date: /home/algam/industrial_arm_ws/install/industrial_arm_moveit/share/industrial_arm_moveit/cmake/industrial_arm_moveitConfig.cmake
[0.214s] -- Up-to-date: /home/algam/industrial_arm_ws/install/industrial_arm_moveit/share/industrial_arm_moveit/cmake/industrial_arm_moveitConfig-version.cmake
[0.214s] -- Up-to-date: /home/algam/industrial_arm_ws/install/industrial_arm_moveit/share/industrial_arm_moveit/package.xml
[0.214s] -- Up-to-date: /home/algam/industrial_arm_ws/install/industrial_arm_moveit/share/industrial_arm_moveit/launch
[0.214s] -- Up-to-date: /home/algam/industrial_arm_ws/install/industrial_arm_moveit/share/industrial_arm_moveit/launch/static_virtual_joint_tfs.launch.py
[0.214s] -- Up-to-date: /home/algam/industrial_arm_ws/install/industrial_arm_moveit/share/industrial_arm_moveit/launch/moveit_rviz.launch.py
[0.214s] -- Up-to-date: /home/algam/industrial_arm_ws/install/industrial_arm_moveit/share/industrial_arm_moveit/launch/spawn_controllers.launch.py
[0.214s] -- Up-to-date: /home/algam/industrial_arm_ws/install/industrial_arm_moveit/share/industrial_arm_moveit/launch/move_group.launch.py
[0.214s] -- Up-to-date: /home/algam/industrial_arm_ws/install/industrial_arm_moveit/share/industrial_arm_moveit/launch/rsp.launch.py
[0.214s] -- Up-to-date: /home/algam/industrial_arm_ws/install/industrial_arm_moveit/share/industrial_arm_moveit/launch/demo.launch.py
[0.214s] -- Up-to-date: /home/algam/industrial_arm_ws/install/industrial_arm_moveit/share/industrial_arm_moveit/launch/setup_assistant.launch.py
[0.214s] -- Up-to-date: /home/algam/industrial_arm_ws/install/industrial_arm_moveit/share/industrial_arm_moveit/launch/warehouse_db.launch.py
[0.214s] -- Up-to-date: /home/algam/industrial_arm_ws/install/industrial_arm_moveit/share/industrial_arm_moveit/config
[0.214s] -- Up-to-date: /home/algam/industrial_arm_ws/install/industrial_arm_moveit/share/industrial_arm_moveit/config/ros2_controllers.yaml
[0.214s] -- Up-to-date: /home/algam/industrial_arm_ws/install/industrial_arm_moveit/share/industrial_arm_moveit/config/joint_limits.yaml
[0.215s] -- Up-to-date: /home/algam/industrial_arm_ws/install/industrial_arm_moveit/share/industrial_arm_moveit/config/moveit_controllers.yaml
[0.215s] -- Up-to-date: /home/algam/industrial_arm_ws/install/industrial_arm_moveit/share/industrial_arm_moveit/config/kinematics.yaml
[0.215s] -- Up-to-date: /home/algam/industrial_arm_ws/install/industrial_arm_moveit/share/industrial_arm_moveit/config/pilz_cartesian_limits.yaml
[0.215s] -- Installing: /home/algam/industrial_arm_ws/install/industrial_arm_moveit/share/industrial_arm_moveit/config/planning_pipelines.yaml
[0.215s] -- Up-to-date: /home/algam/industrial_arm_ws/install/industrial_arm_moveit/share/industrial_arm_moveit/config/industrial_arm.ros2_control.xacro
[0.215s] -- Up-to-date: /home/algam/industrial_arm_ws/install/industrial_arm_moveit/share/industrial_arm_moveit/config/moveit.rviz
[0.215s] -- Up-to-date: /home/algam/industrial_arm_ws/install/industrial_arm_moveit/share/industrial_arm_moveit/config/industrial_arm.srdf
[0.215s] -- Up-to-date: /home/algam/industrial_arm_ws/install/industrial_arm_moveit/share/industrial_arm_moveit/config/initial_positions.yaml
[0.215s] -- Up-to-date: /home/algam/industrial_arm_ws/install/industrial_arm_moveit/share/industrial_arm_moveit/config/industrial_arm.urdf.xacro
[0.215s] -- Installing: /home/algam/industrial_arm_ws/install/industrial_arm_moveit/share/industrial_arm_moveit/config/ompl_planning.yaml
[0.215s] -- Up-to-date: /home/algam/industrial_arm_ws/install/industrial_arm_moveit/share/industrial_arm_moveit/.setup_assistant
[0.220s] Invoked command in '/home/algam/industrial_arm_ws/build/industrial_arm_moveit' returned '0': CMAKE_PREFIX_PATH=/home/algam/industrial_arm_ws/install/industrial_arm_description:/home/algam/industrial_arm_ws/install/industrial_arm_moveit:/opt/ros/jazzy/opt/gz_sim_vendor:/opt/ros/jazzy/opt/gz_sensors_vendor:/opt/ros/jazzy/opt/gz_physics_vendor:/opt/ros/jazzy/opt/sdformat_vendor:/opt/ros/jazzy/opt/gz_gui_vendor:/opt/ros/jazzy/opt/gz_transport_vendor:/opt/ros/jazzy/opt/gz_rendering_vendor:/opt/ros/jazzy/opt/gz_plugin_vendor:/opt/ros/jazzy/opt/gz_fuel_tools_vendor:/opt/ros/jazzy/opt/gz_msgs_vendor:/opt/ros/jazzy/opt/gz_common_vendor:/opt/ros/jazzy/opt/gz_math_vendor:/opt/ros/jazzy/opt/gz_utils_vendor:/opt/ros/jazzy/opt/gz_tools_vendor:/opt/ros/jazzy/opt/gz_ogre_next_vendor:/opt/ros/jazzy/opt/gz_dartsim_vendor:/opt/ros/jazzy/opt/gz_cmake_vendor:/opt/ros/jazzy DEBUGINFOD_URLS=https://debuginfod.ubuntu.com /usr/bin/cmake --install /home/algam/industrial_arm_ws/build/industrial_arm_moveit
