[0.043s] Invoking command in '/home/algam/industrial_arm_ws/build/my_robot_description': CMAKE_PREFIX_PATH=${CMAKE_PREFIX_PATH}:/opt/ros/jazzy DEBUGINFOD_URLS=https://debuginfod.ubuntu.com /usr/bin/cmake /home/algam/industrial_arm_ws/src/my_robot_description -DCMAKE_INSTALL_PREFIX=/home/algam/industrial_arm_ws/install/my_robot_description
[0.463s] -- The C compiler identification is GNU 13.3.0
[0.786s] -- The CXX compiler identification is GNU 13.3.0
[0.887s] -- Detecting C compiler ABI info
[1.363s] -- Detecting C compiler ABI info - done
[1.373s] -- Check for working C compiler: /usr/bin/cc - skipped
[1.381s] -- Detecting C compile features
[1.383s] -- Detecting C compile features - done
[1.421s] -- Detecting CXX compiler ABI info
[1.926s] -- Detecting CXX compiler ABI info - done
[1.939s] -- Check for working CXX compiler: /usr/bin/c++ - skipped
[1.939s] -- Detecting CXX compile features
[1.939s] -- Detecting CXX compile features - done
[1.957s] -- Found ament_cmake: 2.5.4 (/opt/ros/jazzy/share/ament_cmake/cmake)
[2.389s] -- Found Python3: /usr/bin/python3 (found version "3.12.3") found components: Interpreter 
[2.834s] -- Configuring done (2.7s)
[2.838s] -- Generating done (0.0s)
[2.840s] -- Build files have been written to: /home/algam/industrial_arm_ws/build/my_robot_description
[2.861s] Invoked command in '/home/algam/industrial_arm_ws/build/my_robot_description' returned '0': CMAKE_PREFIX_PATH=${CMAKE_PREFIX_PATH}:/opt/ros/jazzy DEBUGINFOD_URLS=https://debuginfod.ubuntu.com /usr/bin/cmake /home/algam/industrial_arm_ws/src/my_robot_description -DCMAKE_INSTALL_PREFIX=/home/algam/industrial_arm_ws/install/my_robot_description
[2.861s] Invoking command in '/home/algam/industrial_arm_ws/build/my_robot_description': CMAKE_PREFIX_PATH=${CMAKE_PREFIX_PATH}:/opt/ros/jazzy DEBUGINFOD_URLS=https://debuginfod.ubuntu.com /usr/bin/cmake --build /home/algam/industrial_arm_ws/build/my_robot_description -- -j4 -l4
[3.133s] Invoked command in '/home/algam/industrial_arm_ws/build/my_robot_description' returned '0': CMAKE_PREFIX_PATH=${CMAKE_PREFIX_PATH}:/opt/ros/jazzy DEBUGINFOD_URLS=https://debuginfod.ubuntu.com /usr/bin/cmake --build /home/algam/industrial_arm_ws/build/my_robot_description -- -j4 -l4
[3.138s] Invoking command in '/home/algam/industrial_arm_ws/build/my_robot_description': CMAKE_PREFIX_PATH=${CMAKE_PREFIX_PATH}:/opt/ros/jazzy DEBUGINFOD_URLS=https://debuginfod.ubuntu.com /usr/bin/cmake --install /home/algam/industrial_arm_ws/build/my_robot_description
[3.233s] -- Install configuration: ""
[3.234s] -- Installing: /home/algam/industrial_arm_ws/install/my_robot_description/share/my_robot_description/launch
[3.234s] -- Installing: /home/algam/industrial_arm_ws/install/my_robot_description/share/my_robot_description/launch/display.launch.xml
[3.234s] -- Installing: /home/algam/industrial_arm_ws/install/my_robot_description/share/my_robot_description/rviz
[3.234s] -- Installing: /home/algam/industrial_arm_ws/install/my_robot_description/share/my_robot_description/rviz/urdf_config.rviz
[3.235s] -- Installing: /home/algam/industrial_arm_ws/install/my_robot_description/share/my_robot_description/urdf
[3.235s] -- Installing: /home/algam/industrial_arm_ws/install/my_robot_description/share/my_robot_description/urdf/gripper.xacro
[3.235s] -- Installing: /home/algam/industrial_arm_ws/install/my_robot_description/share/my_robot_description/urdf/arm.xacro
[3.236s] -- Installing: /home/algam/industrial_arm_ws/install/my_robot_description/share/my_robot_description/urdf/common_properties.xacro
[3.236s] -- Installing: /home/algam/industrial_arm_ws/install/my_robot_description/share/my_robot_description/urdf/my_robot.urdf.xacro
[3.236s] -- Installing: /home/algam/industrial_arm_ws/install/my_robot_description/share/my_robot_description/urdf/my_robot.ros2_control.xacro
[3.237s] -- Installing: /home/algam/industrial_arm_ws/install/my_robot_description/share/ament_index/resource_index/package_run_dependencies/my_robot_description
[3.239s] -- Installing: /home/algam/industrial_arm_ws/install/my_robot_description/share/ament_index/resource_index/parent_prefix_path/my_robot_description
[3.240s] -- Installing: /home/algam/industrial_arm_ws/install/my_robot_description/share/my_robot_description/environment/ament_prefix_path.sh
[3.240s] -- Installing: /home/algam/industrial_arm_ws/install/my_robot_description/share/my_robot_description/environment/ament_prefix_path.dsv
[3.240s] -- Installing: /home/algam/industrial_arm_ws/install/my_robot_description/share/my_robot_description/environment/path.sh
[3.241s] -- Installing: /home/algam/industrial_arm_ws/install/my_robot_description/share/my_robot_description/environment/path.dsv
[3.241s] -- Installing: /home/algam/industrial_arm_ws/install/my_robot_description/share/my_robot_description/local_setup.bash
[3.252s] -- Installing: /home/algam/industrial_arm_ws/install/my_robot_description/share/my_robot_description/local_setup.sh
[3.252s] -- Installing: /home/algam/industrial_arm_ws/install/my_robot_description/share/my_robot_description/local_setup.zsh
[3.260s] -- Installing: /home/algam/industrial_arm_ws/install/my_robot_description/share/my_robot_description/local_setup.dsv
[3.260s] -- Installing: /home/algam/industrial_arm_ws/install/my_robot_description/share/my_robot_description/package.dsv
[3.260s] -- Installing: /home/algam/industrial_arm_ws/install/my_robot_description/share/ament_index/resource_index/packages/my_robot_description
[3.260s] -- Installing: /home/algam/industrial_arm_ws/install/my_robot_description/share/my_robot_description/cmake/my_robot_descriptionConfig.cmake
[3.260s] -- Installing: /home/algam/industrial_arm_ws/install/my_robot_description/share/my_robot_description/cmake/my_robot_descriptionConfig-version.cmake
[3.260s] -- Installing: /home/algam/industrial_arm_ws/install/my_robot_description/share/my_robot_description/package.xml
[3.271s] Invoked command in '/home/algam/industrial_arm_ws/build/my_robot_description' returned '0': CMAKE_PREFIX_PATH=${CMAKE_PREFIX_PATH}:/opt/ros/jazzy DEBUGINFOD_URLS=https://debuginfod.ubuntu.com /usr/bin/cmake --install /home/algam/industrial_arm_ws/build/my_robot_description
