-- Install configuration: ""
-- Up-to-date: /home/algam/industrial_arm_ws/install/industrial_arm_description/share/industrial_arm_description/launch
-- Up-to-date: /home/algam/industrial_arm_ws/install/industrial_arm_description/share/industrial_arm_description/launch/display.launch.py
-- Up-to-date: /home/algam/industrial_arm_ws/install/industrial_arm_description/share/industrial_arm_description/rviz
-- Up-to-date: /home/algam/industrial_arm_ws/install/industrial_arm_description/share/industrial_arm_description/rviz/view_robot.rviz
-- Up-to-date: /home/algam/industrial_arm_ws/install/industrial_arm_description/share/industrial_arm_description/urdf
-- Up-to-date: /home/algam/industrial_arm_ws/install/industrial_arm_description/share/industrial_arm_description/urdf/transmissions.xacro
-- Installing: /home/algam/industrial_arm_ws/install/industrial_arm_description/share/industrial_arm_description/urdf/macros.xacro
-- Up-to-date: /home/algam/industrial_arm_ws/install/industrial_arm_description/share/industrial_arm_description/urdf/materials.xacro
-- Installing: /home/algam/industrial_arm_ws/install/industrial_arm_description/share/industrial_arm_description/urdf/industrial_arm.xacro
-- Up-to-date: /home/algam/industrial_arm_ws/install/industrial_arm_description/share/ament_index/resource_index/package_run_dependencies/industrial_arm_description
-- Up-to-date: /home/algam/industrial_arm_ws/install/industrial_arm_description/share/ament_index/resource_index/parent_prefix_path/industrial_arm_description
-- Up-to-date: /home/algam/industrial_arm_ws/install/industrial_arm_description/share/industrial_arm_description/environment/ament_prefix_path.sh
-- Up-to-date: /home/algam/industrial_arm_ws/install/industrial_arm_description/share/industrial_arm_description/environment/ament_prefix_path.dsv
-- Up-to-date: /home/algam/industrial_arm_ws/install/industrial_arm_description/share/industrial_arm_description/environment/path.sh
-- Up-to-date: /home/algam/industrial_arm_ws/install/industrial_arm_description/share/industrial_arm_description/environment/path.dsv
-- Up-to-date: /home/algam/industrial_arm_ws/install/industrial_arm_description/share/industrial_arm_description/local_setup.bash
-- Up-to-date: /home/algam/industrial_arm_ws/install/industrial_arm_description/share/industrial_arm_description/local_setup.sh
-- Up-to-date: /home/algam/industrial_arm_ws/install/industrial_arm_description/share/industrial_arm_description/local_setup.zsh
-- Up-to-date: /home/algam/industrial_arm_ws/install/industrial_arm_description/share/industrial_arm_description/local_setup.dsv
-- Installing: /home/algam/industrial_arm_ws/install/industrial_arm_description/share/industrial_arm_description/package.dsv
-- Up-to-date: /home/algam/industrial_arm_ws/install/industrial_arm_description/share/ament_index/resource_index/packages/industrial_arm_description
-- Up-to-date: /home/algam/industrial_arm_ws/install/industrial_arm_description/share/industrial_arm_description/cmake/industrial_arm_descriptionConfig.cmake
-- Up-to-date: /home/algam/industrial_arm_ws/install/industrial_arm_description/share/industrial_arm_description/cmake/industrial_arm_descriptionConfig-version.cmake
-- Up-to-date: /home/algam/industrial_arm_ws/install/industrial_arm_description/share/industrial_arm_description/package.xml
