[0.054s] Invoking command in '/home/algam/industrial_arm_ws/build/industrial_arm_moveit': CMAKE_PREFIX_PATH=${CMAKE_PREFIX_PATH}:/opt/ros/jazzy DEBUGINFOD_URLS=https://debuginfod.ubuntu.com /usr/bin/cmake --build /home/algam/industrial_arm_ws/build/industrial_arm_moveit -- -j4 -l4
[0.284s] Invoked command in '/home/algam/industrial_arm_ws/build/industrial_arm_moveit' returned '0': CMAKE_PREFIX_PATH=${CMAKE_PREFIX_PATH}:/opt/ros/jazzy DEBUGINFOD_URLS=https://debuginfod.ubuntu.com /usr/bin/cmake --build /home/algam/industrial_arm_ws/build/industrial_arm_moveit -- -j4 -l4
[0.285s] Invoking command in '/home/algam/industrial_arm_ws/build/industrial_arm_moveit': CMAKE_PREFIX_PATH=${CMAKE_PREFIX_PATH}:/opt/ros/jazzy DEBUGINFOD_URLS=https://debuginfod.ubuntu.com /usr/bin/cmake --install /home/algam/industrial_arm_ws/build/industrial_arm_moveit
[0.330s] -- Install configuration: ""
[0.331s] -- Up-to-date: /home/algam/industrial_arm_ws/install/industrial_arm_moveit/share/industrial_arm_moveit/config
[0.331s] -- Up-to-date: /home/algam/industrial_arm_ws/install/industrial_arm_moveit/share/industrial_arm_moveit/config/robot_description_semantic.srdf
[0.331s] -- Installing: /home/algam/industrial_arm_ws/install/industrial_arm_moveit/share/industrial_arm_moveit/config/joint_limits.yaml
[0.331s] -- Up-to-date: /home/algam/industrial_arm_ws/install/industrial_arm_moveit/share/industrial_arm_moveit/config/moveit_controllers.yaml
[0.331s] -- Up-to-date: /home/algam/industrial_arm_ws/install/industrial_arm_moveit/share/industrial_arm_moveit/config/kinematics.yaml
[0.332s] -- Installing: /home/algam/industrial_arm_ws/install/industrial_arm_moveit/share/industrial_arm_moveit/config/planning_scene_monitor.yaml
[0.332s] -- Installing: /home/algam/industrial_arm_ws/install/industrial_arm_moveit/share/industrial_arm_moveit/config/ompl_planning.yaml
[0.332s] -- Up-to-date: /home/algam/industrial_arm_ws/install/industrial_arm_moveit/share/industrial_arm_moveit/config/robot_description.urdf.xacro
[0.332s] -- Up-to-date: /home/algam/industrial_arm_ws/install/industrial_arm_moveit/share/industrial_arm_moveit/launch
[0.332s] -- Up-to-date: /home/algam/industrial_arm_ws/install/industrial_arm_moveit/share/industrial_arm_moveit/launch/moveit_planning.launch.py
[0.332s] -- Up-to-date: /home/algam/industrial_arm_ws/install/industrial_arm_moveit/share/industrial_arm_moveit/rviz
[0.332s] -- Up-to-date: /home/algam/industrial_arm_ws/install/industrial_arm_moveit/share/industrial_arm_moveit/rviz/movieit.rviz
[0.332s] -- Up-to-date: /home/algam/industrial_arm_ws/install/industrial_arm_moveit/share/ament_index/resource_index/package_run_dependencies/industrial_arm_moveit
[0.333s] -- Up-to-date: /home/algam/industrial_arm_ws/install/industrial_arm_moveit/share/ament_index/resource_index/parent_prefix_path/industrial_arm_moveit
[0.333s] -- Up-to-date: /home/algam/industrial_arm_ws/install/industrial_arm_moveit/share/industrial_arm_moveit/environment/ament_prefix_path.sh
[0.333s] -- Up-to-date: /home/algam/industrial_arm_ws/install/industrial_arm_moveit/share/industrial_arm_moveit/environment/ament_prefix_path.dsv
[0.333s] -- Up-to-date: /home/algam/industrial_arm_ws/install/industrial_arm_moveit/share/industrial_arm_moveit/environment/path.sh
[0.333s] -- Up-to-date: /home/algam/industrial_arm_ws/install/industrial_arm_moveit/share/industrial_arm_moveit/environment/path.dsv
[0.333s] -- Up-to-date: /home/algam/industrial_arm_ws/install/industrial_arm_moveit/share/industrial_arm_moveit/local_setup.bash
[0.333s] -- Up-to-date: /home/algam/industrial_arm_ws/install/industrial_arm_moveit/share/industrial_arm_moveit/local_setup.sh
[0.333s] -- Up-to-date: /home/algam/industrial_arm_ws/install/industrial_arm_moveit/share/industrial_arm_moveit/local_setup.zsh
[0.333s] -- Up-to-date: /home/algam/industrial_arm_ws/install/industrial_arm_moveit/share/industrial_arm_moveit/local_setup.dsv
[0.333s] -- Installing: /home/algam/industrial_arm_ws/install/industrial_arm_moveit/share/industrial_arm_moveit/package.dsv
[0.333s] -- Up-to-date: /home/algam/industrial_arm_ws/install/industrial_arm_moveit/share/ament_index/resource_index/packages/industrial_arm_moveit
[0.334s] -- Up-to-date: /home/algam/industrial_arm_ws/install/industrial_arm_moveit/share/industrial_arm_moveit/cmake/industrial_arm_moveitConfig.cmake
[0.334s] -- Up-to-date: /home/algam/industrial_arm_ws/install/industrial_arm_moveit/share/industrial_arm_moveit/cmake/industrial_arm_moveitConfig-version.cmake
[0.334s] -- Up-to-date: /home/algam/industrial_arm_ws/install/industrial_arm_moveit/share/industrial_arm_moveit/package.xml
[0.367s] Invoked command in '/home/algam/industrial_arm_ws/build/industrial_arm_moveit' returned '0': CMAKE_PREFIX_PATH=${CMAKE_PREFIX_PATH}:/opt/ros/jazzy DEBUGINFOD_URLS=https://debuginfod.ubuntu.com /usr/bin/cmake --install /home/algam/industrial_arm_ws/build/industrial_arm_moveit
