[0.027s] Invoking command in '/home/algam/industrial_arm_ws/build/my_robot_description': CMAKE_PREFIX_PATH=${CMAKE_PREFIX_PATH}:/opt/ros/jazzy DEBUGINFOD_URLS=https://debuginfod.ubuntu.com /usr/bin/cmake --build /home/algam/industrial_arm_ws/build/my_robot_description -- -j4 -l4
[0.261s] Invoked command in '/home/algam/industrial_arm_ws/build/my_robot_description' returned '0': CMAKE_PREFIX_PATH=${CMAKE_PREFIX_PATH}:/opt/ros/jazzy DEBUGINFOD_URLS=https://debuginfod.ubuntu.com /usr/bin/cmake --build /home/algam/industrial_arm_ws/build/my_robot_description -- -j4 -l4
[0.292s] Invoking command in '/home/algam/industrial_arm_ws/build/my_robot_description': CMAKE_PREFIX_PATH=${CMAKE_PREFIX_PATH}:/opt/ros/jazzy DEBUGINFOD_URLS=https://debuginfod.ubuntu.com /usr/bin/cmake --install /home/algam/industrial_arm_ws/build/my_robot_description
[0.340s] -- Install configuration: ""
[0.341s] -- Up-to-date: /home/algam/industrial_arm_ws/install/my_robot_description/share/my_robot_description/launch
[0.341s] -- Up-to-date: /home/algam/industrial_arm_ws/install/my_robot_description/share/my_robot_description/launch/display.launch.xml
[0.341s] -- Up-to-date: /home/algam/industrial_arm_ws/install/my_robot_description/share/my_robot_description/rviz
[0.341s] -- Up-to-date: /home/algam/industrial_arm_ws/install/my_robot_description/share/my_robot_description/rviz/urdf_config.rviz
[0.341s] -- Up-to-date: /home/algam/industrial_arm_ws/install/my_robot_description/share/my_robot_description/urdf
[0.345s] -- Up-to-date: /home/algam/industrial_arm_ws/install/my_robot_description/share/my_robot_description/urdf/gripper.xacro
[0.345s] -- Installing: /home/algam/industrial_arm_ws/install/my_robot_description/share/my_robot_description/urdf/arm.xacro
[0.345s] -- Up-to-date: /home/algam/industrial_arm_ws/install/my_robot_description/share/my_robot_description/urdf/common_properties.xacro
[0.345s] -- Up-to-date: /home/algam/industrial_arm_ws/install/my_robot_description/share/my_robot_description/urdf/my_robot.urdf.xacro
[0.345s] -- Up-to-date: /home/algam/industrial_arm_ws/install/my_robot_description/share/my_robot_description/urdf/my_robot.ros2_control.xacro
[0.345s] -- Up-to-date: /home/algam/industrial_arm_ws/install/my_robot_description/share/ament_index/resource_index/package_run_dependencies/my_robot_description
[0.345s] -- Up-to-date: /home/algam/industrial_arm_ws/install/my_robot_description/share/ament_index/resource_index/parent_prefix_path/my_robot_description
[0.348s] -- Up-to-date: /home/algam/industrial_arm_ws/install/my_robot_description/share/my_robot_description/environment/ament_prefix_path.sh
[0.348s] -- Up-to-date: /home/algam/industrial_arm_ws/install/my_robot_description/share/my_robot_description/environment/ament_prefix_path.dsv
[0.348s] -- Up-to-date: /home/algam/industrial_arm_ws/install/my_robot_description/share/my_robot_description/environment/path.sh
[0.348s] -- Up-to-date: /home/algam/industrial_arm_ws/install/my_robot_description/share/my_robot_description/environment/path.dsv
[0.348s] -- Up-to-date: /home/algam/industrial_arm_ws/install/my_robot_description/share/my_robot_description/local_setup.bash
[0.348s] -- Up-to-date: /home/algam/industrial_arm_ws/install/my_robot_description/share/my_robot_description/local_setup.sh
[0.348s] -- Up-to-date: /home/algam/industrial_arm_ws/install/my_robot_description/share/my_robot_description/local_setup.zsh
[0.349s] -- Up-to-date: /home/algam/industrial_arm_ws/install/my_robot_description/share/my_robot_description/local_setup.dsv
[0.349s] -- Installing: /home/algam/industrial_arm_ws/install/my_robot_description/share/my_robot_description/package.dsv
[0.349s] -- Up-to-date: /home/algam/industrial_arm_ws/install/my_robot_description/share/ament_index/resource_index/packages/my_robot_description
[0.349s] -- Up-to-date: /home/algam/industrial_arm_ws/install/my_robot_description/share/my_robot_description/cmake/my_robot_descriptionConfig.cmake
[0.349s] -- Up-to-date: /home/algam/industrial_arm_ws/install/my_robot_description/share/my_robot_description/cmake/my_robot_descriptionConfig-version.cmake
[0.352s] -- Up-to-date: /home/algam/industrial_arm_ws/install/my_robot_description/share/my_robot_description/package.xml
[0.377s] Invoked command in '/home/algam/industrial_arm_ws/build/my_robot_description' returned '0': CMAKE_PREFIX_PATH=${CMAKE_PREFIX_PATH}:/opt/ros/jazzy DEBUGINFOD_URLS=https://debuginfod.ubuntu.com /usr/bin/cmake --install /home/algam/industrial_arm_ws/build/my_robot_description
