-- Install configuration: ""
-- Up-to-date: /home/algam/industrial_arm_ws/install/industrial_arm_moveit/share/industrial_arm_moveit/config
-- Up-to-date: /home/algam/industrial_arm_ws/install/industrial_arm_moveit/share/industrial_arm_moveit/config/robot_description_semantic.srdf
-- Up-to-date: /home/algam/industrial_arm_ws/install/industrial_arm_moveit/share/industrial_arm_moveit/config/joint_limits.yaml
-- Up-to-date: /home/algam/industrial_arm_ws/install/industrial_arm_moveit/share/industrial_arm_moveit/config/moveit_controllers.yaml
-- Installing: /home/algam/industrial_arm_ws/install/industrial_arm_moveit/share/industrial_arm_moveit/config/kinematics.yaml
-- Up-to-date: /home/algam/industrial_arm_ws/install/industrial_arm_moveit/share/industrial_arm_moveit/config/planning_scene_monitor.yaml
-- Up-to-date: /home/algam/industrial_arm_ws/install/industrial_arm_moveit/share/industrial_arm_moveit/config/ompl_planning.yaml
-- Installing: /home/algam/industrial_arm_ws/install/industrial_arm_moveit/share/industrial_arm_moveit/config/robot_description.urdf.xacro
-- Up-to-date: /home/algam/industrial_arm_ws/install/industrial_arm_moveit/share/industrial_arm_moveit/launch
-- Up-to-date: /home/algam/industrial_arm_ws/install/industrial_arm_moveit/share/industrial_arm_moveit/launch/moveit_planning.launch.py
-- Up-to-date: /home/algam/industrial_arm_ws/install/industrial_arm_moveit/share/ament_index/resource_index/package_run_dependencies/industrial_arm_moveit
-- Up-to-date: /home/algam/industrial_arm_ws/install/industrial_arm_moveit/share/ament_index/resource_index/parent_prefix_path/industrial_arm_moveit
-- Up-to-date: /home/algam/industrial_arm_ws/install/industrial_arm_moveit/share/industrial_arm_moveit/environment/ament_prefix_path.sh
-- Up-to-date: /home/algam/industrial_arm_ws/install/industrial_arm_moveit/share/industrial_arm_moveit/environment/ament_prefix_path.dsv
-- Up-to-date: /home/algam/industrial_arm_ws/install/industrial_arm_moveit/share/industrial_arm_moveit/environment/path.sh
-- Up-to-date: /home/algam/industrial_arm_ws/install/industrial_arm_moveit/share/industrial_arm_moveit/environment/path.dsv
-- Up-to-date: /home/algam/industrial_arm_ws/install/industrial_arm_moveit/share/industrial_arm_moveit/local_setup.bash
-- Up-to-date: /home/algam/industrial_arm_ws/install/industrial_arm_moveit/share/industrial_arm_moveit/local_setup.sh
-- Up-to-date: /home/algam/industrial_arm_ws/install/industrial_arm_moveit/share/industrial_arm_moveit/local_setup.zsh
-- Up-to-date: /home/algam/industrial_arm_ws/install/industrial_arm_moveit/share/industrial_arm_moveit/local_setup.dsv
-- Installing: /home/algam/industrial_arm_ws/install/industrial_arm_moveit/share/industrial_arm_moveit/package.dsv
-- Up-to-date: /home/algam/industrial_arm_ws/install/industrial_arm_moveit/share/ament_index/resource_index/packages/industrial_arm_moveit
-- Up-to-date: /home/algam/industrial_arm_ws/install/industrial_arm_moveit/share/industrial_arm_moveit/cmake/industrial_arm_moveitConfig.cmake
-- Up-to-date: /home/algam/industrial_arm_ws/install/industrial_arm_moveit/share/industrial_arm_moveit/cmake/industrial_arm_moveitConfig-version.cmake
-- Up-to-date: /home/algam/industrial_arm_ws/install/industrial_arm_moveit/share/industrial_arm_moveit/package.xml
