[0.125s] DEBUG:colcon:Command line arguments: ['/usr/bin/colcon', 'build']
[0.125s] DEBUG:colcon:Parsed command line arguments: Namespace(log_base=None, log_level=None, verb_name='build', build_base='build', install_base='install', merge_install=False, symlink_install=False, test_result_base=None, continue_on_error=False, executor='parallel', parallel_workers=4, event_handlers=None, ignore_user_meta=False, metas=['./colcon.meta'], base_paths=['.'], packages_ignore=None, packages_ignore_regex=None, paths=None, packages_up_to=None, packages_up_to_regex=None, packages_above=None, packages_above_and_dependencies=None, packages_above_depth=None, packages_select_by_dep=None, packages_skip_by_dep=None, packages_skip_up_to=None, packages_select_build_failed=False, packages_skip_build_finished=False, packages_select_test_failures=False, packages_skip_test_passed=False, packages_select=None, packages_skip=None, packages_select_regex=None, packages_skip_regex=None, packages_start=None, packages_end=None, allow_overriding=[], cmake_args=None, cmake_target=None, cmake_target_skip_unavailable=False, cmake_clean_cache=False, cmake_clean_first=False, cmake_force_configure=False, ament_cmake_args=None, catkin_cmake_args=None, catkin_skip_building_tests=False, mixin_files=None, mixin=None, verb_parser=<colcon_mixin.mixin.mixin_argument.MixinArgumentDecorator object at 0x75ae84c88c20>, verb_extension=<colcon_core.verb.build.BuildVerb object at 0x75ae84c889b0>, main=<bound method BuildVerb.main of <colcon_core.verb.build.BuildVerb object at 0x75ae84c889b0>>, mixin_verb=('build',))
[0.172s] Level 1:colcon.colcon_core.package_discovery:discover_packages(colcon_meta) check parameters
[0.172s] Level 1:colcon.colcon_core.package_discovery:discover_packages(recursive) check parameters
[0.172s] Level 1:colcon.colcon_core.package_discovery:discover_packages(ignore) check parameters
[0.172s] Level 1:colcon.colcon_core.package_discovery:discover_packages(path) check parameters
[0.172s] Level 1:colcon.colcon_core.package_discovery:discover_packages(colcon_meta) discover
[0.172s] Level 1:colcon.colcon_core.package_discovery:discover_packages(recursive) discover
[0.172s] INFO:colcon.colcon_core.package_discovery:Crawling recursively for packages in '/home/algam/industrial_arm_ws'
[0.172s] Level 1:colcon.colcon_core.package_identification:_identify(.) by extensions ['ignore', 'ignore_ament_install']
[0.172s] Level 1:colcon.colcon_core.package_identification:_identify(.) by extension 'ignore'
[0.173s] Level 1:colcon.colcon_core.package_identification:_identify(.) by extension 'ignore_ament_install'
[0.173s] Level 1:colcon.colcon_core.package_identification:_identify(.) by extensions ['colcon_pkg']
[0.173s] Level 1:colcon.colcon_core.package_identification:_identify(.) by extension 'colcon_pkg'
[0.173s] Level 1:colcon.colcon_core.package_identification:_identify(.) by extensions ['colcon_meta']
[0.173s] Level 1:colcon.colcon_core.package_identification:_identify(.) by extension 'colcon_meta'
[0.173s] Level 1:colcon.colcon_core.package_identification:_identify(.) by extensions ['ros']
[0.173s] Level 1:colcon.colcon_core.package_identification:_identify(.) by extension 'ros'
[0.200s] Level 1:colcon.colcon_core.package_identification:_identify(.) by extensions ['cmake', 'python']
[0.201s] Level 1:colcon.colcon_core.package_identification:_identify(.) by extension 'cmake'
[0.201s] Level 1:colcon.colcon_core.package_identification:_identify(.) by extension 'python'
[0.201s] Level 1:colcon.colcon_core.package_identification:_identify(.) by extensions ['python_setup_py']
[0.201s] Level 1:colcon.colcon_core.package_identification:_identify(.) by extension 'python_setup_py'
[0.201s] Level 1:colcon.colcon_core.package_identification:_identify(build) by extensions ['ignore', 'ignore_ament_install']
[0.201s] Level 1:colcon.colcon_core.package_identification:_identify(build) by extension 'ignore'
[0.201s] Level 1:colcon.colcon_core.package_identification:_identify(build) ignored
[0.201s] Level 1:colcon.colcon_core.package_identification:_identify(install) by extensions ['ignore', 'ignore_ament_install']
[0.201s] Level 1:colcon.colcon_core.package_identification:_identify(install) by extension 'ignore'
[0.201s] Level 1:colcon.colcon_core.package_identification:_identify(install) ignored
[0.201s] Level 1:colcon.colcon_core.package_identification:_identify(log) by extensions ['ignore', 'ignore_ament_install']
[0.201s] Level 1:colcon.colcon_core.package_identification:_identify(log) by extension 'ignore'
[0.201s] Level 1:colcon.colcon_core.package_identification:_identify(log) ignored
[0.201s] Level 1:colcon.colcon_core.package_identification:_identify(src) by extensions ['ignore', 'ignore_ament_install']
[0.201s] Level 1:colcon.colcon_core.package_identification:_identify(src) by extension 'ignore'
[0.202s] Level 1:colcon.colcon_core.package_identification:_identify(src) by extension 'ignore_ament_install'
[0.202s] Level 1:colcon.colcon_core.package_identification:_identify(src) by extensions ['colcon_pkg']
[0.202s] Level 1:colcon.colcon_core.package_identification:_identify(src) by extension 'colcon_pkg'
[0.202s] Level 1:colcon.colcon_core.package_identification:_identify(src) by extensions ['colcon_meta']
[0.202s] Level 1:colcon.colcon_core.package_identification:_identify(src) by extension 'colcon_meta'
[0.202s] Level 1:colcon.colcon_core.package_identification:_identify(src) by extensions ['ros']
[0.202s] Level 1:colcon.colcon_core.package_identification:_identify(src) by extension 'ros'
[0.202s] Level 1:colcon.colcon_core.package_identification:_identify(src) by extensions ['cmake', 'python']
[0.202s] Level 1:colcon.colcon_core.package_identification:_identify(src) by extension 'cmake'
[0.202s] Level 1:colcon.colcon_core.package_identification:_identify(src) by extension 'python'
[0.202s] Level 1:colcon.colcon_core.package_identification:_identify(src) by extensions ['python_setup_py']
[0.202s] Level 1:colcon.colcon_core.package_identification:_identify(src) by extension 'python_setup_py'
[0.202s] Level 1:colcon.colcon_core.package_identification:_identify(src/industrial_arm_description) by extensions ['ignore', 'ignore_ament_install']
[0.202s] Level 1:colcon.colcon_core.package_identification:_identify(src/industrial_arm_description) by extension 'ignore'
[0.202s] Level 1:colcon.colcon_core.package_identification:_identify(src/industrial_arm_description) by extension 'ignore_ament_install'
[0.202s] Level 1:colcon.colcon_core.package_identification:_identify(src/industrial_arm_description) by extensions ['colcon_pkg']
[0.202s] Level 1:colcon.colcon_core.package_identification:_identify(src/industrial_arm_description) by extension 'colcon_pkg'
[0.202s] Level 1:colcon.colcon_core.package_identification:_identify(src/industrial_arm_description) by extensions ['colcon_meta']
[0.202s] Level 1:colcon.colcon_core.package_identification:_identify(src/industrial_arm_description) by extension 'colcon_meta'
[0.202s] Level 1:colcon.colcon_core.package_identification:_identify(src/industrial_arm_description) by extensions ['ros']
[0.202s] Level 1:colcon.colcon_core.package_identification:_identify(src/industrial_arm_description) by extension 'ros'
[0.204s] DEBUG:colcon.colcon_core.package_identification:Package 'src/industrial_arm_description' with type 'ros.ament_cmake' and name 'industrial_arm_description'
[0.204s] Level 1:colcon.colcon_core.package_identification:_identify(src/industrial_arm_moveit) by extensions ['ignore', 'ignore_ament_install']
[0.205s] Level 1:colcon.colcon_core.package_identification:_identify(src/industrial_arm_moveit) by extension 'ignore'
[0.205s] Level 1:colcon.colcon_core.package_identification:_identify(src/industrial_arm_moveit) by extension 'ignore_ament_install'
[0.205s] Level 1:colcon.colcon_core.package_identification:_identify(src/industrial_arm_moveit) by extensions ['colcon_pkg']
[0.205s] Level 1:colcon.colcon_core.package_identification:_identify(src/industrial_arm_moveit) by extension 'colcon_pkg'
[0.205s] Level 1:colcon.colcon_core.package_identification:_identify(src/industrial_arm_moveit) by extensions ['colcon_meta']
[0.205s] Level 1:colcon.colcon_core.package_identification:_identify(src/industrial_arm_moveit) by extension 'colcon_meta'
[0.205s] Level 1:colcon.colcon_core.package_identification:_identify(src/industrial_arm_moveit) by extensions ['ros']
[0.205s] Level 1:colcon.colcon_core.package_identification:_identify(src/industrial_arm_moveit) by extension 'ros'
[0.205s] DEBUG:colcon.colcon_core.package_identification:Package 'src/industrial_arm_moveit' with type 'ros.ament_cmake' and name 'industrial_arm_moveit'
[0.205s] Level 1:colcon.colcon_core.package_identification:_identify(src/log) by extensions ['ignore', 'ignore_ament_install']
[0.205s] Level 1:colcon.colcon_core.package_identification:_identify(src/log) by extension 'ignore'
[0.205s] Level 1:colcon.colcon_core.package_identification:_identify(src/log) ignored
[0.206s] Level 1:colcon.colcon_core.package_discovery:discover_packages(recursive) using defaults
[0.206s] Level 1:colcon.colcon_core.package_discovery:discover_packages(ignore) discover
[0.206s] Level 1:colcon.colcon_core.package_discovery:discover_packages(ignore) using defaults
[0.206s] Level 1:colcon.colcon_core.package_discovery:discover_packages(path) discover
[0.206s] Level 1:colcon.colcon_core.package_discovery:discover_packages(path) using defaults
[0.225s] Level 1:colcon.colcon_core.package_discovery:discover_packages(prefix_path) check parameters
[0.225s] Level 1:colcon.colcon_core.package_discovery:discover_packages(prefix_path) discover
[0.227s] DEBUG:colcon.colcon_installed_package_information.package_discovery:Found 2 installed packages in /home/algam/industrial_arm_ws/install
[0.229s] DEBUG:colcon.colcon_installed_package_information.package_discovery:Found 504 installed packages in /opt/ros/jazzy
[0.231s] Level 1:colcon.colcon_core.package_discovery:discover_packages(prefix_path) using defaults
[0.290s] Level 5:colcon.colcon_core.verb:set package 'industrial_arm_description' build argument 'cmake_args' from command line to 'None'
[0.290s] Level 5:colcon.colcon_core.verb:set package 'industrial_arm_description' build argument 'cmake_target' from command line to 'None'
[0.290s] Level 5:colcon.colcon_core.verb:set package 'industrial_arm_description' build argument 'cmake_target_skip_unavailable' from command line to 'False'
[0.290s] Level 5:colcon.colcon_core.verb:set package 'industrial_arm_description' build argument 'cmake_clean_cache' from command line to 'False'
[0.290s] Level 5:colcon.colcon_core.verb:set package 'industrial_arm_description' build argument 'cmake_clean_first' from command line to 'False'
[0.290s] Level 5:colcon.colcon_core.verb:set package 'industrial_arm_description' build argument 'cmake_force_configure' from command line to 'False'
[0.290s] Level 5:colcon.colcon_core.verb:set package 'industrial_arm_description' build argument 'ament_cmake_args' from command line to 'None'
[0.290s] Level 5:colcon.colcon_core.verb:set package 'industrial_arm_description' build argument 'catkin_cmake_args' from command line to 'None'
[0.290s] Level 5:colcon.colcon_core.verb:set package 'industrial_arm_description' build argument 'catkin_skip_building_tests' from command line to 'False'
[0.290s] DEBUG:colcon.colcon_core.verb:Building package 'industrial_arm_description' with the following arguments: {'ament_cmake_args': None, 'build_base': '/home/algam/industrial_arm_ws/build/industrial_arm_description', 'catkin_cmake_args': None, 'catkin_skip_building_tests': False, 'cmake_args': None, 'cmake_clean_cache': False, 'cmake_clean_first': False, 'cmake_force_configure': False, 'cmake_target': None, 'cmake_target_skip_unavailable': False, 'install_base': '/home/algam/industrial_arm_ws/install/industrial_arm_description', 'merge_install': False, 'path': '/home/algam/industrial_arm_ws/src/industrial_arm_description', 'symlink_install': False, 'test_result_base': None}
[0.290s] Level 5:colcon.colcon_core.verb:set package 'industrial_arm_moveit' build argument 'cmake_args' from command line to 'None'
[0.290s] Level 5:colcon.colcon_core.verb:set package 'industrial_arm_moveit' build argument 'cmake_target' from command line to 'None'
[0.291s] Level 5:colcon.colcon_core.verb:set package 'industrial_arm_moveit' build argument 'cmake_target_skip_unavailable' from command line to 'False'
[0.291s] Level 5:colcon.colcon_core.verb:set package 'industrial_arm_moveit' build argument 'cmake_clean_cache' from command line to 'False'
[0.291s] Level 5:colcon.colcon_core.verb:set package 'industrial_arm_moveit' build argument 'cmake_clean_first' from command line to 'False'
[0.291s] Level 5:colcon.colcon_core.verb:set package 'industrial_arm_moveit' build argument 'cmake_force_configure' from command line to 'False'
[0.291s] Level 5:colcon.colcon_core.verb:set package 'industrial_arm_moveit' build argument 'ament_cmake_args' from command line to 'None'
[0.291s] Level 5:colcon.colcon_core.verb:set package 'industrial_arm_moveit' build argument 'catkin_cmake_args' from command line to 'None'
[0.291s] Level 5:colcon.colcon_core.verb:set package 'industrial_arm_moveit' build argument 'catkin_skip_building_tests' from command line to 'False'
[0.291s] DEBUG:colcon.colcon_core.verb:Building package 'industrial_arm_moveit' with the following arguments: {'ament_cmake_args': None, 'build_base': '/home/algam/industrial_arm_ws/build/industrial_arm_moveit', 'catkin_cmake_args': None, 'catkin_skip_building_tests': False, 'cmake_args': None, 'cmake_clean_cache': False, 'cmake_clean_first': False, 'cmake_force_configure': False, 'cmake_target': None, 'cmake_target_skip_unavailable': False, 'install_base': '/home/algam/industrial_arm_ws/install/industrial_arm_moveit', 'merge_install': False, 'path': '/home/algam/industrial_arm_ws/src/industrial_arm_moveit', 'symlink_install': False, 'test_result_base': None}
[0.291s] INFO:colcon.colcon_core.executor:Executing jobs using 'parallel' executor
[0.292s] DEBUG:colcon.colcon_parallel_executor.executor.parallel:run_until_complete
[0.292s] INFO:colcon.colcon_ros.task.ament_cmake.build:Building ROS package in '/home/algam/industrial_arm_ws/src/industrial_arm_description' with build type 'ament_cmake'
[0.292s] INFO:colcon.colcon_cmake.task.cmake.build:Building CMake package in '/home/algam/industrial_arm_ws/src/industrial_arm_description'
[0.294s] INFO:colcon.colcon_core.plugin_system:Skipping extension 'colcon_core.shell.bat': Not used on non-Windows systems
[0.294s] INFO:colcon.colcon_core.shell:Skip shell extension 'powershell' for command environment: Not usable outside of PowerShell
[0.294s] DEBUG:colcon.colcon_core.shell:Skip shell extension 'dsv' for command environment
[0.303s] INFO:colcon.colcon_ros.task.ament_cmake.build:Building ROS package in '/home/algam/industrial_arm_ws/src/industrial_arm_moveit' with build type 'ament_cmake'
[0.303s] INFO:colcon.colcon_cmake.task.cmake.build:Building CMake package in '/home/algam/industrial_arm_ws/src/industrial_arm_moveit'
[0.303s] INFO:colcon.colcon_core.shell:Skip shell extension 'powershell' for command environment: Not usable outside of PowerShell
[0.303s] DEBUG:colcon.colcon_core.shell:Skip shell extension 'dsv' for command environment
[0.321s] DEBUG:colcon.colcon_core.event_handler.log_command:Invoking command in '/home/algam/industrial_arm_ws/build/industrial_arm_description': CMAKE_PREFIX_PATH=${CMAKE_PREFIX_PATH}:/opt/ros/jazzy DEBUGINFOD_URLS=https://debuginfod.ubuntu.com /usr/bin/cmake --build /home/algam/industrial_arm_ws/build/industrial_arm_description -- -j4 -l4
[0.328s] DEBUG:colcon.colcon_core.event_handler.log_command:Invoking command in '/home/algam/industrial_arm_ws/build/industrial_arm_moveit': CMAKE_PREFIX_PATH=${CMAKE_PREFIX_PATH}:/opt/ros/jazzy DEBUGINFOD_URLS=https://debuginfod.ubuntu.com /usr/bin/cmake --build /home/algam/industrial_arm_ws/build/industrial_arm_moveit -- -j4 -l4
[0.519s] DEBUG:colcon.colcon_core.event_handler.log_command:Invoked command in '/home/algam/industrial_arm_ws/build/industrial_arm_description' returned '0': CMAKE_PREFIX_PATH=${CMAKE_PREFIX_PATH}:/opt/ros/jazzy DEBUGINFOD_URLS=https://debuginfod.ubuntu.com /usr/bin/cmake --build /home/algam/industrial_arm_ws/build/industrial_arm_description -- -j4 -l4
[0.544s] DEBUG:colcon.colcon_core.event_handler.log_command:Invoking command in '/home/algam/industrial_arm_ws/build/industrial_arm_description': CMAKE_PREFIX_PATH=${CMAKE_PREFIX_PATH}:/opt/ros/jazzy DEBUGINFOD_URLS=https://debuginfod.ubuntu.com /usr/bin/cmake --install /home/algam/industrial_arm_ws/build/industrial_arm_description
[0.545s] DEBUG:colcon.colcon_core.event_handler.log_command:Invoked command in '/home/algam/industrial_arm_ws/build/industrial_arm_moveit' returned '0': CMAKE_PREFIX_PATH=${CMAKE_PREFIX_PATH}:/opt/ros/jazzy DEBUGINFOD_URLS=https://debuginfod.ubuntu.com /usr/bin/cmake --build /home/algam/industrial_arm_ws/build/industrial_arm_moveit -- -j4 -l4
[0.547s] DEBUG:colcon.colcon_core.event_handler.log_command:Invoking command in '/home/algam/industrial_arm_ws/build/industrial_arm_moveit': CMAKE_PREFIX_PATH=${CMAKE_PREFIX_PATH}:/opt/ros/jazzy DEBUGINFOD_URLS=https://debuginfod.ubuntu.com /usr/bin/cmake --install /home/algam/industrial_arm_ws/build/industrial_arm_moveit
[0.604s] Level 1:colcon.colcon_core.environment:create_environment_scripts_only(industrial_arm_moveit)
[0.605s] DEBUG:colcon.colcon_core.event_handler.log_command:Invoked command in '/home/algam/industrial_arm_ws/build/industrial_arm_moveit' returned '0': CMAKE_PREFIX_PATH=${CMAKE_PREFIX_PATH}:/opt/ros/jazzy DEBUGINFOD_URLS=https://debuginfod.ubuntu.com /usr/bin/cmake --install /home/algam/industrial_arm_ws/build/industrial_arm_moveit
[0.607s] Level 1:colcon.colcon_core.environment:checking '/home/algam/industrial_arm_ws/install/industrial_arm_moveit' for CMake module files
[0.608s] Level 1:colcon.colcon_core.environment:checking '/home/algam/industrial_arm_ws/install/industrial_arm_moveit' for CMake config files
[0.608s] Level 1:colcon.colcon_core.shell:create_environment_hook('industrial_arm_moveit', 'cmake_prefix_path')
[0.609s] INFO:colcon.colcon_core.shell:Creating environment hook '/home/algam/industrial_arm_ws/install/industrial_arm_moveit/share/industrial_arm_moveit/hook/cmake_prefix_path.ps1'
[0.609s] INFO:colcon.colcon_core.shell:Creating environment descriptor '/home/algam/industrial_arm_ws/install/industrial_arm_moveit/share/industrial_arm_moveit/hook/cmake_prefix_path.dsv'
[0.610s] INFO:colcon.colcon_core.shell:Creating environment hook '/home/algam/industrial_arm_ws/install/industrial_arm_moveit/share/industrial_arm_moveit/hook/cmake_prefix_path.sh'
[0.611s] Level 1:colcon.colcon_core.environment:checking '/home/algam/industrial_arm_ws/install/industrial_arm_moveit/bin'
[0.611s] Level 1:colcon.colcon_core.environment:checking '/home/algam/industrial_arm_ws/install/industrial_arm_moveit/lib/pkgconfig/industrial_arm_moveit.pc'
[0.611s] Level 1:colcon.colcon_core.environment:checking '/home/algam/industrial_arm_ws/install/industrial_arm_moveit/lib/python3.12/site-packages'
[0.612s] Level 1:colcon.colcon_core.environment:checking '/home/algam/industrial_arm_ws/install/industrial_arm_moveit/bin'
[0.612s] INFO:colcon.colcon_core.shell:Creating package script '/home/algam/industrial_arm_ws/install/industrial_arm_moveit/share/industrial_arm_moveit/package.ps1'
[0.612s] INFO:colcon.colcon_core.shell:Creating package descriptor '/home/algam/industrial_arm_ws/install/industrial_arm_moveit/share/industrial_arm_moveit/package.dsv'
[0.613s] INFO:colcon.colcon_core.shell:Creating package script '/home/algam/industrial_arm_ws/install/industrial_arm_moveit/share/industrial_arm_moveit/package.sh'
[0.613s] INFO:colcon.colcon_core.shell:Creating package script '/home/algam/industrial_arm_ws/install/industrial_arm_moveit/share/industrial_arm_moveit/package.bash'
[0.614s] INFO:colcon.colcon_core.shell:Creating package script '/home/algam/industrial_arm_ws/install/industrial_arm_moveit/share/industrial_arm_moveit/package.zsh'
[0.614s] Level 1:colcon.colcon_core.environment:create_file_with_runtime_dependencies(/home/algam/industrial_arm_ws/install/industrial_arm_moveit/share/colcon-core/packages/industrial_arm_moveit)
[0.615s] Level 1:colcon.colcon_core.environment:create_environment_scripts_only(industrial_arm_moveit)
[0.615s] Level 1:colcon.colcon_core.environment:checking '/home/algam/industrial_arm_ws/install/industrial_arm_moveit' for CMake module files
[0.628s] Level 1:colcon.colcon_core.environment:checking '/home/algam/industrial_arm_ws/install/industrial_arm_moveit' for CMake config files
[0.628s] Level 1:colcon.colcon_core.shell:create_environment_hook('industrial_arm_moveit', 'cmake_prefix_path')
[0.628s] INFO:colcon.colcon_core.shell:Creating environment hook '/home/algam/industrial_arm_ws/install/industrial_arm_moveit/share/industrial_arm_moveit/hook/cmake_prefix_path.ps1'
[0.629s] INFO:colcon.colcon_core.shell:Creating environment descriptor '/home/algam/industrial_arm_ws/install/industrial_arm_moveit/share/industrial_arm_moveit/hook/cmake_prefix_path.dsv'
[0.629s] INFO:colcon.colcon_core.shell:Creating environment hook '/home/algam/industrial_arm_ws/install/industrial_arm_moveit/share/industrial_arm_moveit/hook/cmake_prefix_path.sh'
[0.629s] Level 1:colcon.colcon_core.environment:checking '/home/algam/industrial_arm_ws/install/industrial_arm_moveit/bin'
[0.630s] Level 1:colcon.colcon_core.environment:checking '/home/algam/industrial_arm_ws/install/industrial_arm_moveit/lib/pkgconfig/industrial_arm_moveit.pc'
[0.630s] Level 1:colcon.colcon_core.environment:checking '/home/algam/industrial_arm_ws/install/industrial_arm_moveit/lib/python3.12/site-packages'
[0.630s] Level 1:colcon.colcon_core.environment:checking '/home/algam/industrial_arm_ws/install/industrial_arm_moveit/bin'
[0.630s] INFO:colcon.colcon_core.shell:Creating package script '/home/algam/industrial_arm_ws/install/industrial_arm_moveit/share/industrial_arm_moveit/package.ps1'
[0.631s] INFO:colcon.colcon_core.shell:Creating package descriptor '/home/algam/industrial_arm_ws/install/industrial_arm_moveit/share/industrial_arm_moveit/package.dsv'
[0.631s] INFO:colcon.colcon_core.shell:Creating package script '/home/algam/industrial_arm_ws/install/industrial_arm_moveit/share/industrial_arm_moveit/package.sh'
[0.631s] INFO:colcon.colcon_core.shell:Creating package script '/home/algam/industrial_arm_ws/install/industrial_arm_moveit/share/industrial_arm_moveit/package.bash'
[0.632s] INFO:colcon.colcon_core.shell:Creating package script '/home/algam/industrial_arm_ws/install/industrial_arm_moveit/share/industrial_arm_moveit/package.zsh'
[0.632s] Level 1:colcon.colcon_core.environment:create_file_with_runtime_dependencies(/home/algam/industrial_arm_ws/install/industrial_arm_moveit/share/colcon-core/packages/industrial_arm_moveit)
[0.633s] Level 1:colcon.colcon_core.environment:create_environment_scripts_only(industrial_arm_description)
[0.633s] Level 1:colcon.colcon_core.environment:checking '/home/algam/industrial_arm_ws/install/industrial_arm_description' for CMake module files
[0.634s] Level 1:colcon.colcon_core.environment:checking '/home/algam/industrial_arm_ws/install/industrial_arm_description' for CMake config files
[0.634s] DEBUG:colcon.colcon_core.event_handler.log_command:Invoked command in '/home/algam/industrial_arm_ws/build/industrial_arm_description' returned '0': CMAKE_PREFIX_PATH=${CMAKE_PREFIX_PATH}:/opt/ros/jazzy DEBUGINFOD_URLS=https://debuginfod.ubuntu.com /usr/bin/cmake --install /home/algam/industrial_arm_ws/build/industrial_arm_description
[0.635s] Level 1:colcon.colcon_core.shell:create_environment_hook('industrial_arm_description', 'cmake_prefix_path')
[0.635s] INFO:colcon.colcon_core.shell:Creating environment hook '/home/algam/industrial_arm_ws/install/industrial_arm_description/share/industrial_arm_description/hook/cmake_prefix_path.ps1'
[0.636s] INFO:colcon.colcon_core.shell:Creating environment descriptor '/home/algam/industrial_arm_ws/install/industrial_arm_description/share/industrial_arm_description/hook/cmake_prefix_path.dsv'
[0.636s] INFO:colcon.colcon_core.shell:Creating environment hook '/home/algam/industrial_arm_ws/install/industrial_arm_description/share/industrial_arm_description/hook/cmake_prefix_path.sh'
[0.637s] Level 1:colcon.colcon_core.environment:checking '/home/algam/industrial_arm_ws/install/industrial_arm_description/bin'
[0.637s] Level 1:colcon.colcon_core.environment:checking '/home/algam/industrial_arm_ws/install/industrial_arm_description/lib/pkgconfig/industrial_arm_description.pc'
[0.637s] Level 1:colcon.colcon_core.environment:checking '/home/algam/industrial_arm_ws/install/industrial_arm_description/lib/python3.12/site-packages'
[0.637s] Level 1:colcon.colcon_core.environment:checking '/home/algam/industrial_arm_ws/install/industrial_arm_description/bin'
[0.638s] INFO:colcon.colcon_core.shell:Creating package script '/home/algam/industrial_arm_ws/install/industrial_arm_description/share/industrial_arm_description/package.ps1'
[0.638s] INFO:colcon.colcon_core.shell:Creating package descriptor '/home/algam/industrial_arm_ws/install/industrial_arm_description/share/industrial_arm_description/package.dsv'
[0.639s] INFO:colcon.colcon_core.shell:Creating package script '/home/algam/industrial_arm_ws/install/industrial_arm_description/share/industrial_arm_description/package.sh'
[0.639s] INFO:colcon.colcon_core.shell:Creating package script '/home/algam/industrial_arm_ws/install/industrial_arm_description/share/industrial_arm_description/package.bash'
[0.639s] INFO:colcon.colcon_core.shell:Creating package script '/home/algam/industrial_arm_ws/install/industrial_arm_description/share/industrial_arm_description/package.zsh'
[0.640s] Level 1:colcon.colcon_core.environment:create_file_with_runtime_dependencies(/home/algam/industrial_arm_ws/install/industrial_arm_description/share/colcon-core/packages/industrial_arm_description)
[0.640s] Level 1:colcon.colcon_core.environment:create_environment_scripts_only(industrial_arm_description)
[0.640s] Level 1:colcon.colcon_core.environment:checking '/home/algam/industrial_arm_ws/install/industrial_arm_description' for CMake module files
[0.641s] Level 1:colcon.colcon_core.environment:checking '/home/algam/industrial_arm_ws/install/industrial_arm_description' for CMake config files
[0.641s] Level 1:colcon.colcon_core.shell:create_environment_hook('industrial_arm_description', 'cmake_prefix_path')
[0.641s] INFO:colcon.colcon_core.shell:Creating environment hook '/home/algam/industrial_arm_ws/install/industrial_arm_description/share/industrial_arm_description/hook/cmake_prefix_path.ps1'
[0.642s] INFO:colcon.colcon_core.shell:Creating environment descriptor '/home/algam/industrial_arm_ws/install/industrial_arm_description/share/industrial_arm_description/hook/cmake_prefix_path.dsv'
[0.642s] INFO:colcon.colcon_core.shell:Creating environment hook '/home/algam/industrial_arm_ws/install/industrial_arm_description/share/industrial_arm_description/hook/cmake_prefix_path.sh'
[0.643s] Level 1:colcon.colcon_core.environment:checking '/home/algam/industrial_arm_ws/install/industrial_arm_description/bin'
[0.643s] Level 1:colcon.colcon_core.environment:checking '/home/algam/industrial_arm_ws/install/industrial_arm_description/lib/pkgconfig/industrial_arm_description.pc'
[0.643s] Level 1:colcon.colcon_core.environment:checking '/home/algam/industrial_arm_ws/install/industrial_arm_description/lib/python3.12/site-packages'
[0.643s] Level 1:colcon.colcon_core.environment:checking '/home/algam/industrial_arm_ws/install/industrial_arm_description/bin'
[0.643s] INFO:colcon.colcon_core.shell:Creating package script '/home/algam/industrial_arm_ws/install/industrial_arm_description/share/industrial_arm_description/package.ps1'
[0.644s] INFO:colcon.colcon_core.shell:Creating package descriptor '/home/algam/industrial_arm_ws/install/industrial_arm_description/share/industrial_arm_description/package.dsv'
[0.644s] INFO:colcon.colcon_core.shell:Creating package script '/home/algam/industrial_arm_ws/install/industrial_arm_description/share/industrial_arm_description/package.sh'
[0.645s] INFO:colcon.colcon_core.shell:Creating package script '/home/algam/industrial_arm_ws/install/industrial_arm_description/share/industrial_arm_description/package.bash'
[0.645s] INFO:colcon.colcon_core.shell:Creating package script '/home/algam/industrial_arm_ws/install/industrial_arm_description/share/industrial_arm_description/package.zsh'
[0.645s] Level 1:colcon.colcon_core.environment:create_file_with_runtime_dependencies(/home/algam/industrial_arm_ws/install/industrial_arm_description/share/colcon-core/packages/industrial_arm_description)
[0.646s] DEBUG:colcon.colcon_parallel_executor.executor.parallel:closing loop
[0.646s] DEBUG:colcon.colcon_parallel_executor.executor.parallel:loop closed
[0.646s] DEBUG:colcon.colcon_parallel_executor.executor.parallel:run_until_complete finished with '0'
[0.646s] DEBUG:colcon.colcon_core.event_reactor:joining thread
[0.655s] INFO:colcon.colcon_core.plugin_system:Skipping extension 'colcon_notification.desktop_notification.terminal_notifier': Not used on non-Darwin systems
[0.656s] INFO:colcon.colcon_core.plugin_system:Skipping extension 'colcon_notification.desktop_notification.win32': Not used on non-Windows systems
[0.656s] INFO:colcon.colcon_notification.desktop_notification:Sending desktop notification using 'notify2'
[0.703s] DEBUG:colcon.colcon_core.event_reactor:joined thread
[0.704s] INFO:colcon.colcon_core.shell:Creating prefix script '/home/algam/industrial_arm_ws/install/local_setup.ps1'
[0.705s] INFO:colcon.colcon_core.shell:Creating prefix util module '/home/algam/industrial_arm_ws/install/_local_setup_util_ps1.py'
[0.706s] INFO:colcon.colcon_core.shell:Creating prefix chain script '/home/algam/industrial_arm_ws/install/setup.ps1'
[0.708s] INFO:colcon.colcon_core.shell:Creating prefix script '/home/algam/industrial_arm_ws/install/local_setup.sh'
[0.708s] INFO:colcon.colcon_core.shell:Creating prefix util module '/home/algam/industrial_arm_ws/install/_local_setup_util_sh.py'
[0.709s] INFO:colcon.colcon_core.shell:Creating prefix chain script '/home/algam/industrial_arm_ws/install/setup.sh'
[0.710s] INFO:colcon.colcon_core.shell:Creating prefix script '/home/algam/industrial_arm_ws/install/local_setup.bash'
[0.711s] INFO:colcon.colcon_core.shell:Creating prefix chain script '/home/algam/industrial_arm_ws/install/setup.bash'
[0.711s] INFO:colcon.colcon_core.shell:Creating prefix script '/home/algam/industrial_arm_ws/install/local_setup.zsh'
[0.712s] INFO:colcon.colcon_core.shell:Creating prefix chain script '/home/algam/industrial_arm_ws/install/setup.zsh'
