[0.036s] Invoking command in '/home/algam/industrial_arm_ws/build/my_robot_moveit_config': CMAKE_PREFIX_PATH=/home/algam/industrial_arm_ws/install/my_robot_description:/home/algam/industrial_arm_ws/install/my_robot_moveit_config:/home/algam/industrial_arm_ws/install/my_robot_bringup:/home/algam/industrial_arm_ws/install/industrial_arm_moveit:/home/algam/industrial_arm_ws/install/industrial_arm_description:/opt/ros/jazzy/opt/gz_sim_vendor:/opt/ros/jazzy/opt/gz_sensors_vendor:/opt/ros/jazzy/opt/gz_physics_vendor:/opt/ros/jazzy/opt/sdformat_vendor:/opt/ros/jazzy/opt/gz_gui_vendor:/opt/ros/jazzy/opt/gz_transport_vendor:/opt/ros/jazzy/opt/gz_rendering_vendor:/opt/ros/jazzy/opt/gz_plugin_vendor:/opt/ros/jazzy/opt/gz_fuel_tools_vendor:/opt/ros/jazzy/opt/gz_msgs_vendor:/opt/ros/jazzy/opt/gz_common_vendor:/opt/ros/jazzy/opt/gz_math_vendor:/opt/ros/jazzy/opt/gz_utils_vendor:/opt/ros/jazzy/opt/gz_tools_vendor:/opt/ros/jazzy/opt/gz_ogre_next_vendor:/opt/ros/jazzy/opt/gz_dartsim_vendor:/opt/ros/jazzy/opt/gz_cmake_vendor:/opt/ros/jazzy DEBUGINFOD_URLS=https://debuginfod.ubuntu.com /usr/bin/cmake --build /home/algam/industrial_arm_ws/build/my_robot_moveit_config -- -j4 -l4
[0.240s] Invoked command in '/home/algam/industrial_arm_ws/build/my_robot_moveit_config' returned '0': CMAKE_PREFIX_PATH=/home/algam/industrial_arm_ws/install/my_robot_description:/home/algam/industrial_arm_ws/install/my_robot_moveit_config:/home/algam/industrial_arm_ws/install/my_robot_bringup:/home/algam/industrial_arm_ws/install/industrial_arm_moveit:/home/algam/industrial_arm_ws/install/industrial_arm_description:/opt/ros/jazzy/opt/gz_sim_vendor:/opt/ros/jazzy/opt/gz_sensors_vendor:/opt/ros/jazzy/opt/gz_physics_vendor:/opt/ros/jazzy/opt/sdformat_vendor:/opt/ros/jazzy/opt/gz_gui_vendor:/opt/ros/jazzy/opt/gz_transport_vendor:/opt/ros/jazzy/opt/gz_rendering_vendor:/opt/ros/jazzy/opt/gz_plugin_vendor:/opt/ros/jazzy/opt/gz_fuel_tools_vendor:/opt/ros/jazzy/opt/gz_msgs_vendor:/opt/ros/jazzy/opt/gz_common_vendor:/opt/ros/jazzy/opt/gz_math_vendor:/opt/ros/jazzy/opt/gz_utils_vendor:/opt/ros/jazzy/opt/gz_tools_vendor:/opt/ros/jazzy/opt/gz_ogre_next_vendor:/opt/ros/jazzy/opt/gz_dartsim_vendor:/opt/ros/jazzy/opt/gz_cmake_vendor:/opt/ros/jazzy DEBUGINFOD_URLS=https://debuginfod.ubuntu.com /usr/bin/cmake --build /home/algam/industrial_arm_ws/build/my_robot_moveit_config -- -j4 -l4
[0.241s] Invoking command in '/home/algam/industrial_arm_ws/build/my_robot_moveit_config': CMAKE_PREFIX_PATH=/home/algam/industrial_arm_ws/install/my_robot_description:/home/algam/industrial_arm_ws/install/my_robot_moveit_config:/home/algam/industrial_arm_ws/install/my_robot_bringup:/home/algam/industrial_arm_ws/install/industrial_arm_moveit:/home/algam/industrial_arm_ws/install/industrial_arm_description:/opt/ros/jazzy/opt/gz_sim_vendor:/opt/ros/jazzy/opt/gz_sensors_vendor:/opt/ros/jazzy/opt/gz_physics_vendor:/opt/ros/jazzy/opt/sdformat_vendor:/opt/ros/jazzy/opt/gz_gui_vendor:/opt/ros/jazzy/opt/gz_transport_vendor:/opt/ros/jazzy/opt/gz_rendering_vendor:/opt/ros/jazzy/opt/gz_plugin_vendor:/opt/ros/jazzy/opt/gz_fuel_tools_vendor:/opt/ros/jazzy/opt/gz_msgs_vendor:/opt/ros/jazzy/opt/gz_common_vendor:/opt/ros/jazzy/opt/gz_math_vendor:/opt/ros/jazzy/opt/gz_utils_vendor:/opt/ros/jazzy/opt/gz_tools_vendor:/opt/ros/jazzy/opt/gz_ogre_next_vendor:/opt/ros/jazzy/opt/gz_dartsim_vendor:/opt/ros/jazzy/opt/gz_cmake_vendor:/opt/ros/jazzy DEBUGINFOD_URLS=https://debuginfod.ubuntu.com /usr/bin/cmake --install /home/algam/industrial_arm_ws/build/my_robot_moveit_config
[0.288s] -- Install configuration: ""
[0.291s] -- Up-to-date: /home/algam/industrial_arm_ws/install/my_robot_moveit_config/share/ament_index/resource_index/package_run_dependencies/my_robot_moveit_config
[0.291s] -- Up-to-date: /home/algam/industrial_arm_ws/install/my_robot_moveit_config/share/ament_index/resource_index/parent_prefix_path/my_robot_moveit_config
[0.291s] -- Up-to-date: /home/algam/industrial_arm_ws/install/my_robot_moveit_config/share/my_robot_moveit_config/environment/ament_prefix_path.sh
[0.291s] -- Up-to-date: /home/algam/industrial_arm_ws/install/my_robot_moveit_config/share/my_robot_moveit_config/environment/ament_prefix_path.dsv
[0.292s] -- Up-to-date: /home/algam/industrial_arm_ws/install/my_robot_moveit_config/share/my_robot_moveit_config/environment/path.sh
[0.292s] -- Up-to-date: /home/algam/industrial_arm_ws/install/my_robot_moveit_config/share/my_robot_moveit_config/environment/path.dsv
[0.292s] -- Up-to-date: /home/algam/industrial_arm_ws/install/my_robot_moveit_config/share/my_robot_moveit_config/local_setup.bash
[0.292s] -- Up-to-date: /home/algam/industrial_arm_ws/install/my_robot_moveit_config/share/my_robot_moveit_config/local_setup.sh
[0.292s] -- Up-to-date: /home/algam/industrial_arm_ws/install/my_robot_moveit_config/share/my_robot_moveit_config/local_setup.zsh
[0.293s] -- Up-to-date: /home/algam/industrial_arm_ws/install/my_robot_moveit_config/share/my_robot_moveit_config/local_setup.dsv
[0.293s] -- Installing: /home/algam/industrial_arm_ws/install/my_robot_moveit_config/share/my_robot_moveit_config/package.dsv
[0.293s] -- Up-to-date: /home/algam/industrial_arm_ws/install/my_robot_moveit_config/share/ament_index/resource_index/packages/my_robot_moveit_config
[0.294s] -- Up-to-date: /home/algam/industrial_arm_ws/install/my_robot_moveit_config/share/my_robot_moveit_config/cmake/my_robot_moveit_configConfig.cmake
[0.294s] -- Up-to-date: /home/algam/industrial_arm_ws/install/my_robot_moveit_config/share/my_robot_moveit_config/cmake/my_robot_moveit_configConfig-version.cmake
[0.295s] -- Up-to-date: /home/algam/industrial_arm_ws/install/my_robot_moveit_config/share/my_robot_moveit_config/package.xml
[0.295s] -- Up-to-date: /home/algam/industrial_arm_ws/install/my_robot_moveit_config/share/my_robot_moveit_config/launch
[0.295s] -- Up-to-date: /home/algam/industrial_arm_ws/install/my_robot_moveit_config/share/my_robot_moveit_config/launch/moveit_rviz.launch.py
[0.295s] -- Up-to-date: /home/algam/industrial_arm_ws/install/my_robot_moveit_config/share/my_robot_moveit_config/launch/spawn_controllers.launch.py
[0.295s] -- Up-to-date: /home/algam/industrial_arm_ws/install/my_robot_moveit_config/share/my_robot_moveit_config/launch/move_group.launch.py
[0.295s] -- Up-to-date: /home/algam/industrial_arm_ws/install/my_robot_moveit_config/share/my_robot_moveit_config/launch/rsp.launch.py
[0.296s] -- Up-to-date: /home/algam/industrial_arm_ws/install/my_robot_moveit_config/share/my_robot_moveit_config/launch/demo.launch.py
[0.296s] -- Up-to-date: /home/algam/industrial_arm_ws/install/my_robot_moveit_config/share/my_robot_moveit_config/launch/setup_assistant.launch.py
[0.296s] -- Up-to-date: /home/algam/industrial_arm_ws/install/my_robot_moveit_config/share/my_robot_moveit_config/launch/warehouse_db.launch.py
[0.296s] -- Up-to-date: /home/algam/industrial_arm_ws/install/my_robot_moveit_config/share/my_robot_moveit_config/launch/static_virtual_joints_tfs.launch.py
[0.297s] -- Up-to-date: /home/algam/industrial_arm_ws/install/my_robot_moveit_config/share/my_robot_moveit_config/config
[0.297s] -- Up-to-date: /home/algam/industrial_arm_ws/install/my_robot_moveit_config/share/my_robot_moveit_config/config/ros2_controllers.yaml
[0.297s] -- Up-to-date: /home/algam/industrial_arm_ws/install/my_robot_moveit_config/share/my_robot_moveit_config/config/my_robot.srdf
[0.297s] -- Up-to-date: /home/algam/industrial_arm_ws/install/my_robot_moveit_config/share/my_robot_moveit_config/config/joint_limits.yaml
[0.297s] -- Up-to-date: /home/algam/industrial_arm_ws/install/my_robot_moveit_config/share/my_robot_moveit_config/config/moveit_controllers.yaml
[0.298s] -- Up-to-date: /home/algam/industrial_arm_ws/install/my_robot_moveit_config/share/my_robot_moveit_config/config/kinematics.yaml
[0.301s] -- Up-to-date: /home/algam/industrial_arm_ws/install/my_robot_moveit_config/share/my_robot_moveit_config/config/pilz_cartesian_limits.yaml
[0.302s] -- Up-to-date: /home/algam/industrial_arm_ws/install/my_robot_moveit_config/share/my_robot_moveit_config/config/my_robot.urdf.xacro
[0.302s] -- Up-to-date: /home/algam/industrial_arm_ws/install/my_robot_moveit_config/share/my_robot_moveit_config/config/moveit.rviz
[0.303s] -- Up-to-date: /home/algam/industrial_arm_ws/install/my_robot_moveit_config/share/my_robot_moveit_config/config/initial_positions.yaml
[0.303s] -- Up-to-date: /home/algam/industrial_arm_ws/install/my_robot_moveit_config/share/my_robot_moveit_config/config/my_robot.ros2_control.xacro
[0.303s] -- Up-to-date: /home/algam/industrial_arm_ws/install/my_robot_moveit_config/share/my_robot_moveit_config/.setup_assistant
[0.319s] Invoked command in '/home/algam/industrial_arm_ws/build/my_robot_moveit_config' returned '0': CMAKE_PREFIX_PATH=/home/algam/industrial_arm_ws/install/my_robot_description:/home/algam/industrial_arm_ws/install/my_robot_moveit_config:/home/algam/industrial_arm_ws/install/my_robot_bringup:/home/algam/industrial_arm_ws/install/industrial_arm_moveit:/home/algam/industrial_arm_ws/install/industrial_arm_description:/opt/ros/jazzy/opt/gz_sim_vendor:/opt/ros/jazzy/opt/gz_sensors_vendor:/opt/ros/jazzy/opt/gz_physics_vendor:/opt/ros/jazzy/opt/sdformat_vendor:/opt/ros/jazzy/opt/gz_gui_vendor:/opt/ros/jazzy/opt/gz_transport_vendor:/opt/ros/jazzy/opt/gz_rendering_vendor:/opt/ros/jazzy/opt/gz_plugin_vendor:/opt/ros/jazzy/opt/gz_fuel_tools_vendor:/opt/ros/jazzy/opt/gz_msgs_vendor:/opt/ros/jazzy/opt/gz_common_vendor:/opt/ros/jazzy/opt/gz_math_vendor:/opt/ros/jazzy/opt/gz_utils_vendor:/opt/ros/jazzy/opt/gz_tools_vendor:/opt/ros/jazzy/opt/gz_ogre_next_vendor:/opt/ros/jazzy/opt/gz_dartsim_vendor:/opt/ros/jazzy/opt/gz_cmake_vendor:/opt/ros/jazzy DEBUGINFOD_URLS=https://debuginfod.ubuntu.com /usr/bin/cmake --install /home/algam/industrial_arm_ws/build/my_robot_moveit_config
