[0.016s] Invoking command in '/home/algam/industrial_arm_ws/build/industrial_arm_description': CMAKE_PREFIX_PATH=${CMAKE_PREFIX_PATH}:/home/algam/industrial_arm_ws/install/turtlesim_catch_them_all:/home/algam/industrial_arm_ws/install/my_py_pkg:/home/algam/industrial_arm_ws/install/actions_py:/opt/ros/jazzy DEBUGINFOD_URLS=https://debuginfod.ubuntu.com /usr/bin/cmake /home/algam/industrial_arm_ws/src/industrial_arm_description -DCMAKE_INSTALL_PREFIX=/home/algam/industrial_arm_ws/install/industrial_arm_description
[0.167s] -- The C compiler identification is GNU 13.3.0
[0.364s] -- The CXX compiler identification is GNU 13.3.0
[0.436s] -- Detecting C compiler ABI info
[0.762s] -- Detecting C compiler ABI info - done
[0.771s] -- Check for working C compiler: /usr/bin/cc - skipped
[0.771s] -- Detecting C compile features
[0.772s] -- Detecting C compile features - done
[0.808s] -- Detecting CXX compiler ABI info
[1.156s] -- Detecting CXX compiler ABI info - done
[1.166s] -- Check for working CXX compiler: /usr/bin/c++ - skipped
[1.167s] -- Detecting CXX compile features
[1.168s] -- Detecting CXX compile features - done
[1.174s] -- Found ament_cmake: 2.5.4 (/opt/ros/jazzy/share/ament_cmake/cmake)
[1.535s] -- Found Python3: /usr/bin/python3 (found version "3.12.3") found components: Interpreter 
[1.725s] -- Found xacro: 2.1.1 (/opt/ros/jazzy/share/xacro/cmake)
[1.728s] -- Found robot_state_publisher: 3.3.3 (/opt/ros/jazzy/share/robot_state_publisher/cmake)
[1.784s] -- Found rosidl_generator_c: 4.6.6 (/opt/ros/jazzy/share/rosidl_generator_c/cmake)
[1.800s] -- Found rosidl_generator_cpp: 4.6.6 (/opt/ros/jazzy/share/rosidl_generator_cpp/cmake)
[1.820s] -- Using all available rosidl_typesupport_c: rosidl_typesupport_fastrtps_c;rosidl_typesupport_introspection_c
[1.841s] -- Using all available rosidl_typesupport_cpp: rosidl_typesupport_fastrtps_cpp;rosidl_typesupport_introspection_cpp
[1.951s] -- Found rmw_implementation_cmake: 7.3.2 (/opt/ros/jazzy/share/rmw_implementation_cmake/cmake)
[1.955s] -- Found rmw_cyclonedds_cpp: 2.2.3 (/opt/ros/jazzy/share/rmw_cyclonedds_cpp/cmake)
[1.990s] -- Using RMW implementation 'rmw_cyclonedds_cpp' as default
[2.287s] -- Found TinyXML2 via Config file: /usr/lib/x86_64-linux-gnu/cmake/tinyxml2
[2.303s] -- Found rviz2: 14.1.17 (/opt/ros/jazzy/share/rviz2/cmake)
[2.464s] -- Configuring done (2.4s)
[2.470s] -- Generating done (0.0s)
[2.473s] -- Build files have been written to: /home/algam/industrial_arm_ws/build/industrial_arm_description
[2.498s] Invoked command in '/home/algam/industrial_arm_ws/build/industrial_arm_description' returned '0': CMAKE_PREFIX_PATH=${CMAKE_PREFIX_PATH}:/home/algam/industrial_arm_ws/install/turtlesim_catch_them_all:/home/algam/industrial_arm_ws/install/my_py_pkg:/home/algam/industrial_arm_ws/install/actions_py:/opt/ros/jazzy DEBUGINFOD_URLS=https://debuginfod.ubuntu.com /usr/bin/cmake /home/algam/industrial_arm_ws/src/industrial_arm_description -DCMAKE_INSTALL_PREFIX=/home/algam/industrial_arm_ws/install/industrial_arm_description
[2.500s] Invoking command in '/home/algam/industrial_arm_ws/build/industrial_arm_description': CMAKE_PREFIX_PATH=${CMAKE_PREFIX_PATH}:/home/algam/industrial_arm_ws/install/turtlesim_catch_them_all:/home/algam/industrial_arm_ws/install/my_py_pkg:/home/algam/industrial_arm_ws/install/actions_py:/opt/ros/jazzy DEBUGINFOD_URLS=https://debuginfod.ubuntu.com /usr/bin/cmake --build /home/algam/industrial_arm_ws/build/industrial_arm_description -- -j4 -l4
[2.680s] Invoked command in '/home/algam/industrial_arm_ws/build/industrial_arm_description' returned '0': CMAKE_PREFIX_PATH=${CMAKE_PREFIX_PATH}:/home/algam/industrial_arm_ws/install/turtlesim_catch_them_all:/home/algam/industrial_arm_ws/install/my_py_pkg:/home/algam/industrial_arm_ws/install/actions_py:/opt/ros/jazzy DEBUGINFOD_URLS=https://debuginfod.ubuntu.com /usr/bin/cmake --build /home/algam/industrial_arm_ws/build/industrial_arm_description -- -j4 -l4
[2.727s] Invoking command in '/home/algam/industrial_arm_ws/build/industrial_arm_description': CMAKE_PREFIX_PATH=${CMAKE_PREFIX_PATH}:/home/algam/industrial_arm_ws/install/turtlesim_catch_them_all:/home/algam/industrial_arm_ws/install/my_py_pkg:/home/algam/industrial_arm_ws/install/actions_py:/opt/ros/jazzy DEBUGINFOD_URLS=https://debuginfod.ubuntu.com /usr/bin/cmake --install /home/algam/industrial_arm_ws/build/industrial_arm_description
[2.756s] -- Install configuration: ""
[2.756s] -- Installing: /home/algam/industrial_arm_ws/install/industrial_arm_description/share/industrial_arm_description/launch
[2.756s] -- Installing: /home/algam/industrial_arm_ws/install/industrial_arm_description/share/industrial_arm_description/launch/display.launch.py
[2.757s] -- Installing: /home/algam/industrial_arm_ws/install/industrial_arm_description/share/industrial_arm_description/rviz
[2.757s] -- Installing: /home/algam/industrial_arm_ws/install/industrial_arm_description/share/industrial_arm_description/rviz/view_robot.rviz
[2.757s] -- Installing: /home/algam/industrial_arm_ws/install/industrial_arm_description/share/industrial_arm_description/urdf
[2.757s] -- Installing: /home/algam/industrial_arm_ws/install/industrial_arm_description/share/industrial_arm_description/urdf/transmissions.xacro
[2.757s] -- Installing: /home/algam/industrial_arm_ws/install/industrial_arm_description/share/industrial_arm_description/urdf/macros.xacro
[2.757s] -- Installing: /home/algam/industrial_arm_ws/install/industrial_arm_description/share/industrial_arm_description/urdf/materials.xacro
[2.757s] -- Installing: /home/algam/industrial_arm_ws/install/industrial_arm_description/share/industrial_arm_description/urdf/industrial_arm.xacro
[2.757s] -- Installing: /home/algam/industrial_arm_ws/install/industrial_arm_description/share/ament_index/resource_index/package_run_dependencies/industrial_arm_description
[2.757s] -- Installing: /home/algam/industrial_arm_ws/install/industrial_arm_description/share/ament_index/resource_index/parent_prefix_path/industrial_arm_description
[2.757s] -- Installing: /home/algam/industrial_arm_ws/install/industrial_arm_description/share/industrial_arm_description/environment/ament_prefix_path.sh
[2.757s] -- Installing: /home/algam/industrial_arm_ws/install/industrial_arm_description/share/industrial_arm_description/environment/ament_prefix_path.dsv
[2.757s] -- Installing: /home/algam/industrial_arm_ws/install/industrial_arm_description/share/industrial_arm_description/environment/path.sh
[2.758s] -- Installing: /home/algam/industrial_arm_ws/install/industrial_arm_description/share/industrial_arm_description/environment/path.dsv
[2.758s] -- Installing: /home/algam/industrial_arm_ws/install/industrial_arm_description/share/industrial_arm_description/local_setup.bash
[2.759s] -- Installing: /home/algam/industrial_arm_ws/install/industrial_arm_description/share/industrial_arm_description/local_setup.sh
[2.759s] -- Installing: /home/algam/industrial_arm_ws/install/industrial_arm_description/share/industrial_arm_description/local_setup.zsh
[2.759s] -- Installing: /home/algam/industrial_arm_ws/install/industrial_arm_description/share/industrial_arm_description/local_setup.dsv
[2.760s] -- Installing: /home/algam/industrial_arm_ws/install/industrial_arm_description/share/industrial_arm_description/package.dsv
[2.760s] -- Installing: /home/algam/industrial_arm_ws/install/industrial_arm_description/share/ament_index/resource_index/packages/industrial_arm_description
[2.760s] -- Installing: /home/algam/industrial_arm_ws/install/industrial_arm_description/share/industrial_arm_description/cmake/industrial_arm_descriptionConfig.cmake
[2.760s] -- Installing: /home/algam/industrial_arm_ws/install/industrial_arm_description/share/industrial_arm_description/cmake/industrial_arm_descriptionConfig-version.cmake
[2.760s] -- Installing: /home/algam/industrial_arm_ws/install/industrial_arm_description/share/industrial_arm_description/package.xml
[2.766s] Invoked command in '/home/algam/industrial_arm_ws/build/industrial_arm_description' returned '0': CMAKE_PREFIX_PATH=${CMAKE_PREFIX_PATH}:/home/algam/industrial_arm_ws/install/turtlesim_catch_them_all:/home/algam/industrial_arm_ws/install/my_py_pkg:/home/algam/industrial_arm_ws/install/actions_py:/opt/ros/jazzy DEBUGINFOD_URLS=https://debuginfod.ubuntu.com /usr/bin/cmake --install /home/algam/industrial_arm_ws/build/industrial_arm_description
